v ATLAS
# This file was created by ATLAS version 5.32.1.R on Fri Jun  6 21:48:29 2025.
#SSF 2.0 generic
##############################################################################
#                    Copyright (c) 1984 - 2021                               #
#                    Silvaco Inc. All rights reserved                        #
#                                                                            #
# This file format and the following Key are copyright Silvaco Inc.          #
# You may not use, this format or key without reproducing this message in    #
# full and obtaining express written permission from Silvaco Inc.            #
#                                                                            #
# To obtain such permission please contact: Silvaco Inc.                     #
#                                           support@silvaco.com              #
#                                                                            #
# KEY=SVC86hn7562asdx                       PROD=345                         #
##############################################################################
y 3 700 711 15
z 0.05 0.00202502 300
f 4 "gate" "gate2" "source" "drain" 
p 12 2 601 20 3 602 21 4 603 22 5 604 23 
d 0.000000000e+00 0.000000000e+00 0.000000000e+00 0.000000000e+00 0.000000000e+00 0.000000000e+00 0.000000000e+00 0.000000000e+00 2.039701933e-21 0.000000000e+00 0.000000000e+00 9.921110198e-19 
d 0.000000000e+00 0.000000000e+00 0.000000000e+00 0.000000000e+00 0.000000000e+00 0.000000000e+00 0.000000000e+00 0.000000000e+00 8.158807731e-22 0.000000000e+00 0.000000000e+00 6.298599569e-19 
d 0.000000000e+00 0.000000000e+00 0.000000000e+00 0.000000000e+00 0.000000000e+00 0.000000000e+00 0.000000000e+00 0.000000000e+00 4.946415765e-19 -2.000000000e-02 -2.000000000e-02 3.132372414e-19 
d 0.000000000e+00 0.000000000e+00 0.000000000e+00 0.000000000e+00 0.000000000e+00 0.000000000e+00 0.000000000e+00 0.000000000e+00 8.847798749e-19 -4.000000000e-02 -4.000000000e-02 6.518127446e-20 
d 0.000000000e+00 0.000000000e+00 0.000000000e+00 0.000000000e+00 0.000000000e+00 0.000000000e+00 0.000000000e+00 0.000000000e+00 1.168240764e-18 -6.000000000e-02 -6.000000000e-02 -1.175891014e-19 
d 0.000000000e+00 0.000000000e+00 0.000000000e+00 0.000000000e+00 0.000000000e+00 0.000000000e+00 0.000000000e+00 0.000000000e+00 1.415410269e-18 -8.000000000e-02 -8.000000000e-02 9.682202909e-21 
d 0.000000000e+00 0.000000000e+00 0.000000000e+00 0.000000000e+00 0.000000000e+00 0.000000000e+00 0.000000000e+00 0.000000000e+00 1.637404405e-18 -1.000000000e-01 -1.000000000e-01 -8.518907636e-19 
d 0.000000000e+00 0.000000000e+00 0.000000000e+00 0.000000000e+00 0.000000000e+00 0.000000000e+00 0.000000000e+00 0.000000000e+00 1.825091396e-18 -1.200000000e-01 -1.200000000e-01 -2.056132165e-18 
d 0.000000000e+00 0.000000000e+00 0.000000000e+00 0.000000000e+00 0.000000000e+00 0.000000000e+00 0.000000000e+00 0.000000000e+00 2.005824876e-18 -1.400000000e-01 -1.400000000e-01 -2.832851353e-18 
d 0.000000000e+00 0.000000000e+00 0.000000000e+00 0.000000000e+00 0.000000000e+00 0.000000000e+00 0.000000000e+00 0.000000000e+00 2.173903658e-18 -1.600000000e-01 -1.600000000e-01 -1.739571490e-18 
d 0.000000000e+00 0.000000000e+00 0.000000000e+00 0.000000000e+00 0.000000000e+00 0.000000000e+00 0.000000000e+00 0.000000000e+00 2.340346735e-18 -1.800000000e-01 -1.800000000e-01 -1.021596637e-18 
d 0.000000000e+00 0.000000000e+00 0.000000000e+00 0.000000000e+00 0.000000000e+00 0.000000000e+00 0.000000000e+00 0.000000000e+00 2.502912561e-18 -2.000000000e-01 -2.000000000e-01 -1.243516366e-18 
d 0.000000000e+00 0.000000000e+00 0.000000000e+00 0.000000000e+00 0.000000000e+00 0.000000000e+00 0.000000000e+00 0.000000000e+00 2.633250256e-18 -2.200000000e-01 -2.200000000e-01 -1.840741218e-18 
d 0.000000000e+00 0.000000000e+00 0.000000000e+00 0.000000000e+00 0.000000000e+00 0.000000000e+00 0.000000000e+00 0.000000000e+00 2.776437686e-18 -2.400000000e-01 -2.400000000e-01 -8.975831567e-19 
d 0.000000000e+00 0.000000000e+00 0.000000000e+00 0.000000000e+00 0.000000000e+00 0.000000000e+00 0.000000000e+00 0.000000000e+00 2.912485981e-18 -2.600000000e-01 -2.600000000e-01 -3.175522380e-18 
d 0.000000000e+00 0.000000000e+00 0.000000000e+00 0.000000000e+00 0.000000000e+00 0.000000000e+00 0.000000000e+00 0.000000000e+00 3.049554054e-18 -2.800000000e-01 -2.800000000e-01 -2.823061998e-18 
d 0.000000000e+00 0.000000000e+00 0.000000000e+00 0.000000000e+00 0.000000000e+00 0.000000000e+00 0.000000000e+00 0.000000000e+00 3.167973646e-18 -3.000000000e-01 -3.000000000e-01 -9.792883738e-19 
d 0.000000000e+00 0.000000000e+00 0.000000000e+00 0.000000000e+00 0.000000000e+00 0.000000000e+00 0.000000000e+00 0.000000000e+00 3.342294555e-18 -3.200000000e-01 -3.200000000e-01 -3.207793161e-18 
d 0.000000000e+00 0.000000000e+00 0.000000000e+00 0.000000000e+00 0.000000000e+00 0.000000000e+00 0.000000000e+00 0.000000000e+00 5.697633669e-18 -3.400000000e-01 -3.400000000e-01 -4.245076954e-18 
d 0.000000000e+00 0.000000000e+00 0.000000000e+00 0.000000000e+00 0.000000000e+00 0.000000000e+00 0.000000000e+00 0.000000000e+00 4.126275138e-17 -3.600000000e-01 -3.600000000e-01 -4.164429472e-17 
d 0.000000000e+00 0.000000000e+00 0.000000000e+00 0.000000000e+00 0.000000000e+00 0.000000000e+00 0.000000000e+00 0.000000000e+00 3.584521476e-16 -3.800000000e-01 -3.800000000e-01 -3.581098008e-16 
d 0.000000000e+00 0.000000000e+00 0.000000000e+00 0.000000000e+00 0.000000000e+00 0.000000000e+00 0.000000000e+00 0.000000000e+00 2.313517169e-15 -4.000000000e-01 -4.000000000e-01 -2.313338814e-15 
d 0.000000000e+00 0.000000000e+00 0.000000000e+00 0.000000000e+00 0.000000000e+00 0.000000000e+00 0.000000000e+00 0.000000000e+00 1.157185239e-14 -4.200000000e-01 -4.200000000e-01 -1.157226269e-14 
d 0.000000000e+00 0.000000000e+00 0.000000000e+00 0.000000000e+00 0.000000000e+00 0.000000000e+00 0.000000000e+00 0.000000000e+00 4.755059121e-14 -4.400000000e-01 -4.400000000e-01 -4.755161526e-14 
d 0.000000000e+00 0.000000000e+00 0.000000000e+00 0.000000000e+00 0.000000000e+00 0.000000000e+00 0.000000000e+00 0.000000000e+00 1.670249858e-13 -4.600000000e-01 -4.600000000e-01 -1.670253857e-13 
d 0.000000000e+00 0.000000000e+00 0.000000000e+00 0.000000000e+00 0.000000000e+00 0.000000000e+00 0.000000000e+00 0.000000000e+00 5.174816284e-13 -4.800000000e-01 -4.800000000e-01 -5.174813130e-13 
d 0.000000000e+00 0.000000000e+00 0.000000000e+00 0.000000000e+00 0.000000000e+00 0.000000000e+00 0.000000000e+00 0.000000000e+00 1.444889848e-12 -5.000000000e-01 -5.000000000e-01 -1.444890454e-12 
d 0.000000000e+00 0.000000000e+00 0.000000000e+00 0.000000000e+00 0.000000000e+00 0.000000000e+00 0.000000000e+00 0.000000000e+00 3.696688504e-12 -5.200000000e-01 -5.200000000e-01 -3.696689245e-12 
d 0.000000000e+00 0.000000000e+00 0.000000000e+00 0.000000000e+00 0.000000000e+00 0.000000000e+00 0.000000000e+00 0.000000000e+00 8.771373327e-12 -5.400000000e-01 -5.400000000e-01 -8.771373328e-12 
d 0.000000000e+00 0.000000000e+00 0.000000000e+00 0.000000000e+00 0.000000000e+00 0.000000000e+00 0.000000000e+00 0.000000000e+00 1.951335247e-11 -5.600000000e-01 -5.600000000e-01 -1.951335208e-11 
d 0.000000000e+00 0.000000000e+00 0.000000000e+00 0.000000000e+00 0.000000000e+00 0.000000000e+00 0.000000000e+00 0.000000000e+00 4.102227740e-11 -5.800000000e-01 -5.800000000e-01 -4.102227494e-11 
d 0.000000000e+00 0.000000000e+00 0.000000000e+00 0.000000000e+00 0.000000000e+00 0.000000000e+00 0.000000000e+00 0.000000000e+00 8.206516701e-11 -6.000000000e-01 -6.000000000e-01 -8.206516841e-11 
d 0.000000000e+00 0.000000000e+00 0.000000000e+00 0.000000000e+00 0.000000000e+00 0.000000000e+00 0.000000000e+00 0.000000000e+00 1.570530393e-10 -6.200000000e-01 -6.200000000e-01 -1.570530384e-10 
d 0.000000000e+00 0.000000000e+00 0.000000000e+00 0.000000000e+00 0.000000000e+00 0.000000000e+00 0.000000000e+00 0.000000000e+00 2.889291048e-10 -6.400000000e-01 -6.400000000e-01 -2.889291057e-10 
d 0.000000000e+00 0.000000000e+00 0.000000000e+00 0.000000000e+00 0.000000000e+00 0.000000000e+00 0.000000000e+00 0.000000000e+00 5.131221667e-10 -6.600000000e-01 -6.600000000e-01 -5.131221650e-10 
d 0.000000000e+00 0.000000000e+00 0.000000000e+00 0.000000000e+00 0.000000000e+00 0.000000000e+00 0.000000000e+00 0.000000000e+00 8.823094136e-10 -6.800000000e-01 -6.800000000e-01 -8.823094143e-10 
d 0.000000000e+00 0.000000000e+00 0.000000000e+00 0.000000000e+00 0.000000000e+00 0.000000000e+00 0.000000000e+00 0.000000000e+00 1.473771540e-09 -7.000000000e-01 -7.000000000e-01 -1.473771540e-09 
d 0.000000000e+00 0.000000000e+00 0.000000000e+00 0.000000000e+00 0.000000000e+00 0.000000000e+00 0.000000000e+00 0.000000000e+00 2.397176441e-09 -7.200000000e-01 -7.200000000e-01 -2.397176441e-09 
d 0.000000000e+00 0.000000000e+00 0.000000000e+00 0.000000000e+00 0.000000000e+00 0.000000000e+00 0.000000000e+00 0.000000000e+00 3.805992825e-09 -7.400000000e-01 -7.400000000e-01 -3.805992823e-09 
d 0.000000000e+00 0.000000000e+00 0.000000000e+00 0.000000000e+00 0.000000000e+00 0.000000000e+00 0.000000000e+00 0.000000000e+00 5.909731037e-09 -7.600000000e-01 -7.600000000e-01 -5.909731038e-09 
d 0.000000000e+00 0.000000000e+00 0.000000000e+00 0.000000000e+00 0.000000000e+00 0.000000000e+00 0.000000000e+00 0.000000000e+00 8.989380240e-09 -7.800000000e-01 -7.800000000e-01 -8.989380239e-09 
d 0.000000000e+00 0.000000000e+00 0.000000000e+00 0.000000000e+00 0.000000000e+00 0.000000000e+00 0.000000000e+00 0.000000000e+00 1.341819894e-08 -8.000000000e-01 -8.000000000e-01 -1.341819894e-08 
d 0.000000000e+00 0.000000000e+00 0.000000000e+00 0.000000000e+00 0.000000000e+00 0.000000000e+00 0.000000000e+00 0.000000000e+00 1.968061570e-08 -8.200000000e-01 -8.200000000e-01 -1.968061570e-08 
d 0.000000000e+00 0.000000000e+00 0.000000000e+00 0.000000000e+00 0.000000000e+00 0.000000000e+00 0.000000000e+00 0.000000000e+00 2.839917318e-08 -8.400000000e-01 -8.400000000e-01 -2.839917318e-08 
d 0.000000000e+00 0.000000000e+00 0.000000000e+00 0.000000000e+00 0.000000000e+00 0.000000000e+00 0.000000000e+00 0.000000000e+00 4.036553733e-08 -8.600000000e-01 -8.600000000e-01 -4.036553734e-08 
d 0.000000000e+00 0.000000000e+00 0.000000000e+00 0.000000000e+00 0.000000000e+00 0.000000000e+00 0.000000000e+00 0.000000000e+00 5.656688089e-08 -8.800000000e-01 -8.800000000e-01 -5.656688089e-08 
d 0.000000000e+00 0.000000000e+00 0.000000000e+00 0.000000000e+00 0.000000000e+00 0.000000000e+00 0.000000000e+00 0.000000000e+00 7.823783177e-08 -9.000000000e-01 -9.000000000e-01 -7.823783177e-08 
d 0.000000000e+00 0.000000000e+00 0.000000000e+00 0.000000000e+00 0.000000000e+00 0.000000000e+00 0.000000000e+00 0.000000000e+00 1.068756405e-07 -9.200000000e-01 -9.200000000e-01 -1.068756405e-07 
d 0.000000000e+00 0.000000000e+00 0.000000000e+00 0.000000000e+00 0.000000000e+00 0.000000000e+00 0.000000000e+00 0.000000000e+00 1.443151036e-07 -9.400000000e-01 -9.400000000e-01 -1.443151036e-07 
d 0.000000000e+00 0.000000000e+00 0.000000000e+00 0.000000000e+00 0.000000000e+00 0.000000000e+00 0.000000000e+00 0.000000000e+00 1.927539329e-07 -9.600000000e-01 -9.600000000e-01 -1.927539329e-07 
d 0.000000000e+00 0.000000000e+00 0.000000000e+00 0.000000000e+00 0.000000000e+00 0.000000000e+00 0.000000000e+00 0.000000000e+00 2.548452301e-07 -9.800000000e-01 -9.800000000e-01 -2.548452301e-07 
d 0.000000000e+00 0.000000000e+00 0.000000000e+00 0.000000000e+00 0.000000000e+00 0.000000000e+00 0.000000000e+00 0.000000000e+00 3.336902423e-07 -1.000000000e+00 -1.000000000e+00 -3.336902423e-07 
d 0.000000000e+00 0.000000000e+00 0.000000000e+00 0.000000000e+00 0.000000000e+00 0.000000000e+00 0.000000000e+00 0.000000000e+00 4.329944651e-07 -1.020000000e+00 -1.020000000e+00 -4.329944651e-07 
d 0.000000000e+00 0.000000000e+00 0.000000000e+00 0.000000000e+00 0.000000000e+00 0.000000000e+00 0.000000000e+00 0.000000000e+00 5.569941631e-07 -1.040000000e+00 -1.040000000e+00 -5.569941631e-07 
d 0.000000000e+00 0.000000000e+00 0.000000000e+00 0.000000000e+00 0.000000000e+00 0.000000000e+00 0.000000000e+00 0.000000000e+00 7.106950533e-07 -1.060000000e+00 -1.060000000e+00 -7.106950533e-07 
d 0.000000000e+00 0.000000000e+00 0.000000000e+00 0.000000000e+00 0.000000000e+00 0.000000000e+00 0.000000000e+00 0.000000000e+00 8.998636080e-07 -1.080000000e+00 -1.080000000e+00 -8.998636080e-07 
d 0.000000000e+00 0.000000000e+00 0.000000000e+00 0.000000000e+00 0.000000000e+00 0.000000000e+00 0.000000000e+00 0.000000000e+00 1.131092078e-06 -1.100000000e+00 -1.100000000e+00 -1.131092078e-06 
d 0.000000000e+00 0.000000000e+00 0.000000000e+00 0.000000000e+00 0.000000000e+00 0.000000000e+00 0.000000000e+00 0.000000000e+00 1.411875278e-06 -1.120000000e+00 -1.120000000e+00 -1.411875278e-06 
d 0.000000000e+00 0.000000000e+00 0.000000000e+00 0.000000000e+00 0.000000000e+00 0.000000000e+00 0.000000000e+00 0.000000000e+00 1.750746130e-06 -1.140000000e+00 -1.140000000e+00 -1.750746130e-06 
d 0.000000000e+00 0.000000000e+00 0.000000000e+00 0.000000000e+00 0.000000000e+00 0.000000000e+00 0.000000000e+00 0.000000000e+00 2.157459485e-06 -1.160000000e+00 -1.160000000e+00 -2.157459485e-06 
d 0.000000000e+00 0.000000000e+00 0.000000000e+00 0.000000000e+00 0.000000000e+00 0.000000000e+00 0.000000000e+00 0.000000000e+00 2.642654942e-06 -1.180000000e+00 -1.180000000e+00 -2.642654942e-06 
d 0.000000000e+00 0.000000000e+00 0.000000000e+00 0.000000000e+00 0.000000000e+00 0.000000000e+00 0.000000000e+00 0.000000000e+00 3.218570372e-06 -1.200000000e+00 -1.200000000e+00 -3.218570372e-06 
d 0.000000000e+00 0.000000000e+00 0.000000000e+00 0.000000000e+00 0.000000000e+00 0.000000000e+00 0.000000000e+00 0.000000000e+00 3.898866834e-06 -1.220000000e+00 -1.220000000e+00 -3.898866834e-06 
d 0.000000000e+00 0.000000000e+00 0.000000000e+00 0.000000000e+00 0.000000000e+00 0.000000000e+00 0.000000000e+00 0.000000000e+00 4.698370149e-06 -1.240000000e+00 -1.240000000e+00 -4.698370149e-06 
d 0.000000000e+00 0.000000000e+00 0.000000000e+00 0.000000000e+00 0.000000000e+00 0.000000000e+00 0.000000000e+00 0.000000000e+00 5.633819008e-06 -1.260000000e+00 -1.260000000e+00 -5.633819008e-06 
d 0.000000000e+00 0.000000000e+00 0.000000000e+00 0.000000000e+00 0.000000000e+00 0.000000000e+00 0.000000000e+00 0.000000000e+00 6.723301181e-06 -1.280000000e+00 -1.280000000e+00 -6.723301181e-06 
d 0.000000000e+00 0.000000000e+00 0.000000000e+00 0.000000000e+00 0.000000000e+00 0.000000000e+00 0.000000000e+00 0.000000000e+00 7.987246863e-06 -1.300000000e+00 -1.300000000e+00 -7.987246863e-06 
d 0.000000000e+00 0.000000000e+00 0.000000000e+00 0.000000000e+00 0.000000000e+00 0.000000000e+00 0.000000000e+00 0.000000000e+00 9.447058114e-06 -1.320000000e+00 -1.320000000e+00 -9.447058114e-06 
d 0.000000000e+00 0.000000000e+00 0.000000000e+00 0.000000000e+00 0.000000000e+00 0.000000000e+00 0.000000000e+00 0.000000000e+00 1.112773363e-05 -1.340000000e+00 -1.340000000e+00 -1.112773363e-05 
d 0.000000000e+00 0.000000000e+00 0.000000000e+00 0.000000000e+00 0.000000000e+00 0.000000000e+00 0.000000000e+00 0.000000000e+00 1.305482726e-05 -1.360000000e+00 -1.360000000e+00 -1.305482726e-05 
d 0.000000000e+00 0.000000000e+00 0.000000000e+00 0.000000000e+00 0.000000000e+00 0.000000000e+00 0.000000000e+00 0.000000000e+00 1.525725089e-05 -1.380000000e+00 -1.380000000e+00 -1.525725089e-05 
d 0.000000000e+00 0.000000000e+00 0.000000000e+00 0.000000000e+00 0.000000000e+00 0.000000000e+00 0.000000000e+00 0.000000000e+00 1.776528510e-05 -1.400000000e+00 -1.400000000e+00 -1.776528510e-05 
d 0.000000000e+00 0.000000000e+00 0.000000000e+00 0.000000000e+00 0.000000000e+00 0.000000000e+00 0.000000000e+00 0.000000000e+00 2.061131365e-05 -1.420000000e+00 -1.420000000e+00 -2.061131365e-05 
d 0.000000000e+00 0.000000000e+00 0.000000000e+00 0.000000000e+00 0.000000000e+00 0.000000000e+00 0.000000000e+00 0.000000000e+00 2.383216154e-05 -1.440000000e+00 -1.440000000e+00 -2.383216154e-05 
d 0.000000000e+00 0.000000000e+00 0.000000000e+00 0.000000000e+00 0.000000000e+00 0.000000000e+00 0.000000000e+00 0.000000000e+00 2.746531085e-05 -1.460000000e+00 -1.460000000e+00 -2.746531085e-05 
d 0.000000000e+00 0.000000000e+00 0.000000000e+00 0.000000000e+00 0.000000000e+00 0.000000000e+00 0.000000000e+00 0.000000000e+00 3.155330294e-05 -1.480000000e+00 -1.480000000e+00 -3.155330294e-05 
d 0.000000000e+00 0.000000000e+00 0.000000000e+00 0.000000000e+00 0.000000000e+00 0.000000000e+00 0.000000000e+00 0.000000000e+00 3.613848074e-05 -1.500000000e+00 -1.500000000e+00 -3.613848074e-05 
d 0.000000000e+00 0.000000000e+00 0.000000000e+00 0.000000000e+00 0.000000000e+00 0.000000000e+00 0.000000000e+00 0.000000000e+00 4.126848863e-05 -1.520000000e+00 -1.520000000e+00 -4.126848863e-05 
d 0.000000000e+00 0.000000000e+00 0.000000000e+00 0.000000000e+00 0.000000000e+00 0.000000000e+00 0.000000000e+00 0.000000000e+00 4.699285289e-05 -1.540000000e+00 -1.540000000e+00 -4.699285289e-05 
d 0.000000000e+00 0.000000000e+00 0.000000000e+00 0.000000000e+00 0.000000000e+00 0.000000000e+00 0.000000000e+00 0.000000000e+00 5.336564279e-05 -1.560000000e+00 -1.560000000e+00 -5.336564279e-05 
d 0.000000000e+00 0.000000000e+00 0.000000000e+00 0.000000000e+00 0.000000000e+00 0.000000000e+00 0.000000000e+00 0.000000000e+00 6.044225704e-05 -1.580000000e+00 -1.580000000e+00 -6.044225704e-05 
d 0.000000000e+00 0.000000000e+00 0.000000000e+00 0.000000000e+00 0.000000000e+00 0.000000000e+00 0.000000000e+00 0.000000000e+00 6.828348876e-05 -1.600000000e+00 -1.600000000e+00 -6.828348876e-05 
d 0.000000000e+00 0.000000000e+00 0.000000000e+00 0.000000000e+00 0.000000000e+00 0.000000000e+00 0.000000000e+00 0.000000000e+00 7.694957532e-05 -1.620000000e+00 -1.620000000e+00 -7.694957532e-05 
d 0.000000000e+00 0.000000000e+00 0.000000000e+00 0.000000000e+00 0.000000000e+00 0.000000000e+00 0.000000000e+00 0.000000000e+00 8.651084444e-05 -1.640000000e+00 -1.640000000e+00 -8.651084444e-05 
d 0.000000000e+00 0.000000000e+00 0.000000000e+00 0.000000000e+00 0.000000000e+00 0.000000000e+00 0.000000000e+00 0.000000000e+00 9.703428470e-05 -1.660000000e+00 -1.660000000e+00 -9.703428470e-05 
d 0.000000000e+00 0.000000000e+00 0.000000000e+00 0.000000000e+00 0.000000000e+00 0.000000000e+00 0.000000000e+00 0.000000000e+00 1.085982848e-04 -1.680000000e+00 -1.680000000e+00 -1.085982848e-04 
d 0.000000000e+00 0.000000000e+00 0.000000000e+00 0.000000000e+00 0.000000000e+00 0.000000000e+00 0.000000000e+00 0.000000000e+00 1.212722904e-04 -1.700000000e+00 -1.700000000e+00 -1.212722904e-04 
d 0.000000000e+00 0.000000000e+00 0.000000000e+00 0.000000000e+00 0.000000000e+00 0.000000000e+00 0.000000000e+00 0.000000000e+00 1.351462934e-04 -1.720000000e+00 -1.720000000e+00 -1.351462934e-04 
d 0.000000000e+00 0.000000000e+00 0.000000000e+00 0.000000000e+00 0.000000000e+00 0.000000000e+00 0.000000000e+00 0.000000000e+00 1.503016289e-04 -1.740000000e+00 -1.740000000e+00 -1.503016289e-04 
d 0.000000000e+00 0.000000000e+00 0.000000000e+00 0.000000000e+00 0.000000000e+00 0.000000000e+00 0.000000000e+00 0.000000000e+00 1.668257674e-04 -1.760000000e+00 -1.760000000e+00 -1.668257674e-04 
d 0.000000000e+00 0.000000000e+00 0.000000000e+00 0.000000000e+00 0.000000000e+00 0.000000000e+00 0.000000000e+00 0.000000000e+00 1.848160156e-04 -1.780000000e+00 -1.780000000e+00 -1.848160156e-04 
d 0.000000000e+00 0.000000000e+00 0.000000000e+00 0.000000000e+00 0.000000000e+00 0.000000000e+00 0.000000000e+00 0.000000000e+00 2.043654328e-04 -1.800000000e+00 -1.800000000e+00 -2.043654328e-04 
d 0.000000000e+00 0.000000000e+00 0.000000000e+00 0.000000000e+00 0.000000000e+00 0.000000000e+00 0.000000000e+00 0.000000000e+00 2.255792944e-04 -1.820000000e+00 -1.820000000e+00 -2.255792944e-04 
d 0.000000000e+00 0.000000000e+00 0.000000000e+00 0.000000000e+00 0.000000000e+00 0.000000000e+00 0.000000000e+00 0.000000000e+00 2.485641566e-04 -1.840000000e+00 -1.840000000e+00 -2.485641566e-04 
d 0.000000000e+00 0.000000000e+00 0.000000000e+00 0.000000000e+00 0.000000000e+00 0.000000000e+00 0.000000000e+00 0.000000000e+00 2.734229767e-04 -1.860000000e+00 -1.860000000e+00 -2.734229767e-04 
d 0.000000000e+00 0.000000000e+00 0.000000000e+00 0.000000000e+00 0.000000000e+00 0.000000000e+00 0.000000000e+00 0.000000000e+00 3.002864350e-04 -1.880000000e+00 -1.880000000e+00 -3.002864350e-04 
d 0.000000000e+00 0.000000000e+00 0.000000000e+00 0.000000000e+00 0.000000000e+00 0.000000000e+00 0.000000000e+00 0.000000000e+00 3.292435685e-04 -1.900000000e+00 -1.900000000e+00 -3.292435685e-04 
d 0.000000000e+00 0.000000000e+00 0.000000000e+00 0.000000000e+00 0.000000000e+00 0.000000000e+00 0.000000000e+00 0.000000000e+00 3.604522665e-04 -1.920000000e+00 -1.920000000e+00 -3.604522665e-04 
d 0.000000000e+00 0.000000000e+00 0.000000000e+00 0.000000000e+00 0.000000000e+00 0.000000000e+00 0.000000000e+00 0.000000000e+00 3.940134166e-04 -1.940000000e+00 -1.940000000e+00 -3.940134166e-04 
d 0.000000000e+00 0.000000000e+00 0.000000000e+00 0.000000000e+00 0.000000000e+00 0.000000000e+00 0.000000000e+00 0.000000000e+00 4.300785819e-04 -1.960000000e+00 -1.960000000e+00 -4.300785819e-04 
d 0.000000000e+00 0.000000000e+00 0.000000000e+00 0.000000000e+00 0.000000000e+00 0.000000000e+00 0.000000000e+00 0.000000000e+00 4.687699658e-04 -1.980000000e+00 -1.980000000e+00 -4.687699658e-04 
d 0.000000000e+00 0.000000000e+00 0.000000000e+00 0.000000000e+00 0.000000000e+00 0.000000000e+00 0.000000000e+00 0.000000000e+00 5.102320769e-04 -2.000000000e+00 -2.000000000e+00 -5.102320769e-04 
d 0.000000000e+00 0.000000000e+00 0.000000000e+00 0.000000000e+00 0.000000000e+00 0.000000000e+00 0.000000000e+00 0.000000000e+00 5.546166345e-04 -2.020000000e+00 -2.020000000e+00 -5.546166344e-04 
d 0.000000000e+00 0.000000000e+00 0.000000000e+00 0.000000000e+00 0.000000000e+00 0.000000000e+00 0.000000000e+00 0.000000000e+00 6.020802966e-04 -2.040000000e+00 -2.040000000e+00 -6.020802966e-04 
d 0.000000000e+00 0.000000000e+00 0.000000000e+00 0.000000000e+00 0.000000000e+00 0.000000000e+00 0.000000000e+00 0.000000000e+00 6.527597872e-04 -2.060000000e+00 -2.060000000e+00 -6.527597872e-04 
d 0.000000000e+00 0.000000000e+00 0.000000000e+00 0.000000000e+00 0.000000000e+00 0.000000000e+00 0.000000000e+00 0.000000000e+00 7.068244985e-04 -2.080000000e+00 -2.080000000e+00 -7.068244984e-04 
d 0.000000000e+00 0.000000000e+00 0.000000000e+00 0.000000000e+00 0.000000000e+00 0.000000000e+00 0.000000000e+00 0.000000000e+00 7.644400386e-04 -2.100000000e+00 -2.100000000e+00 -7.644400386e-04 
d 0.000000000e+00 0.000000000e+00 0.000000000e+00 0.000000000e+00 0.000000000e+00 0.000000000e+00 0.000000000e+00 0.000000000e+00 8.257819492e-04 -2.120000000e+00 -2.120000000e+00 -8.257819492e-04 
d 0.000000000e+00 0.000000000e+00 0.000000000e+00 0.000000000e+00 0.000000000e+00 0.000000000e+00 0.000000000e+00 0.000000000e+00 8.910068341e-04 -2.140000000e+00 -2.140000000e+00 -8.910068340e-04 
d 0.000000000e+00 0.000000000e+00 0.000000000e+00 0.000000000e+00 0.000000000e+00 0.000000000e+00 0.000000000e+00 0.000000000e+00 9.603140443e-04 -2.160000000e+00 -2.160000000e+00 -9.603140442e-04 
d 0.000000000e+00 0.000000000e+00 0.000000000e+00 0.000000000e+00 0.000000000e+00 0.000000000e+00 0.000000000e+00 0.000000000e+00 1.033866926e-03 -2.180000000e+00 -2.180000000e+00 -1.033866926e-03 
d 0.000000000e+00 0.000000000e+00 0.000000000e+00 0.000000000e+00 0.000000000e+00 0.000000000e+00 0.000000000e+00 0.000000000e+00 1.111868174e-03 -2.200000000e+00 -2.200000000e+00 -1.111868174e-03 
d 0.000000000e+00 0.000000000e+00 0.000000000e+00 0.000000000e+00 0.000000000e+00 0.000000000e+00 0.000000000e+00 0.000000000e+00 1.194480906e-03 -2.220000000e+00 -2.220000000e+00 -1.194480906e-03 
d 0.000000000e+00 0.000000000e+00 0.000000000e+00 0.000000000e+00 0.000000000e+00 0.000000000e+00 0.000000000e+00 0.000000000e+00 1.281927939e-03 -2.240000000e+00 -2.240000000e+00 -1.281927939e-03 
d 0.000000000e+00 0.000000000e+00 0.000000000e+00 0.000000000e+00 0.000000000e+00 0.000000000e+00 0.000000000e+00 0.000000000e+00 1.374431557e-03 -2.260000000e+00 -2.260000000e+00 -1.374431557e-03 
d 0.000000000e+00 0.000000000e+00 0.000000000e+00 0.000000000e+00 0.000000000e+00 0.000000000e+00 0.000000000e+00 0.000000000e+00 1.472133773e-03 -2.280000000e+00 -2.280000000e+00 -1.472133773e-03 
d 0.000000000e+00 0.000000000e+00 0.000000000e+00 0.000000000e+00 0.000000000e+00 0.000000000e+00 0.000000000e+00 0.000000000e+00 1.575278629e-03 -2.300000000e+00 -2.300000000e+00 -1.575278629e-03 
d 0.000000000e+00 0.000000000e+00 0.000000000e+00 0.000000000e+00 0.000000000e+00 0.000000000e+00 0.000000000e+00 0.000000000e+00 1.684090619e-03 -2.320000000e+00 -2.320000000e+00 -1.684090619e-03 
d 0.000000000e+00 0.000000000e+00 0.000000000e+00 0.000000000e+00 0.000000000e+00 0.000000000e+00 0.000000000e+00 0.000000000e+00 1.798741854e-03 -2.340000000e+00 -2.340000000e+00 -1.798741854e-03 
d 0.000000000e+00 0.000000000e+00 0.000000000e+00 0.000000000e+00 0.000000000e+00 0.000000000e+00 0.000000000e+00 0.000000000e+00 1.919473289e-03 -2.360000000e+00 -2.360000000e+00 -1.919473288e-03 
d 0.000000000e+00 0.000000000e+00 0.000000000e+00 0.000000000e+00 0.000000000e+00 0.000000000e+00 0.000000000e+00 0.000000000e+00 2.046531853e-03 -2.380000000e+00 -2.380000000e+00 -2.046531853e-03 
d 0.000000000e+00 0.000000000e+00 0.000000000e+00 0.000000000e+00 0.000000000e+00 0.000000000e+00 0.000000000e+00 0.000000000e+00 2.180064558e-03 -2.400000000e+00 -2.400000000e+00 -2.180064558e-03 
d 0.000000000e+00 0.000000000e+00 0.000000000e+00 0.000000000e+00 0.000000000e+00 0.000000000e+00 0.000000000e+00 0.000000000e+00 2.320403211e-03 -2.420000000e+00 -2.420000000e+00 -2.320403211e-03 
d 0.000000000e+00 0.000000000e+00 0.000000000e+00 0.000000000e+00 0.000000000e+00 0.000000000e+00 0.000000000e+00 0.000000000e+00 2.467706065e-03 -2.440000000e+00 -2.440000000e+00 -2.467706065e-03 
d 0.000000000e+00 0.000000000e+00 0.000000000e+00 0.000000000e+00 0.000000000e+00 0.000000000e+00 0.000000000e+00 0.000000000e+00 2.622253060e-03 -2.460000000e+00 -2.460000000e+00 -2.622253059e-03 
d 0.000000000e+00 0.000000000e+00 0.000000000e+00 0.000000000e+00 0.000000000e+00 0.000000000e+00 0.000000000e+00 0.000000000e+00 2.784159375e-03 -2.480000000e+00 -2.480000000e+00 -2.784159375e-03 
d 0.000000000e+00 0.000000000e+00 0.000000000e+00 0.000000000e+00 0.000000000e+00 0.000000000e+00 0.000000000e+00 0.000000000e+00 2.953838131e-03 -2.500000000e+00 -2.500000000e+00 -2.953838131e-03 
d 0.000000000e+00 0.000000000e+00 0.000000000e+00 0.000000000e+00 0.000000000e+00 0.000000000e+00 0.000000000e+00 0.000000000e+00 3.131396789e-03 -2.520000000e+00 -2.520000000e+00 -3.131396789e-03 
d 0.000000000e+00 0.000000000e+00 0.000000000e+00 0.000000000e+00 0.000000000e+00 0.000000000e+00 0.000000000e+00 0.000000000e+00 3.317154010e-03 -2.540000000e+00 -2.540000000e+00 -3.317154010e-03 
d 0.000000000e+00 0.000000000e+00 0.000000000e+00 0.000000000e+00 0.000000000e+00 0.000000000e+00 0.000000000e+00 0.000000000e+00 3.511351971e-03 -2.560000000e+00 -2.560000000e+00 -3.511351971e-03 
d 0.000000000e+00 0.000000000e+00 0.000000000e+00 0.000000000e+00 0.000000000e+00 0.000000000e+00 0.000000000e+00 0.000000000e+00 3.714160076e-03 -2.580000000e+00 -2.580000000e+00 -3.714160075e-03 
d 0.000000000e+00 0.000000000e+00 0.000000000e+00 0.000000000e+00 0.000000000e+00 0.000000000e+00 0.000000000e+00 0.000000000e+00 3.925818308e-03 -2.600000000e+00 -2.600000000e+00 -3.925818307e-03 
d 0.000000000e+00 0.000000000e+00 0.000000000e+00 0.000000000e+00 0.000000000e+00 0.000000000e+00 0.000000000e+00 0.000000000e+00 4.146761579e-03 -2.620000000e+00 -2.620000000e+00 -4.146761578e-03 
d 0.000000000e+00 0.000000000e+00 0.000000000e+00 0.000000000e+00 0.000000000e+00 0.000000000e+00 0.000000000e+00 0.000000000e+00 4.376980632e-03 -2.640000000e+00 -2.640000000e+00 -4.376980631e-03 
d 0.000000000e+00 0.000000000e+00 0.000000000e+00 0.000000000e+00 0.000000000e+00 0.000000000e+00 0.000000000e+00 0.000000000e+00 4.616976091e-03 -2.660000000e+00 -2.660000000e+00 -4.616976090e-03 
d 0.000000000e+00 0.000000000e+00 0.000000000e+00 0.000000000e+00 0.000000000e+00 0.000000000e+00 0.000000000e+00 0.000000000e+00 4.866733748e-03 -2.680000000e+00 -2.680000000e+00 -4.866733748e-03 
d 0.000000000e+00 0.000000000e+00 0.000000000e+00 0.000000000e+00 0.000000000e+00 0.000000000e+00 0.000000000e+00 0.000000000e+00 5.126695998e-03 -2.700000000e+00 -2.700000000e+00 -5.126695997e-03 
d 0.000000000e+00 0.000000000e+00 0.000000000e+00 0.000000000e+00 0.000000000e+00 0.000000000e+00 0.000000000e+00 0.000000000e+00 5.397019048e-03 -2.720000000e+00 -2.720000000e+00 -5.397019047e-03 
d 0.000000000e+00 0.000000000e+00 0.000000000e+00 0.000000000e+00 0.000000000e+00 0.000000000e+00 0.000000000e+00 0.000000000e+00 5.678113909e-03 -2.740000000e+00 -2.740000000e+00 -5.678113908e-03 
d 0.000000000e+00 0.000000000e+00 0.000000000e+00 0.000000000e+00 0.000000000e+00 0.000000000e+00 0.000000000e+00 0.000000000e+00 5.970035493e-03 -2.760000000e+00 -2.760000000e+00 -5.970035492e-03 
d 0.000000000e+00 0.000000000e+00 0.000000000e+00 0.000000000e+00 0.000000000e+00 0.000000000e+00 0.000000000e+00 0.000000000e+00 6.272946342e-03 -2.780000000e+00 -2.780000000e+00 -6.272946341e-03 
d 0.000000000e+00 0.000000000e+00 0.000000000e+00 0.000000000e+00 0.000000000e+00 0.000000000e+00 0.000000000e+00 0.000000000e+00 6.587482425e-03 -2.800000000e+00 -2.800000000e+00 -6.587482424e-03 
d 0.000000000e+00 0.000000000e+00 0.000000000e+00 0.000000000e+00 0.000000000e+00 0.000000000e+00 0.000000000e+00 0.000000000e+00 6.913454099e-03 -2.820000000e+00 -2.820000000e+00 -6.913454098e-03 
d 0.000000000e+00 0.000000000e+00 0.000000000e+00 0.000000000e+00 0.000000000e+00 0.000000000e+00 0.000000000e+00 0.000000000e+00 7.251351084e-03 -2.840000000e+00 -2.840000000e+00 -7.251351082e-03 
d 0.000000000e+00 0.000000000e+00 0.000000000e+00 0.000000000e+00 0.000000000e+00 0.000000000e+00 0.000000000e+00 0.000000000e+00 7.601276019e-03 -2.860000000e+00 -2.860000000e+00 -7.601276017e-03 
d 0.000000000e+00 0.000000000e+00 0.000000000e+00 0.000000000e+00 0.000000000e+00 0.000000000e+00 0.000000000e+00 0.000000000e+00 7.963671462e-03 -2.880000000e+00 -2.880000000e+00 -7.963671460e-03 
d 0.000000000e+00 0.000000000e+00 0.000000000e+00 0.000000000e+00 0.000000000e+00 0.000000000e+00 0.000000000e+00 0.000000000e+00 8.338510593e-03 -2.900000000e+00 -2.900000000e+00 -8.338510591e-03 
d 0.000000000e+00 0.000000000e+00 0.000000000e+00 0.000000000e+00 0.000000000e+00 0.000000000e+00 0.000000000e+00 0.000000000e+00 8.726157516e-03 -2.920000000e+00 -2.920000000e+00 -8.726157514e-03 
d 0.000000000e+00 0.000000000e+00 0.000000000e+00 0.000000000e+00 0.000000000e+00 0.000000000e+00 0.000000000e+00 0.000000000e+00 9.126786299e-03 -2.940000000e+00 -2.940000000e+00 -9.126786297e-03 
d 0.000000000e+00 0.000000000e+00 0.000000000e+00 0.000000000e+00 0.000000000e+00 0.000000000e+00 0.000000000e+00 0.000000000e+00 9.540734037e-03 -2.960000000e+00 -2.960000000e+00 -9.540734034e-03 
d 0.000000000e+00 0.000000000e+00 0.000000000e+00 0.000000000e+00 0.000000000e+00 0.000000000e+00 0.000000000e+00 0.000000000e+00 9.968197209e-03 -2.980000000e+00 -2.980000000e+00 -9.968197207e-03 
d 0.000000000e+00 0.000000000e+00 0.000000000e+00 0.000000000e+00 0.000000000e+00 0.000000000e+00 0.000000000e+00 0.000000000e+00 1.040908398e-02 -3.000000000e+00 -3.000000000e+00 -1.040908398e-02 
d 0.000000000e+00 0.000000000e+00 0.000000000e+00 0.000000000e+00 0.000000000e+00 0.000000000e+00 0.000000000e+00 0.000000000e+00 1.040908927e-02 -3.000000000e+00 -3.000000000e+00 -1.040908927e-02 
d 0.000000000e+00 0.000000000e+00 0.000000000e+00 0.000000000e+00 0.000000000e+00 0.000000000e+00 0.000000000e+00 0.000000000e+00 1.282570098e-02 -3.100000000e+00 -3.100000000e+00 -1.282570098e-02 
d 0.000000000e+00 0.000000000e+00 0.000000000e+00 0.000000000e+00 0.000000000e+00 0.000000000e+00 0.000000000e+00 0.000000000e+00 1.561183779e-02 -3.200000000e+00 -3.200000000e+00 -1.561183779e-02 
d 0.000000000e+00 0.000000000e+00 0.000000000e+00 0.000000000e+00 0.000000000e+00 0.000000000e+00 0.000000000e+00 0.000000000e+00 1.878828347e-02 -3.300000000e+00 -3.300000000e+00 -1.878828347e-02 
d 0.000000000e+00 0.000000000e+00 0.000000000e+00 0.000000000e+00 0.000000000e+00 0.000000000e+00 0.000000000e+00 0.000000000e+00 2.237239414e-02 -3.400000000e+00 -3.400000000e+00 -2.237239414e-02 
d 0.000000000e+00 0.000000000e+00 0.000000000e+00 0.000000000e+00 0.000000000e+00 0.000000000e+00 0.000000000e+00 0.000000000e+00 2.637869755e-02 -3.500000000e+00 -3.500000000e+00 -2.637869755e-02 
d 0.000000000e+00 0.000000000e+00 0.000000000e+00 0.000000000e+00 0.000000000e+00 0.000000000e+00 0.000000000e+00 0.000000000e+00 3.081768534e-02 -3.600000000e+00 -3.600000000e+00 -3.081768522e-02 
d 0.000000000e+00 0.000000000e+00 0.000000000e+00 0.000000000e+00 0.000000000e+00 0.000000000e+00 0.000000000e+00 0.000000000e+00 3.569815091e-02 -3.700000000e+00 -3.700000000e+00 -3.569815074e-02 
d 0.000000000e+00 0.000000000e+00 0.000000000e+00 0.000000000e+00 0.000000000e+00 0.000000000e+00 0.000000000e+00 0.000000000e+00 4.102502951e-02 -3.800000000e+00 -3.800000000e+00 -4.102502951e-02 
d 0.000000000e+00 0.000000000e+00 0.000000000e+00 0.000000000e+00 0.000000000e+00 0.000000000e+00 0.000000000e+00 0.000000000e+00 4.680189040e-02 -3.900000000e+00 -3.900000000e+00 -4.680189039e-02 
d 0.000000000e+00 0.000000000e+00 0.000000000e+00 0.000000000e+00 0.000000000e+00 0.000000000e+00 0.000000000e+00 0.000000000e+00 5.303007553e-02 -4.000000000e+00 -4.000000000e+00 -5.303007551e-02 
d 0.000000000e+00 0.000000000e+00 0.000000000e+00 0.000000000e+00 0.000000000e+00 0.000000000e+00 0.000000000e+00 0.000000000e+00 5.970749866e-02 -4.100000000e+00 -4.100000000e+00 -5.970749863e-02 
d 0.000000000e+00 0.000000000e+00 0.000000000e+00 0.000000000e+00 0.000000000e+00 0.000000000e+00 0.000000000e+00 0.000000000e+00 6.683058058e-02 -4.200000000e+00 -4.200000000e+00 -6.683058054e-02 
d 0.000000000e+00 0.000000000e+00 0.000000000e+00 0.000000000e+00 0.000000000e+00 0.000000000e+00 0.000000000e+00 0.000000000e+00 7.439558235e-02 -4.300000000e+00 -4.300000000e+00 -7.439558229e-02 
d 0.000000000e+00 0.000000000e+00 0.000000000e+00 0.000000000e+00 0.000000000e+00 0.000000000e+00 0.000000000e+00 0.000000000e+00 8.239647923e-02 -4.400000000e+00 -4.400000000e+00 -8.239647914e-02 
d 0.000000000e+00 0.000000000e+00 0.000000000e+00 0.000000000e+00 0.000000000e+00 0.000000000e+00 0.000000000e+00 0.000000000e+00 9.082742057e-02 -4.500000000e+00 -4.500000000e+00 -9.082742045e-02 
d 0.000000000e+00 0.000000000e+00 0.000000000e+00 0.000000000e+00 0.000000000e+00 0.000000000e+00 0.000000000e+00 0.000000000e+00 9.968162863e-02 -4.600000000e+00 -4.600000000e+00 -9.968162848e-02 
d 0.000000000e+00 0.000000000e+00 0.000000000e+00 0.000000000e+00 0.000000000e+00 0.000000000e+00 0.000000000e+00 0.000000000e+00 1.089524081e-01 -4.700000000e+00 -4.700000000e+00 -1.089524079e-01 
d 0.000000000e+00 0.000000000e+00 0.000000000e+00 0.000000000e+00 0.000000000e+00 0.000000000e+00 0.000000000e+00 0.000000000e+00 1.186326179e-01 -4.800000000e+00 -4.800000000e+00 -1.186326179e-01 
d 0.000000000e+00 0.000000000e+00 0.000000000e+00 0.000000000e+00 0.000000000e+00 0.000000000e+00 0.000000000e+00 0.000000000e+00 1.287144238e-01 -4.900000000e+00 -4.900000000e+00 -1.287144237e-01 
d 0.000000000e+00 0.000000000e+00 0.000000000e+00 0.000000000e+00 0.000000000e+00 0.000000000e+00 0.000000000e+00 0.000000000e+00 1.391925832e-01 -5.000000000e+00 -5.000000000e+00 -1.391925831e-01 
