v ATLAS
# This file was created by ATLAS version 5.32.1.R on Fri Jun  6 21:42:44 2025.
#SSF 2.0 generic
##############################################################################
#                    Copyright (c) 1984 - 2021                               #
#                    Silvaco Inc. All rights reserved                        #
#                                                                            #
# This file format and the following Key are copyright Silvaco Inc.          #
# You may not use, this format or key without reproducing this message in    #
# full and obtaining express written permission from Silvaco Inc.            #
#                                                                            #
# To obtain such permission please contact: Silvaco Inc.                     #
#                                           support@silvaco.com              #
#                                                                            #
# KEY=SVC86hn7562asdx                       PROD=345                         #
##############################################################################
y 3 700 711 15
z 0.05 0.00202502 300
f 4 "gate" "gate2" "source" "drain" 
p 12 2 601 20 3 602 21 4 603 22 5 604 23 
d -4.000000000e-01 -4.000000000e-01 0.000000000e+00 -4.000000000e-01 -4.000000000e-01 0.000000000e+00 0.000000000e+00 0.000000000e+00 4.079403866e-22 0.000000000e+00 0.000000000e+00 8.941931619e-19 
d -4.000000000e-01 -4.000000000e-01 0.000000000e+00 -4.000000000e-01 -4.000000000e-01 0.000000000e+00 0.000000000e+00 0.000000000e+00 -7.138956765e-21 0.000000000e+00 0.000000000e+00 8.648336195e-19 
d -4.000000000e-01 -4.000000000e-01 0.000000000e+00 -4.000000000e-01 -4.000000000e-01 0.000000000e+00 0.000000000e+00 0.000000000e+00 9.239889220e-18 -2.000000000e-02 -2.000000000e-02 -8.390577652e-18 
d -4.000000000e-01 -4.000000000e-01 0.000000000e+00 -4.000000000e-01 -4.000000000e-01 0.000000000e+00 0.000000000e+00 0.000000000e+00 1.454631713e-17 -4.000000000e-02 -4.000000000e-02 -1.592281662e-17 
d -4.000000000e-01 -4.000000000e-01 0.000000000e+00 -4.000000000e-01 -4.000000000e-01 0.000000000e+00 0.000000000e+00 0.000000000e+00 1.790288522e-17 -6.000000000e-02 -6.000000000e-02 -1.626223587e-17 
d -4.000000000e-01 -4.000000000e-01 0.000000000e+00 -4.000000000e-01 -4.000000000e-01 0.000000000e+00 0.000000000e+00 0.000000000e+00 2.045047313e-17 -8.000000000e-02 -8.000000000e-02 -1.932016300e-17 
d -4.000000000e-01 -4.000000000e-01 0.000000000e+00 -4.000000000e-01 -4.000000000e-01 0.000000000e+00 0.000000000e+00 0.000000000e+00 2.293084488e-17 -1.000000000e-01 -1.000000000e-01 -2.388583464e-17 
d -4.000000000e-01 -4.000000000e-01 0.000000000e+00 -4.000000000e-01 -4.000000000e-01 0.000000000e+00 0.000000000e+00 0.000000000e+00 2.560330582e-17 -1.200000000e-01 -1.200000000e-01 -2.391520771e-17 
d -4.000000000e-01 -4.000000000e-01 0.000000000e+00 -4.000000000e-01 -4.000000000e-01 0.000000000e+00 0.000000000e+00 0.000000000e+00 2.850990114e-17 -1.400000000e-01 -1.400000000e-01 -2.981565816e-17 
d -4.000000000e-01 -4.000000000e-01 0.000000000e+00 -4.000000000e-01 -4.000000000e-01 0.000000000e+00 0.000000000e+00 0.000000000e+00 3.126269214e-17 -1.600000000e-01 -1.600000000e-01 -3.127118984e-17 
d -4.000000000e-01 -4.000000000e-01 0.000000000e+00 -4.000000000e-01 -4.000000000e-01 0.000000000e+00 0.000000000e+00 0.000000000e+00 3.358693678e-17 -1.800000000e-01 -1.800000000e-01 -3.242647725e-17 
d -4.000000000e-01 -4.000000000e-01 0.000000000e+00 -4.000000000e-01 -4.000000000e-01 0.000000000e+00 0.000000000e+00 0.000000000e+00 3.538513999e-17 -2.000000000e-01 -2.000000000e-01 -3.524616137e-17 
d -4.000000000e-01 -4.000000000e-01 0.000000000e+00 -4.000000000e-01 -4.000000000e-01 0.000000000e+00 0.000000000e+00 0.000000000e+00 3.668606282e-17 -2.200000000e-01 -2.200000000e-01 -3.559209495e-17 
d -4.000000000e-01 -4.000000000e-01 0.000000000e+00 -4.000000000e-01 -4.000000000e-01 0.000000000e+00 0.000000000e+00 0.000000000e+00 3.764390729e-17 -2.400000000e-01 -2.400000000e-01 -3.830408276e-17 
d -4.000000000e-01 -4.000000000e-01 0.000000000e+00 -4.000000000e-01 -4.000000000e-01 0.000000000e+00 0.000000000e+00 0.000000000e+00 3.834148556e-17 -2.600000000e-01 -2.600000000e-01 -3.891762522e-17 
d -4.000000000e-01 -4.000000000e-01 0.000000000e+00 -4.000000000e-01 -4.000000000e-01 0.000000000e+00 0.000000000e+00 0.000000000e+00 3.887976301e-17 -2.800000000e-01 -2.800000000e-01 -3.892088885e-17 
d -4.000000000e-01 -4.000000000e-01 0.000000000e+00 -4.000000000e-01 -4.000000000e-01 0.000000000e+00 0.000000000e+00 0.000000000e+00 3.930646872e-17 -3.000000000e-01 -3.000000000e-01 -3.976940497e-17 
d -4.000000000e-01 -4.000000000e-01 0.000000000e+00 -4.000000000e-01 -4.000000000e-01 0.000000000e+00 0.000000000e+00 0.000000000e+00 3.966341660e-17 -3.200000000e-01 -3.200000000e-01 -3.922439672e-17 
d -4.000000000e-01 -4.000000000e-01 0.000000000e+00 -4.000000000e-01 -4.000000000e-01 0.000000000e+00 0.000000000e+00 0.000000000e+00 3.996468060e-17 -3.400000000e-01 -3.400000000e-01 -3.904490305e-17 
d -4.000000000e-01 -4.000000000e-01 0.000000000e+00 -4.000000000e-01 -4.000000000e-01 0.000000000e+00 0.000000000e+00 0.000000000e+00 4.023167761e-17 -3.600000000e-01 -3.600000000e-01 -3.988036507e-17 
d -4.000000000e-01 -4.000000000e-01 0.000000000e+00 -4.000000000e-01 -4.000000000e-01 0.000000000e+00 0.000000000e+00 0.000000000e+00 4.045624882e-17 -3.800000000e-01 -3.800000000e-01 -3.998479792e-17 
d -4.000000000e-01 -4.000000000e-01 0.000000000e+00 -4.000000000e-01 -4.000000000e-01 0.000000000e+00 0.000000000e+00 0.000000000e+00 4.066715402e-17 -4.000000000e-01 -4.000000000e-01 -4.086921278e-17 
d -4.000000000e-01 -4.000000000e-01 0.000000000e+00 -4.000000000e-01 -4.000000000e-01 0.000000000e+00 0.000000000e+00 0.000000000e+00 4.085133912e-17 -4.200000000e-01 -4.200000000e-01 -3.974982446e-17 
d -4.000000000e-01 -4.000000000e-01 0.000000000e+00 -4.000000000e-01 -4.000000000e-01 0.000000000e+00 0.000000000e+00 0.000000000e+00 4.099880959e-17 -4.400000000e-01 -4.400000000e-01 -4.065708399e-17 
d -4.000000000e-01 -4.000000000e-01 0.000000000e+00 -4.000000000e-01 -4.000000000e-01 0.000000000e+00 0.000000000e+00 0.000000000e+00 4.115790637e-17 -4.600000000e-01 -4.600000000e-01 -4.038947520e-17 
d -4.000000000e-01 -4.000000000e-01 0.000000000e+00 -4.000000000e-01 -4.000000000e-01 0.000000000e+00 0.000000000e+00 0.000000000e+00 4.130027758e-17 -4.800000000e-01 -4.800000000e-01 -4.141422155e-17 
d -4.000000000e-01 -4.000000000e-01 0.000000000e+00 -4.000000000e-01 -4.000000000e-01 0.000000000e+00 0.000000000e+00 0.000000000e+00 4.142673912e-17 -5.000000000e-01 -5.000000000e-01 -4.053633394e-17 
d -4.000000000e-01 -4.000000000e-01 0.000000000e+00 -4.000000000e-01 -4.000000000e-01 0.000000000e+00 0.000000000e+00 0.000000000e+00 4.154320612e-17 -5.200000000e-01 -5.200000000e-01 -4.046453654e-17 
d -4.000000000e-01 -4.000000000e-01 0.000000000e+00 -4.000000000e-01 -4.000000000e-01 0.000000000e+00 0.000000000e+00 0.000000000e+00 4.165681754e-17 -5.400000000e-01 -5.400000000e-01 -4.111724126e-17 
d -4.000000000e-01 -4.000000000e-01 0.000000000e+00 -4.000000000e-01 -4.000000000e-01 0.000000000e+00 0.000000000e+00 0.000000000e+00 4.175411134e-17 -5.600000000e-01 -5.600000000e-01 -4.678924449e-17 
d -4.000000000e-01 -4.000000000e-01 0.000000000e+00 -4.000000000e-01 -4.000000000e-01 0.000000000e+00 0.000000000e+00 0.000000000e+00 4.185589249e-17 -5.800000000e-01 -5.800000000e-01 -4.384228324e-17 
d -4.000000000e-01 -4.000000000e-01 0.000000000e+00 -4.000000000e-01 -4.000000000e-01 0.000000000e+00 0.000000000e+00 0.000000000e+00 4.194747513e-17 -6.000000000e-01 -6.000000000e-01 -4.633561498e-17 
d -4.000000000e-01 -4.000000000e-01 0.000000000e+00 -4.000000000e-01 -4.000000000e-01 0.000000000e+00 0.000000000e+00 0.000000000e+00 4.203661012e-17 -6.200000000e-01 -6.200000000e-01 -4.541856510e-17 
d -4.000000000e-01 -4.000000000e-01 0.000000000e+00 -4.000000000e-01 -4.000000000e-01 0.000000000e+00 0.000000000e+00 0.000000000e+00 4.212105380e-17 -6.400000000e-01 -6.400000000e-01 -4.655427123e-17 
d -4.000000000e-01 -4.000000000e-01 0.000000000e+00 -4.000000000e-01 -4.000000000e-01 0.000000000e+00 0.000000000e+00 0.000000000e+00 4.220182602e-17 -6.600000000e-01 -6.600000000e-01 -4.647594678e-17 
d -4.000000000e-01 -4.000000000e-01 0.000000000e+00 -4.000000000e-01 -4.000000000e-01 0.000000000e+00 0.000000000e+00 0.000000000e+00 4.226893232e-17 -6.800000000e-01 -6.800000000e-01 -4.593746566e-17 
d -4.000000000e-01 -4.000000000e-01 0.000000000e+00 -4.000000000e-01 -4.000000000e-01 0.000000000e+00 0.000000000e+00 0.000000000e+00 4.234400174e-17 -7.000000000e-01 -7.000000000e-01 -4.581692774e-17 
d -4.000000000e-01 -4.000000000e-01 0.000000000e+00 -4.000000000e-01 -4.000000000e-01 0.000000000e+00 0.000000000e+00 0.000000000e+00 4.247565613e-17 -7.200000000e-01 -7.200000000e-01 -4.589187849e-17 
d -4.000000000e-01 -4.000000000e-01 0.000000000e+00 -4.000000000e-01 -4.000000000e-01 0.000000000e+00 0.000000000e+00 0.000000000e+00 4.494797220e-17 -7.400000000e-01 -7.400000000e-01 -4.980565200e-17 
d -4.000000000e-01 -4.000000000e-01 0.000000000e+00 -4.000000000e-01 -4.000000000e-01 0.000000000e+00 0.000000000e+00 0.000000000e+00 8.179427919e-17 -7.600000000e-01 -7.600000000e-01 -7.902102619e-17 
d -4.000000000e-01 -4.000000000e-01 0.000000000e+00 -4.000000000e-01 -4.000000000e-01 0.000000000e+00 0.000000000e+00 0.000000000e+00 4.065013273e-16 -7.800000000e-01 -7.800000000e-01 -4.069716084e-16 
d -4.000000000e-01 -4.000000000e-01 0.000000000e+00 -4.000000000e-01 -4.000000000e-01 0.000000000e+00 0.000000000e+00 0.000000000e+00 2.396865012e-15 -8.000000000e-01 -8.000000000e-01 -2.396982017e-15 
d -4.000000000e-01 -4.000000000e-01 0.000000000e+00 -4.000000000e-01 -4.000000000e-01 0.000000000e+00 0.000000000e+00 0.000000000e+00 1.178975480e-14 -8.200000000e-01 -8.200000000e-01 -1.179001785e-14 
d -4.000000000e-01 -4.000000000e-01 0.000000000e+00 -4.000000000e-01 -4.000000000e-01 0.000000000e+00 0.000000000e+00 0.000000000e+00 4.813777637e-14 -8.400000000e-01 -8.400000000e-01 -4.813692064e-14 
d -4.000000000e-01 -4.000000000e-01 0.000000000e+00 -4.000000000e-01 -4.000000000e-01 0.000000000e+00 0.000000000e+00 0.000000000e+00 1.686499017e-13 -8.600000000e-01 -8.600000000e-01 -1.686507548e-13 
d -4.000000000e-01 -4.000000000e-01 0.000000000e+00 -4.000000000e-01 -4.000000000e-01 0.000000000e+00 0.000000000e+00 0.000000000e+00 5.217680874e-13 -8.800000000e-01 -8.800000000e-01 -5.217668772e-13 
d -4.000000000e-01 -4.000000000e-01 0.000000000e+00 -4.000000000e-01 -4.000000000e-01 0.000000000e+00 0.000000000e+00 0.000000000e+00 1.455046933e-12 -9.000000000e-01 -9.000000000e-01 -1.455048413e-12 
d -4.000000000e-01 -4.000000000e-01 0.000000000e+00 -4.000000000e-01 -4.000000000e-01 0.000000000e+00 0.000000000e+00 0.000000000e+00 3.717647530e-12 -9.200000000e-01 -9.200000000e-01 -3.717649118e-12 
d -4.000000000e-01 -4.000000000e-01 0.000000000e+00 -4.000000000e-01 -4.000000000e-01 0.000000000e+00 0.000000000e+00 0.000000000e+00 8.816035495e-12 -9.400000000e-01 -9.400000000e-01 -8.816035270e-12 
d -4.000000000e-01 -4.000000000e-01 0.000000000e+00 -4.000000000e-01 -4.000000000e-01 0.000000000e+00 0.000000000e+00 0.000000000e+00 1.960103234e-11 -9.600000000e-01 -9.600000000e-01 -1.960103262e-11 
d -4.000000000e-01 -4.000000000e-01 0.000000000e+00 -4.000000000e-01 -4.000000000e-01 0.000000000e+00 0.000000000e+00 0.000000000e+00 4.119417271e-11 -9.800000000e-01 -9.800000000e-01 -4.119417361e-11 
d -4.000000000e-01 -4.000000000e-01 0.000000000e+00 -4.000000000e-01 -4.000000000e-01 0.000000000e+00 0.000000000e+00 0.000000000e+00 8.235831461e-11 -1.000000000e+00 -1.000000000e+00 -8.235831501e-11 
d -4.000000000e-01 -4.000000000e-01 0.000000000e+00 -4.000000000e-01 -4.000000000e-01 0.000000000e+00 0.000000000e+00 0.000000000e+00 1.575832878e-10 -1.020000000e+00 -1.020000000e+00 -1.575832858e-10 
d -4.000000000e-01 -4.000000000e-01 0.000000000e+00 -4.000000000e-01 -4.000000000e-01 0.000000000e+00 0.000000000e+00 0.000000000e+00 2.898317987e-10 -1.040000000e+00 -1.040000000e+00 -2.898317983e-10 
d -4.000000000e-01 -4.000000000e-01 0.000000000e+00 -4.000000000e-01 -4.000000000e-01 0.000000000e+00 0.000000000e+00 0.000000000e+00 5.145024248e-10 -1.060000000e+00 -1.060000000e+00 -5.145024252e-10 
d -4.000000000e-01 -4.000000000e-01 0.000000000e+00 -4.000000000e-01 -4.000000000e-01 0.000000000e+00 0.000000000e+00 0.000000000e+00 8.844959962e-10 -1.080000000e+00 -1.080000000e+00 -8.844959949e-10 
d -4.000000000e-01 -4.000000000e-01 0.000000000e+00 -4.000000000e-01 -4.000000000e-01 0.000000000e+00 0.000000000e+00 0.000000000e+00 1.477065233e-09 -1.100000000e+00 -1.100000000e+00 -1.477065233e-09 
d -4.000000000e-01 -4.000000000e-01 0.000000000e+00 -4.000000000e-01 -4.000000000e-01 0.000000000e+00 0.000000000e+00 0.000000000e+00 2.402432594e-09 -1.120000000e+00 -1.120000000e+00 -2.402432596e-09 
d -4.000000000e-01 -4.000000000e-01 0.000000000e+00 -4.000000000e-01 -4.000000000e-01 0.000000000e+00 0.000000000e+00 0.000000000e+00 3.813651395e-09 -1.140000000e+00 -1.140000000e+00 -3.813651395e-09 
d -4.000000000e-01 -4.000000000e-01 0.000000000e+00 -4.000000000e-01 -4.000000000e-01 0.000000000e+00 0.000000000e+00 0.000000000e+00 5.920306531e-09 -1.160000000e+00 -1.160000000e+00 -5.920306530e-09 
d -4.000000000e-01 -4.000000000e-01 0.000000000e+00 -4.000000000e-01 -4.000000000e-01 0.000000000e+00 0.000000000e+00 0.000000000e+00 9.004956691e-09 -1.180000000e+00 -1.180000000e+00 -9.004956693e-09 
d -4.000000000e-01 -4.000000000e-01 0.000000000e+00 -4.000000000e-01 -4.000000000e-01 0.000000000e+00 0.000000000e+00 0.000000000e+00 1.344008643e-08 -1.200000000e+00 -1.200000000e+00 -1.344008643e-08 
d -4.000000000e-01 -4.000000000e-01 0.000000000e+00 -4.000000000e-01 -4.000000000e-01 0.000000000e+00 0.000000000e+00 0.000000000e+00 1.971041087e-08 -1.220000000e+00 -1.220000000e+00 -1.971041087e-08 
d -4.000000000e-01 -4.000000000e-01 0.000000000e+00 -4.000000000e-01 -4.000000000e-01 0.000000000e+00 0.000000000e+00 0.000000000e+00 2.844024278e-08 -1.240000000e+00 -1.240000000e+00 -2.844024278e-08 
d -4.000000000e-01 -4.000000000e-01 0.000000000e+00 -4.000000000e-01 -4.000000000e-01 0.000000000e+00 0.000000000e+00 0.000000000e+00 4.041912763e-08 -1.260000000e+00 -1.260000000e+00 -4.041912763e-08 
d -4.000000000e-01 -4.000000000e-01 0.000000000e+00 -4.000000000e-01 -4.000000000e-01 0.000000000e+00 0.000000000e+00 0.000000000e+00 5.664186538e-08 -1.280000000e+00 -1.280000000e+00 -5.664186538e-08 
d -4.000000000e-01 -4.000000000e-01 0.000000000e+00 -4.000000000e-01 -4.000000000e-01 0.000000000e+00 0.000000000e+00 0.000000000e+00 7.833083964e-08 -1.300000000e+00 -1.300000000e+00 -7.833083964e-08 
d -4.000000000e-01 -4.000000000e-01 0.000000000e+00 -4.000000000e-01 -4.000000000e-01 0.000000000e+00 0.000000000e+00 0.000000000e+00 1.069966403e-07 -1.320000000e+00 -1.320000000e+00 -1.069966403e-07 
d -4.000000000e-01 -4.000000000e-01 0.000000000e+00 -4.000000000e-01 -4.000000000e-01 0.000000000e+00 0.000000000e+00 0.000000000e+00 1.444761281e-07 -1.340000000e+00 -1.340000000e+00 -1.444761281e-07 
d -4.000000000e-01 -4.000000000e-01 0.000000000e+00 -4.000000000e-01 -4.000000000e-01 0.000000000e+00 0.000000000e+00 0.000000000e+00 1.929667352e-07 -1.360000000e+00 -1.360000000e+00 -1.929667352e-07 
d -4.000000000e-01 -4.000000000e-01 0.000000000e+00 -4.000000000e-01 -4.000000000e-01 0.000000000e+00 0.000000000e+00 0.000000000e+00 2.551023588e-07 -1.380000000e+00 -1.380000000e+00 -2.551023588e-07 
d -4.000000000e-01 -4.000000000e-01 0.000000000e+00 -4.000000000e-01 -4.000000000e-01 0.000000000e+00 0.000000000e+00 0.000000000e+00 3.340176452e-07 -1.400000000e+00 -1.400000000e+00 -3.340176452e-07 
d -4.000000000e-01 -4.000000000e-01 0.000000000e+00 -4.000000000e-01 -4.000000000e-01 0.000000000e+00 0.000000000e+00 0.000000000e+00 4.333671319e-07 -1.420000000e+00 -1.420000000e+00 -4.333671319e-07 
d -4.000000000e-01 -4.000000000e-01 0.000000000e+00 -4.000000000e-01 -4.000000000e-01 0.000000000e+00 0.000000000e+00 0.000000000e+00 5.574957826e-07 -1.440000000e+00 -1.440000000e+00 -5.574957826e-07 
d -4.000000000e-01 -4.000000000e-01 0.000000000e+00 -4.000000000e-01 -4.000000000e-01 0.000000000e+00 0.000000000e+00 0.000000000e+00 7.113173125e-07 -1.460000000e+00 -1.460000000e+00 -7.113173125e-07 
d -4.000000000e-01 -4.000000000e-01 0.000000000e+00 -4.000000000e-01 -4.000000000e-01 0.000000000e+00 0.000000000e+00 0.000000000e+00 9.005990480e-07 -1.480000000e+00 -1.480000000e+00 -9.005990480e-07 
d -4.000000000e-01 -4.000000000e-01 0.000000000e+00 -4.000000000e-01 -4.000000000e-01 0.000000000e+00 0.000000000e+00 0.000000000e+00 1.131984512e-06 -1.500000000e+00 -1.500000000e+00 -1.131984512e-06 
d -4.000000000e-01 -4.000000000e-01 0.000000000e+00 -4.000000000e-01 -4.000000000e-01 0.000000000e+00 0.000000000e+00 0.000000000e+00 1.412961188e-06 -1.520000000e+00 -1.520000000e+00 -1.412961188e-06 
d -4.000000000e-01 -4.000000000e-01 0.000000000e+00 -4.000000000e-01 -4.000000000e-01 0.000000000e+00 0.000000000e+00 0.000000000e+00 1.752067696e-06 -1.540000000e+00 -1.540000000e+00 -1.752067696e-06 
d -4.000000000e-01 -4.000000000e-01 0.000000000e+00 -4.000000000e-01 -4.000000000e-01 0.000000000e+00 0.000000000e+00 0.000000000e+00 2.158945787e-06 -1.560000000e+00 -1.560000000e+00 -2.158945787e-06 
d -4.000000000e-01 -4.000000000e-01 0.000000000e+00 -4.000000000e-01 -4.000000000e-01 0.000000000e+00 0.000000000e+00 0.000000000e+00 2.644596202e-06 -1.580000000e+00 -1.580000000e+00 -2.644596202e-06 
d -4.000000000e-01 -4.000000000e-01 0.000000000e+00 -4.000000000e-01 -4.000000000e-01 0.000000000e+00 0.000000000e+00 0.000000000e+00 3.220897502e-06 -1.600000000e+00 -1.600000000e+00 -3.220897502e-06 
d -4.000000000e-01 -4.000000000e-01 0.000000000e+00 -4.000000000e-01 -4.000000000e-01 0.000000000e+00 0.000000000e+00 0.000000000e+00 3.901503250e-06 -1.620000000e+00 -1.620000000e+00 -3.901503250e-06 
d -4.000000000e-01 -4.000000000e-01 0.000000000e+00 -4.000000000e-01 -4.000000000e-01 0.000000000e+00 0.000000000e+00 0.000000000e+00 4.701457479e-06 -1.640000000e+00 -1.640000000e+00 -4.701457479e-06 
d -4.000000000e-01 -4.000000000e-01 0.000000000e+00 -4.000000000e-01 -4.000000000e-01 0.000000000e+00 0.000000000e+00 0.000000000e+00 5.637435605e-06 -1.660000000e+00 -1.660000000e+00 -5.637435605e-06 
d -4.000000000e-01 -4.000000000e-01 0.000000000e+00 -4.000000000e-01 -4.000000000e-01 0.000000000e+00 0.000000000e+00 0.000000000e+00 6.727638898e-06 -1.680000000e+00 -1.680000000e+00 -6.727638898e-06 
d -4.000000000e-01 -4.000000000e-01 0.000000000e+00 -4.000000000e-01 -4.000000000e-01 0.000000000e+00 0.000000000e+00 0.000000000e+00 7.992261917e-06 -1.700000000e+00 -1.700000000e+00 -7.992261917e-06 
d -4.000000000e-01 -4.000000000e-01 0.000000000e+00 -4.000000000e-01 -4.000000000e-01 0.000000000e+00 0.000000000e+00 0.000000000e+00 9.453757303e-06 -1.720000000e+00 -1.720000000e+00 -9.453757303e-06 
d -4.000000000e-01 -4.000000000e-01 0.000000000e+00 -4.000000000e-01 -4.000000000e-01 0.000000000e+00 0.000000000e+00 0.000000000e+00 1.113498264e-05 -1.740000000e+00 -1.740000000e+00 -1.113498264e-05 
d -4.000000000e-01 -4.000000000e-01 0.000000000e+00 -4.000000000e-01 -4.000000000e-01 0.000000000e+00 0.000000000e+00 0.000000000e+00 1.306356880e-05 -1.760000000e+00 -1.760000000e+00 -1.306356880e-05 
d -4.000000000e-01 -4.000000000e-01 0.000000000e+00 -4.000000000e-01 -4.000000000e-01 0.000000000e+00 0.000000000e+00 0.000000000e+00 1.526699797e-05 -1.780000000e+00 -1.780000000e+00 -1.526699797e-05 
d -4.000000000e-01 -4.000000000e-01 0.000000000e+00 -4.000000000e-01 -4.000000000e-01 0.000000000e+00 0.000000000e+00 0.000000000e+00 1.777577030e-05 -1.800000000e+00 -1.800000000e+00 -1.777577030e-05 
d -4.000000000e-01 -4.000000000e-01 0.000000000e+00 -4.000000000e-01 -4.000000000e-01 0.000000000e+00 0.000000000e+00 0.000000000e+00 2.062442554e-05 -1.820000000e+00 -1.820000000e+00 -2.062442554e-05 
d -4.000000000e-01 -4.000000000e-01 0.000000000e+00 -4.000000000e-01 -4.000000000e-01 0.000000000e+00 0.000000000e+00 0.000000000e+00 2.384728042e-05 -1.840000000e+00 -1.840000000e+00 -2.384728042e-05 
d -4.000000000e-01 -4.000000000e-01 0.000000000e+00 -4.000000000e-01 -4.000000000e-01 0.000000000e+00 0.000000000e+00 0.000000000e+00 2.748420956e-05 -1.860000000e+00 -1.860000000e+00 -2.748420956e-05 
d -4.000000000e-01 -4.000000000e-01 0.000000000e+00 -4.000000000e-01 -4.000000000e-01 0.000000000e+00 0.000000000e+00 0.000000000e+00 3.157366184e-05 -1.880000000e+00 -1.880000000e+00 -3.157366184e-05 
d -4.000000000e-01 -4.000000000e-01 0.000000000e+00 -4.000000000e-01 -4.000000000e-01 0.000000000e+00 0.000000000e+00 0.000000000e+00 3.616218978e-05 -1.900000000e+00 -1.900000000e+00 -3.616218978e-05 
d -4.000000000e-01 -4.000000000e-01 0.000000000e+00 -4.000000000e-01 -4.000000000e-01 0.000000000e+00 0.000000000e+00 0.000000000e+00 4.129631113e-05 -1.920000000e+00 -1.920000000e+00 -4.129631113e-05 
d -4.000000000e-01 -4.000000000e-01 0.000000000e+00 -4.000000000e-01 -4.000000000e-01 0.000000000e+00 0.000000000e+00 0.000000000e+00 4.702622618e-05 -1.940000000e+00 -1.940000000e+00 -4.702622618e-05 
d -4.000000000e-01 -4.000000000e-01 0.000000000e+00 -4.000000000e-01 -4.000000000e-01 0.000000000e+00 0.000000000e+00 0.000000000e+00 5.340394128e-05 -1.960000000e+00 -1.960000000e+00 -5.340394128e-05 
d -4.000000000e-01 -4.000000000e-01 0.000000000e+00 -4.000000000e-01 -4.000000000e-01 0.000000000e+00 0.000000000e+00 0.000000000e+00 6.048618989e-05 -1.980000000e+00 -1.980000000e+00 -6.048618989e-05 
d -4.000000000e-01 -4.000000000e-01 0.000000000e+00 -4.000000000e-01 -4.000000000e-01 0.000000000e+00 0.000000000e+00 0.000000000e+00 6.833234802e-05 -2.000000000e+00 -2.000000000e+00 -6.833234802e-05 
d -4.000000000e-01 -4.000000000e-01 0.000000000e+00 -4.000000000e-01 -4.000000000e-01 0.000000000e+00 0.000000000e+00 0.000000000e+00 7.700623414e-05 -2.020000000e+00 -2.020000000e+00 -7.700623414e-05 
d -4.000000000e-01 -4.000000000e-01 0.000000000e+00 -4.000000000e-01 -4.000000000e-01 0.000000000e+00 0.000000000e+00 0.000000000e+00 8.657518164e-05 -2.040000000e+00 -2.040000000e+00 -8.657518164e-05 
d -4.000000000e-01 -4.000000000e-01 0.000000000e+00 -4.000000000e-01 -4.000000000e-01 0.000000000e+00 0.000000000e+00 0.000000000e+00 9.711067270e-05 -2.060000000e+00 -2.060000000e+00 -9.711067270e-05 
d -4.000000000e-01 -4.000000000e-01 0.000000000e+00 -4.000000000e-01 -4.000000000e-01 0.000000000e+00 0.000000000e+00 0.000000000e+00 1.086810804e-04 -2.080000000e+00 -2.080000000e+00 -1.086810804e-04 
d -4.000000000e-01 -4.000000000e-01 0.000000000e+00 -4.000000000e-01 -4.000000000e-01 0.000000000e+00 0.000000000e+00 0.000000000e+00 1.213686524e-04 -2.100000000e+00 -2.100000000e+00 -1.213686524e-04 
d -4.000000000e-01 -4.000000000e-01 0.000000000e+00 -4.000000000e-01 -4.000000000e-01 0.000000000e+00 0.000000000e+00 0.000000000e+00 1.352571280e-04 -2.120000000e+00 -2.120000000e+00 -1.352571280e-04 
d -4.000000000e-01 -4.000000000e-01 0.000000000e+00 -4.000000000e-01 -4.000000000e-01 0.000000000e+00 0.000000000e+00 0.000000000e+00 1.504268934e-04 -2.140000000e+00 -2.140000000e+00 -1.504268934e-04 
d -4.000000000e-01 -4.000000000e-01 0.000000000e+00 -4.000000000e-01 -4.000000000e-01 0.000000000e+00 0.000000000e+00 0.000000000e+00 1.669668015e-04 -2.160000000e+00 -2.160000000e+00 -1.669668015e-04 
d -4.000000000e-01 -4.000000000e-01 0.000000000e+00 -4.000000000e-01 -4.000000000e-01 0.000000000e+00 0.000000000e+00 0.000000000e+00 1.849769847e-04 -2.180000000e+00 -2.180000000e+00 -1.849769847e-04 
d -4.000000000e-01 -4.000000000e-01 0.000000000e+00 -4.000000000e-01 -4.000000000e-01 0.000000000e+00 0.000000000e+00 0.000000000e+00 2.045510003e-04 -2.200000000e+00 -2.200000000e+00 -2.045510003e-04 
d -4.000000000e-01 -4.000000000e-01 0.000000000e+00 -4.000000000e-01 -4.000000000e-01 0.000000000e+00 0.000000000e+00 0.000000000e+00 2.257902559e-04 -2.220000000e+00 -2.220000000e+00 -2.257902559e-04 
d -4.000000000e-01 -4.000000000e-01 0.000000000e+00 -4.000000000e-01 -4.000000000e-01 0.000000000e+00 0.000000000e+00 0.000000000e+00 2.487997596e-04 -2.240000000e+00 -2.240000000e+00 -2.487997596e-04 
d -4.000000000e-01 -4.000000000e-01 0.000000000e+00 -4.000000000e-01 -4.000000000e-01 0.000000000e+00 0.000000000e+00 0.000000000e+00 2.736955105e-04 -2.260000000e+00 -2.260000000e+00 -2.736955105e-04 
d -4.000000000e-01 -4.000000000e-01 0.000000000e+00 -4.000000000e-01 -4.000000000e-01 0.000000000e+00 0.000000000e+00 0.000000000e+00 3.005755790e-04 -2.280000000e+00 -2.280000000e+00 -3.005755790e-04 
d -4.000000000e-01 -4.000000000e-01 0.000000000e+00 -4.000000000e-01 -4.000000000e-01 0.000000000e+00 0.000000000e+00 0.000000000e+00 3.295934452e-04 -2.300000000e+00 -2.300000000e+00 -3.295934451e-04 
d -4.000000000e-01 -4.000000000e-01 0.000000000e+00 -4.000000000e-01 -4.000000000e-01 0.000000000e+00 0.000000000e+00 0.000000000e+00 3.608276836e-04 -2.320000000e+00 -2.320000000e+00 -3.608276836e-04 
d -4.000000000e-01 -4.000000000e-01 0.000000000e+00 -4.000000000e-01 -4.000000000e-01 0.000000000e+00 0.000000000e+00 0.000000000e+00 3.944470315e-04 -2.340000000e+00 -2.340000000e+00 -3.944470315e-04 
d -4.000000000e-01 -4.000000000e-01 0.000000000e+00 -4.000000000e-01 -4.000000000e-01 0.000000000e+00 0.000000000e+00 0.000000000e+00 4.305582542e-04 -2.360000000e+00 -2.360000000e+00 -4.305582542e-04 
d -4.000000000e-01 -4.000000000e-01 0.000000000e+00 -4.000000000e-01 -4.000000000e-01 0.000000000e+00 0.000000000e+00 0.000000000e+00 4.693048598e-04 -2.380000000e+00 -2.380000000e+00 -4.693048598e-04 
d -4.000000000e-01 -4.000000000e-01 0.000000000e+00 -4.000000000e-01 -4.000000000e-01 0.000000000e+00 0.000000000e+00 0.000000000e+00 5.108430327e-04 -2.400000000e+00 -2.400000000e+00 -5.108430326e-04 
d -4.000000000e-01 -4.000000000e-01 0.000000000e+00 -4.000000000e-01 -4.000000000e-01 0.000000000e+00 0.000000000e+00 0.000000000e+00 5.552997414e-04 -2.420000000e+00 -2.420000000e+00 -5.552997414e-04 
d -4.000000000e-01 -4.000000000e-01 0.000000000e+00 -4.000000000e-01 -4.000000000e-01 0.000000000e+00 0.000000000e+00 0.000000000e+00 6.028235697e-04 -2.440000000e+00 -2.440000000e+00 -6.028235696e-04 
d -4.000000000e-01 -4.000000000e-01 0.000000000e+00 -4.000000000e-01 -4.000000000e-01 0.000000000e+00 0.000000000e+00 0.000000000e+00 6.535988156e-04 -2.460000000e+00 -2.460000000e+00 -6.535988156e-04 
d -4.000000000e-01 -4.000000000e-01 0.000000000e+00 -4.000000000e-01 -4.000000000e-01 0.000000000e+00 0.000000000e+00 0.000000000e+00 7.077590759e-04 -2.480000000e+00 -2.480000000e+00 -7.077590759e-04 
d -4.000000000e-01 -4.000000000e-01 0.000000000e+00 -4.000000000e-01 -4.000000000e-01 0.000000000e+00 0.000000000e+00 0.000000000e+00 7.654756168e-04 -2.500000000e+00 -2.500000000e+00 -7.654756168e-04 
d -4.000000000e-01 -4.000000000e-01 0.000000000e+00 -4.000000000e-01 -4.000000000e-01 0.000000000e+00 0.000000000e+00 0.000000000e+00 8.269229805e-04 -2.520000000e+00 -2.520000000e+00 -8.269229805e-04 
d -4.000000000e-01 -4.000000000e-01 0.000000000e+00 -4.000000000e-01 -4.000000000e-01 0.000000000e+00 0.000000000e+00 0.000000000e+00 8.922776875e-04 -2.540000000e+00 -2.540000000e+00 -8.922776874e-04 
d -4.000000000e-01 -4.000000000e-01 0.000000000e+00 -4.000000000e-01 -4.000000000e-01 0.000000000e+00 0.000000000e+00 0.000000000e+00 9.617228521e-04 -2.560000000e+00 -2.560000000e+00 -9.617228521e-04 
d -4.000000000e-01 -4.000000000e-01 0.000000000e+00 -4.000000000e-01 -4.000000000e-01 0.000000000e+00 0.000000000e+00 0.000000000e+00 1.035421110e-03 -2.580000000e+00 -2.580000000e+00 -1.035421110e-03 
d -4.000000000e-01 -4.000000000e-01 0.000000000e+00 -4.000000000e-01 -4.000000000e-01 0.000000000e+00 0.000000000e+00 0.000000000e+00 1.113568996e-03 -2.600000000e+00 -2.600000000e+00 -1.113568996e-03 
d -4.000000000e-01 -4.000000000e-01 0.000000000e+00 -4.000000000e-01 -4.000000000e-01 0.000000000e+00 0.000000000e+00 0.000000000e+00 1.196384689e-03 -2.620000000e+00 -2.620000000e+00 -1.196384689e-03 
d -4.000000000e-01 -4.000000000e-01 0.000000000e+00 -4.000000000e-01 -4.000000000e-01 0.000000000e+00 0.000000000e+00 0.000000000e+00 1.284025677e-03 -2.640000000e+00 -2.640000000e+00 -1.284025677e-03 
d -4.000000000e-01 -4.000000000e-01 0.000000000e+00 -4.000000000e-01 -4.000000000e-01 0.000000000e+00 0.000000000e+00 0.000000000e+00 1.376713539e-03 -2.660000000e+00 -2.660000000e+00 -1.376713539e-03 
d -4.000000000e-01 -4.000000000e-01 0.000000000e+00 -4.000000000e-01 -4.000000000e-01 0.000000000e+00 0.000000000e+00 0.000000000e+00 1.474630549e-03 -2.680000000e+00 -2.680000000e+00 -1.474630548e-03 
d -4.000000000e-01 -4.000000000e-01 0.000000000e+00 -4.000000000e-01 -4.000000000e-01 0.000000000e+00 0.000000000e+00 0.000000000e+00 1.578052978e-03 -2.700000000e+00 -2.700000000e+00 -1.578052978e-03 
d -4.000000000e-01 -4.000000000e-01 0.000000000e+00 -4.000000000e-01 -4.000000000e-01 0.000000000e+00 0.000000000e+00 0.000000000e+00 1.687110408e-03 -2.720000000e+00 -2.720000000e+00 -1.687110408e-03 
d -4.000000000e-01 -4.000000000e-01 0.000000000e+00 -4.000000000e-01 -4.000000000e-01 0.000000000e+00 0.000000000e+00 0.000000000e+00 1.802019407e-03 -2.740000000e+00 -2.740000000e+00 -1.802019407e-03 
d -4.000000000e-01 -4.000000000e-01 0.000000000e+00 -4.000000000e-01 -4.000000000e-01 0.000000000e+00 0.000000000e+00 0.000000000e+00 1.923094685e-03 -2.760000000e+00 -2.760000000e+00 -1.923094685e-03 
d -4.000000000e-01 -4.000000000e-01 0.000000000e+00 -4.000000000e-01 -4.000000000e-01 0.000000000e+00 0.000000000e+00 0.000000000e+00 2.050446207e-03 -2.780000000e+00 -2.780000000e+00 -2.050446207e-03 
d -4.000000000e-01 -4.000000000e-01 0.000000000e+00 -4.000000000e-01 -4.000000000e-01 0.000000000e+00 0.000000000e+00 0.000000000e+00 2.184356509e-03 -2.800000000e+00 -2.800000000e+00 -2.184356508e-03 
d -4.000000000e-01 -4.000000000e-01 0.000000000e+00 -4.000000000e-01 -4.000000000e-01 0.000000000e+00 0.000000000e+00 0.000000000e+00 2.325092249e-03 -2.820000000e+00 -2.820000000e+00 -2.325092249e-03 
d -4.000000000e-01 -4.000000000e-01 0.000000000e+00 -4.000000000e-01 -4.000000000e-01 0.000000000e+00 0.000000000e+00 0.000000000e+00 2.472813947e-03 -2.840000000e+00 -2.840000000e+00 -2.472813946e-03 
d -4.000000000e-01 -4.000000000e-01 0.000000000e+00 -4.000000000e-01 -4.000000000e-01 0.000000000e+00 0.000000000e+00 0.000000000e+00 2.627746724e-03 -2.860000000e+00 -2.860000000e+00 -2.627746724e-03 
d -4.000000000e-01 -4.000000000e-01 0.000000000e+00 -4.000000000e-01 -4.000000000e-01 0.000000000e+00 0.000000000e+00 0.000000000e+00 2.790166304e-03 -2.880000000e+00 -2.880000000e+00 -2.790166304e-03 
d -4.000000000e-01 -4.000000000e-01 0.000000000e+00 -4.000000000e-01 -4.000000000e-01 0.000000000e+00 0.000000000e+00 0.000000000e+00 2.960350095e-03 -2.900000000e+00 -2.900000000e+00 -2.960350095e-03 
d -4.000000000e-01 -4.000000000e-01 0.000000000e+00 -4.000000000e-01 -4.000000000e-01 0.000000000e+00 0.000000000e+00 0.000000000e+00 3.138484719e-03 -2.920000000e+00 -2.920000000e+00 -3.138484719e-03 
d -4.000000000e-01 -4.000000000e-01 0.000000000e+00 -4.000000000e-01 -4.000000000e-01 0.000000000e+00 0.000000000e+00 0.000000000e+00 3.324816189e-03 -2.940000000e+00 -2.940000000e+00 -3.324816188e-03 
d -4.000000000e-01 -4.000000000e-01 0.000000000e+00 -4.000000000e-01 -4.000000000e-01 0.000000000e+00 0.000000000e+00 0.000000000e+00 3.519581422e-03 -2.960000000e+00 -2.960000000e+00 -3.519581421e-03 
d -4.000000000e-01 -4.000000000e-01 0.000000000e+00 -4.000000000e-01 -4.000000000e-01 0.000000000e+00 0.000000000e+00 0.000000000e+00 3.723075494e-03 -2.980000000e+00 -2.980000000e+00 -3.723075494e-03 
d -4.000000000e-01 -4.000000000e-01 0.000000000e+00 -4.000000000e-01 -4.000000000e-01 0.000000000e+00 0.000000000e+00 0.000000000e+00 3.935490186e-03 -3.000000000e+00 -3.000000000e+00 -3.935490185e-03 
d -4.000000000e-01 -4.000000000e-01 0.000000000e+00 -4.000000000e-01 -4.000000000e-01 0.000000000e+00 0.000000000e+00 0.000000000e+00 3.935491038e-03 -3.000000000e+00 -3.000000000e+00 -3.935491038e-03 
d -4.000000000e-01 -4.000000000e-01 0.000000000e+00 -4.000000000e-01 -4.000000000e-01 0.000000000e+00 0.000000000e+00 0.000000000e+00 5.140766790e-03 -3.100000000e+00 -3.100000000e+00 -5.140766790e-03 
d -4.000000000e-01 -4.000000000e-01 0.000000000e+00 -4.000000000e-01 -4.000000000e-01 0.000000000e+00 0.000000000e+00 0.000000000e+00 6.607617226e-03 -3.200000000e+00 -3.200000000e+00 -6.607617226e-03 
d -4.000000000e-01 -4.000000000e-01 0.000000000e+00 -4.000000000e-01 -4.000000000e-01 0.000000000e+00 0.000000000e+00 0.000000000e+00 8.367804119e-03 -3.300000000e+00 -3.300000000e+00 -8.367804119e-03 
d -4.000000000e-01 -4.000000000e-01 0.000000000e+00 -4.000000000e-01 -4.000000000e-01 0.000000000e+00 0.000000000e+00 0.000000000e+00 1.045183995e-02 -3.400000000e+00 -3.400000000e+00 -1.045183995e-02 
d -4.000000000e-01 -4.000000000e-01 0.000000000e+00 -4.000000000e-01 -4.000000000e-01 0.000000000e+00 0.000000000e+00 0.000000000e+00 1.288916916e-02 -3.500000000e+00 -3.500000000e+00 -1.288916916e-02 
d -4.000000000e-01 -4.000000000e-01 0.000000000e+00 -4.000000000e-01 -4.000000000e-01 0.000000000e+00 0.000000000e+00 0.000000000e+00 1.570701787e-02 -3.600000000e+00 -3.600000000e+00 -1.570701787e-02 
d -4.000000000e-01 -4.000000000e-01 0.000000000e+00 -4.000000000e-01 -4.000000000e-01 0.000000000e+00 0.000000000e+00 0.000000000e+00 1.893045404e-02 -3.700000000e+00 -3.700000000e+00 -1.893045404e-02 
d -4.000000000e-01 -4.000000000e-01 0.000000000e+00 -4.000000000e-01 -4.000000000e-01 0.000000000e+00 0.000000000e+00 0.000000000e+00 2.258188059e-02 -3.800000000e+00 -3.800000000e+00 -2.258188059e-02 
d -4.000000000e-01 -4.000000000e-01 0.000000000e+00 -4.000000000e-01 -4.000000000e-01 0.000000000e+00 0.000000000e+00 0.000000000e+00 2.668102753e-02 -3.900000000e+00 -3.900000000e+00 -2.668102753e-02 
d -4.000000000e-01 -4.000000000e-01 0.000000000e+00 -4.000000000e-01 -4.000000000e-01 0.000000000e+00 0.000000000e+00 0.000000000e+00 3.124515342e-02 -4.000000000e+00 -4.000000000e+00 -3.124515342e-02 
d -4.000000000e-01 -4.000000000e-01 0.000000000e+00 -4.000000000e-01 -4.000000000e-01 0.000000000e+00 0.000000000e+00 0.000000000e+00 3.628828767e-02 -4.100000000e+00 -4.100000000e+00 -3.628828759e-02 
d -4.000000000e-01 -4.000000000e-01 0.000000000e+00 -4.000000000e-01 -4.000000000e-01 0.000000000e+00 0.000000000e+00 0.000000000e+00 4.182213767e-02 -4.200000000e+00 -4.200000000e+00 -4.182213757e-02 
d -4.000000000e-01 -4.000000000e-01 0.000000000e+00 -4.000000000e-01 -4.000000000e-01 0.000000000e+00 0.000000000e+00 0.000000000e+00 4.785574414e-02 -4.300000000e+00 -4.300000000e+00 -4.785574401e-02 
d -4.000000000e-01 -4.000000000e-01 0.000000000e+00 -4.000000000e-01 -4.000000000e-01 0.000000000e+00 0.000000000e+00 0.000000000e+00 5.439458528e-02 -4.400000000e+00 -4.400000000e+00 -5.439458527e-02 
d -4.000000000e-01 -4.000000000e-01 0.000000000e+00 -4.000000000e-01 -4.000000000e-01 0.000000000e+00 0.000000000e+00 0.000000000e+00 6.144191345e-02 -4.500000000e+00 -4.500000000e+00 -6.144191344e-02 
d -4.000000000e-01 -4.000000000e-01 0.000000000e+00 -4.000000000e-01 -4.000000000e-01 0.000000000e+00 0.000000000e+00 0.000000000e+00 6.899583211e-02 -4.600000000e+00 -4.600000000e+00 -6.899583210e-02 
d -4.000000000e-01 -4.000000000e-01 0.000000000e+00 -4.000000000e-01 -4.000000000e-01 0.000000000e+00 0.000000000e+00 0.000000000e+00 7.704793368e-02 -4.700000000e+00 -4.700000000e+00 -7.704793366e-02 
d -4.000000000e-01 -4.000000000e-01 0.000000000e+00 -4.000000000e-01 -4.000000000e-01 0.000000000e+00 0.000000000e+00 0.000000000e+00 8.558958493e-02 -4.800000000e+00 -4.800000000e+00 -8.558958490e-02 
d -4.000000000e-01 -4.000000000e-01 0.000000000e+00 -4.000000000e-01 -4.000000000e-01 0.000000000e+00 0.000000000e+00 0.000000000e+00 9.460894664e-02 -4.900000000e+00 -4.900000000e+00 -9.460894659e-02 
d -4.000000000e-01 -4.000000000e-01 0.000000000e+00 -4.000000000e-01 -4.000000000e-01 0.000000000e+00 0.000000000e+00 0.000000000e+00 1.040977879e-01 -5.000000000e+00 -5.000000000e+00 -1.040977878e-01 
