v ATLAS
# This file was created by ATLAS version 5.32.1.R on Fri Jun  6 21:45:45 2025.
#SSF 2.0 generic
##############################################################################
#                    Copyright (c) 1984 - 2021                               #
#                    Silvaco Inc. All rights reserved                        #
#                                                                            #
# This file format and the following Key are copyright Silvaco Inc.          #
# You may not use, this format or key without reproducing this message in    #
# full and obtaining express written permission from Silvaco Inc.            #
#                                                                            #
# To obtain such permission please contact: Silvaco Inc.                     #
#                                           support@silvaco.com              #
#                                                                            #
# KEY=SVC86hn7562asdx                       PROD=345                         #
##############################################################################
y 3 700 711 15
z 0.05 0.00202502 300
f 4 "gate" "gate2" "source" "drain" 
p 12 2 601 20 3 602 21 4 603 22 5 604 23 
d -2.000000000e-01 -2.000000000e-01 0.000000000e+00 -2.000000000e-01 -2.000000000e-01 0.000000000e+00 0.000000000e+00 0.000000000e+00 3.671463479e-21 0.000000000e+00 0.000000000e+00 9.757887423e-19 
d -2.000000000e-01 -2.000000000e-01 0.000000000e+00 -2.000000000e-01 -2.000000000e-01 0.000000000e+00 0.000000000e+00 0.000000000e+00 6.527046185e-21 0.000000000e+00 0.000000000e+00 4.993190332e-19 
d -2.000000000e-01 -2.000000000e-01 0.000000000e+00 -2.000000000e-01 -2.000000000e-01 0.000000000e+00 0.000000000e+00 0.000000000e+00 3.382264053e-18 -2.000000000e-02 -2.000000000e-02 -2.395486350e-18 
d -2.000000000e-01 -2.000000000e-01 0.000000000e+00 -2.000000000e-01 -2.000000000e-01 0.000000000e+00 0.000000000e+00 0.000000000e+00 5.410792629e-18 -4.000000000e-02 -4.000000000e-02 -7.555144310e-18 
d -2.000000000e-01 -2.000000000e-01 0.000000000e+00 -2.000000000e-01 -2.000000000e-01 0.000000000e+00 0.000000000e+00 0.000000000e+00 6.682128073e-18 -6.000000000e-02 -6.000000000e-02 -8.005523462e-18 
d -2.000000000e-01 -2.000000000e-01 0.000000000e+00 -2.000000000e-01 -2.000000000e-01 0.000000000e+00 0.000000000e+00 0.000000000e+00 7.541637738e-18 -8.000000000e-02 -8.000000000e-02 -8.021847123e-18 
d -2.000000000e-01 -2.000000000e-01 0.000000000e+00 -2.000000000e-01 -2.000000000e-01 0.000000000e+00 0.000000000e+00 0.000000000e+00 8.158120209e-18 -1.000000000e-01 -1.000000000e-01 -8.047958157e-18 
d -2.000000000e-01 -2.000000000e-01 0.000000000e+00 -2.000000000e-01 -2.000000000e-01 0.000000000e+00 0.000000000e+00 0.000000000e+00 8.636673299e-18 -1.200000000e-01 -1.200000000e-01 -7.636755620e-18 
d -2.000000000e-01 -2.000000000e-01 0.000000000e+00 -2.000000000e-01 -2.000000000e-01 0.000000000e+00 0.000000000e+00 0.000000000e+00 9.022194976e-18 -1.400000000e-01 -1.400000000e-01 -8.328623207e-18 
d -2.000000000e-01 -2.000000000e-01 0.000000000e+00 -2.000000000e-01 -2.000000000e-01 0.000000000e+00 0.000000000e+00 0.000000000e+00 9.351207218e-18 -1.600000000e-01 -1.600000000e-01 -8.371049383e-18 
d -2.000000000e-01 -2.000000000e-01 0.000000000e+00 -2.000000000e-01 -2.000000000e-01 0.000000000e+00 0.000000000e+00 0.000000000e+00 9.651659163e-18 -1.800000000e-01 -1.800000000e-01 -9.193457432e-18 
d -2.000000000e-01 -2.000000000e-01 0.000000000e+00 -2.000000000e-01 -2.000000000e-01 0.000000000e+00 0.000000000e+00 0.000000000e+00 9.908459424e-18 -2.000000000e-01 -2.000000000e-01 -8.805098347e-18 
d -2.000000000e-01 -2.000000000e-01 0.000000000e+00 -2.000000000e-01 -2.000000000e-01 0.000000000e+00 0.000000000e+00 0.000000000e+00 1.014200613e-17 -2.200000000e-01 -2.200000000e-01 -9.173876587e-18 
d -2.000000000e-01 -2.000000000e-01 0.000000000e+00 -2.000000000e-01 -2.000000000e-01 0.000000000e+00 0.000000000e+00 0.000000000e+00 1.035658317e-17 -2.400000000e-01 -2.400000000e-01 -1.008113612e-17 
d -2.000000000e-01 -2.000000000e-01 0.000000000e+00 -2.000000000e-01 -2.000000000e-01 0.000000000e+00 0.000000000e+00 0.000000000e+00 1.056585678e-17 -2.600000000e-01 -2.600000000e-01 -1.007787271e-17 
d -2.000000000e-01 -2.000000000e-01 0.000000000e+00 -2.000000000e-01 -2.000000000e-01 0.000000000e+00 0.000000000e+00 0.000000000e+00 1.074351492e-17 -2.800000000e-01 -2.800000000e-01 -8.482010023e-18 
d -2.000000000e-01 -2.000000000e-01 0.000000000e+00 -2.000000000e-01 -2.000000000e-01 0.000000000e+00 0.000000000e+00 0.000000000e+00 1.092647624e-17 -3.000000000e-01 -3.000000000e-01 -9.095552468e-18 
d -2.000000000e-01 -2.000000000e-01 0.000000000e+00 -2.000000000e-01 -2.000000000e-01 0.000000000e+00 0.000000000e+00 0.000000000e+00 1.109250802e-17 -3.200000000e-01 -3.200000000e-01 -1.149750557e-17 
d -2.000000000e-01 -2.000000000e-01 0.000000000e+00 -2.000000000e-01 -2.000000000e-01 0.000000000e+00 0.000000000e+00 0.000000000e+00 1.124507775e-17 -3.400000000e-01 -3.400000000e-01 -9.702567968e-18 
d -2.000000000e-01 -2.000000000e-01 0.000000000e+00 -2.000000000e-01 -2.000000000e-01 0.000000000e+00 0.000000000e+00 0.000000000e+00 1.140376659e-17 -3.600000000e-01 -3.600000000e-01 -1.215021039e-17 
d -2.000000000e-01 -2.000000000e-01 0.000000000e+00 -2.000000000e-01 -2.000000000e-01 0.000000000e+00 0.000000000e+00 0.000000000e+00 1.153287974e-17 -3.800000000e-01 -3.800000000e-01 -1.114504538e-17 
d -2.000000000e-01 -2.000000000e-01 0.000000000e+00 -2.000000000e-01 -2.000000000e-01 0.000000000e+00 0.000000000e+00 0.000000000e+00 1.167239537e-17 -4.000000000e-01 -4.000000000e-01 -1.180427714e-17 
d -2.000000000e-01 -2.000000000e-01 0.000000000e+00 -2.000000000e-01 -2.000000000e-01 0.000000000e+00 0.000000000e+00 0.000000000e+00 1.179681721e-17 -4.200000000e-01 -4.200000000e-01 -9.855953957e-18 
d -2.000000000e-01 -2.000000000e-01 0.000000000e+00 -2.000000000e-01 -2.000000000e-01 0.000000000e+00 0.000000000e+00 0.000000000e+00 1.192633830e-17 -4.400000000e-01 -4.400000000e-01 -1.225464353e-17 
d -2.000000000e-01 -2.000000000e-01 0.000000000e+00 -2.000000000e-01 -2.000000000e-01 0.000000000e+00 0.000000000e+00 0.000000000e+00 1.204484501e-17 -4.600000000e-01 -4.600000000e-01 -1.177816926e-17 
d -2.000000000e-01 -2.000000000e-01 0.000000000e+00 -2.000000000e-01 -2.000000000e-01 0.000000000e+00 0.000000000e+00 0.000000000e+00 1.214519840e-17 -4.800000000e-01 -4.800000000e-01 -1.056740233e-17 
d -2.000000000e-01 -2.000000000e-01 0.000000000e+00 -2.000000000e-01 -2.000000000e-01 0.000000000e+00 0.000000000e+00 0.000000000e+00 1.226387318e-17 -5.000000000e-01 -5.000000000e-01 -1.151725572e-17 
d -2.000000000e-01 -2.000000000e-01 0.000000000e+00 -2.000000000e-01 -2.000000000e-01 0.000000000e+00 0.000000000e+00 0.000000000e+00 1.242329430e-17 -5.200000000e-01 -5.200000000e-01 -1.251009914e-17 
d -2.000000000e-01 -2.000000000e-01 0.000000000e+00 -2.000000000e-01 -2.000000000e-01 0.000000000e+00 0.000000000e+00 0.000000000e+00 1.485582654e-17 -5.400000000e-01 -5.400000000e-01 -1.547846115e-17 
d -2.000000000e-01 -2.000000000e-01 0.000000000e+00 -2.000000000e-01 -2.000000000e-01 0.000000000e+00 0.000000000e+00 0.000000000e+00 5.105786957e-17 -5.600000000e-01 -5.600000000e-01 -4.672443651e-17 
d -2.000000000e-01 -2.000000000e-01 0.000000000e+00 -2.000000000e-01 -2.000000000e-01 0.000000000e+00 0.000000000e+00 0.000000000e+00 3.726946509e-16 -5.800000000e-01 -5.800000000e-01 -3.718197365e-16 
d -2.000000000e-01 -2.000000000e-01 0.000000000e+00 -2.000000000e-01 -2.000000000e-01 0.000000000e+00 0.000000000e+00 0.000000000e+00 2.349043239e-15 -6.000000000e-01 -6.000000000e-01 -2.349894321e-15 
d -2.000000000e-01 -2.000000000e-01 0.000000000e+00 -2.000000000e-01 -2.000000000e-01 0.000000000e+00 0.000000000e+00 0.000000000e+00 1.168245194e-14 -6.200000000e-01 -6.200000000e-01 -1.168299992e-14 
d -2.000000000e-01 -2.000000000e-01 0.000000000e+00 -2.000000000e-01 -2.000000000e-01 0.000000000e+00 0.000000000e+00 0.000000000e+00 4.783214879e-14 -6.400000000e-01 -6.400000000e-01 -4.783369275e-14 
d -2.000000000e-01 -2.000000000e-01 0.000000000e+00 -2.000000000e-01 -2.000000000e-01 0.000000000e+00 0.000000000e+00 0.000000000e+00 1.679961953e-13 -6.600000000e-01 -6.600000000e-01 -1.679962684e-13 
d -2.000000000e-01 -2.000000000e-01 0.000000000e+00 -2.000000000e-01 -2.000000000e-01 0.000000000e+00 0.000000000e+00 0.000000000e+00 5.199663806e-13 -6.800000000e-01 -6.800000000e-01 -5.199654345e-13 
d -2.000000000e-01 -2.000000000e-01 0.000000000e+00 -2.000000000e-01 -2.000000000e-01 0.000000000e+00 0.000000000e+00 0.000000000e+00 1.450778849e-12 -7.000000000e-01 -7.000000000e-01 -1.450778912e-12 
d -2.000000000e-01 -2.000000000e-01 0.000000000e+00 -2.000000000e-01 -2.000000000e-01 0.000000000e+00 0.000000000e+00 0.000000000e+00 3.707691787e-12 -7.200000000e-01 -7.200000000e-01 -3.707692254e-12 
d -2.000000000e-01 -2.000000000e-01 0.000000000e+00 -2.000000000e-01 -2.000000000e-01 0.000000000e+00 0.000000000e+00 0.000000000e+00 8.797807947e-12 -7.400000000e-01 -7.400000000e-01 -8.797807376e-12 
d -2.000000000e-01 -2.000000000e-01 0.000000000e+00 -2.000000000e-01 -2.000000000e-01 0.000000000e+00 0.000000000e+00 0.000000000e+00 1.956418901e-11 -7.600000000e-01 -7.600000000e-01 -1.956418856e-11 
d -2.000000000e-01 -2.000000000e-01 0.000000000e+00 -2.000000000e-01 -2.000000000e-01 0.000000000e+00 0.000000000e+00 0.000000000e+00 4.111868742e-11 -7.800000000e-01 -7.800000000e-01 -4.111868883e-11 
d -2.000000000e-01 -2.000000000e-01 0.000000000e+00 -2.000000000e-01 -2.000000000e-01 0.000000000e+00 0.000000000e+00 0.000000000e+00 8.223274334e-11 -8.000000000e-01 -8.000000000e-01 -8.223274159e-11 
d -2.000000000e-01 -2.000000000e-01 0.000000000e+00 -2.000000000e-01 -2.000000000e-01 0.000000000e+00 0.000000000e+00 0.000000000e+00 1.573463226e-10 -8.200000000e-01 -8.200000000e-01 -1.573463206e-10 
d -2.000000000e-01 -2.000000000e-01 0.000000000e+00 -2.000000000e-01 -2.000000000e-01 0.000000000e+00 0.000000000e+00 0.000000000e+00 2.894585888e-10 -8.400000000e-01 -8.400000000e-01 -2.894585876e-10 
d -2.000000000e-01 -2.000000000e-01 0.000000000e+00 -2.000000000e-01 -2.000000000e-01 0.000000000e+00 0.000000000e+00 0.000000000e+00 5.138273224e-10 -8.600000000e-01 -8.600000000e-01 -5.138273222e-10 
d -2.000000000e-01 -2.000000000e-01 0.000000000e+00 -2.000000000e-01 -2.000000000e-01 0.000000000e+00 0.000000000e+00 0.000000000e+00 8.836006044e-10 -8.800000000e-01 -8.800000000e-01 -8.836006054e-10 
d -2.000000000e-01 -2.000000000e-01 0.000000000e+00 -2.000000000e-01 -2.000000000e-01 0.000000000e+00 0.000000000e+00 0.000000000e+00 1.475729973e-09 -9.000000000e-01 -9.000000000e-01 -1.475729974e-09 
d -2.000000000e-01 -2.000000000e-01 0.000000000e+00 -2.000000000e-01 -2.000000000e-01 0.000000000e+00 0.000000000e+00 0.000000000e+00 2.400153693e-09 -9.200000000e-01 -9.200000000e-01 -2.400153692e-09 
d -2.000000000e-01 -2.000000000e-01 0.000000000e+00 -2.000000000e-01 -2.000000000e-01 0.000000000e+00 0.000000000e+00 0.000000000e+00 3.810229389e-09 -9.400000000e-01 -9.400000000e-01 -3.810229388e-09 
d -2.000000000e-01 -2.000000000e-01 0.000000000e+00 -2.000000000e-01 -2.000000000e-01 0.000000000e+00 0.000000000e+00 0.000000000e+00 5.915636413e-09 -9.600000000e-01 -9.600000000e-01 -5.915636414e-09 
d -2.000000000e-01 -2.000000000e-01 0.000000000e+00 -2.000000000e-01 -2.000000000e-01 0.000000000e+00 0.000000000e+00 0.000000000e+00 8.998390666e-09 -9.800000000e-01 -9.800000000e-01 -8.998390665e-09 
d -2.000000000e-01 -2.000000000e-01 0.000000000e+00 -2.000000000e-01 -2.000000000e-01 0.000000000e+00 0.000000000e+00 0.000000000e+00 1.343052480e-08 -1.000000000e+00 -1.000000000e+00 -1.343052480e-08 
d -2.000000000e-01 -2.000000000e-01 0.000000000e+00 -2.000000000e-01 -2.000000000e-01 0.000000000e+00 0.000000000e+00 0.000000000e+00 1.969781732e-08 -1.020000000e+00 -1.020000000e+00 -1.969781732e-08 
d -2.000000000e-01 -2.000000000e-01 0.000000000e+00 -2.000000000e-01 -2.000000000e-01 0.000000000e+00 0.000000000e+00 0.000000000e+00 2.842329840e-08 -1.040000000e+00 -1.040000000e+00 -2.842329840e-08 
d -2.000000000e-01 -2.000000000e-01 0.000000000e+00 -2.000000000e-01 -2.000000000e-01 0.000000000e+00 0.000000000e+00 0.000000000e+00 4.039666060e-08 -1.060000000e+00 -1.060000000e+00 -4.039666060e-08 
d -2.000000000e-01 -2.000000000e-01 0.000000000e+00 -2.000000000e-01 -2.000000000e-01 0.000000000e+00 0.000000000e+00 0.000000000e+00 5.661031990e-08 -1.080000000e+00 -1.080000000e+00 -5.661031991e-08 
d -2.000000000e-01 -2.000000000e-01 0.000000000e+00 -2.000000000e-01 -2.000000000e-01 0.000000000e+00 0.000000000e+00 0.000000000e+00 7.828901783e-08 -1.100000000e+00 -1.100000000e+00 -7.828901783e-08 
d -2.000000000e-01 -2.000000000e-01 0.000000000e+00 -2.000000000e-01 -2.000000000e-01 0.000000000e+00 0.000000000e+00 0.000000000e+00 1.069451775e-07 -1.120000000e+00 -1.120000000e+00 -1.069451775e-07 
d -2.000000000e-01 -2.000000000e-01 0.000000000e+00 -2.000000000e-01 -2.000000000e-01 0.000000000e+00 0.000000000e+00 0.000000000e+00 1.444036716e-07 -1.140000000e+00 -1.140000000e+00 -1.444036716e-07 
d -2.000000000e-01 -2.000000000e-01 0.000000000e+00 -2.000000000e-01 -2.000000000e-01 0.000000000e+00 0.000000000e+00 0.000000000e+00 1.928776358e-07 -1.160000000e+00 -1.160000000e+00 -1.928776358e-07 
d -2.000000000e-01 -2.000000000e-01 0.000000000e+00 -2.000000000e-01 -2.000000000e-01 0.000000000e+00 0.000000000e+00 0.000000000e+00 2.549962288e-07 -1.180000000e+00 -1.180000000e+00 -2.549962288e-07 
d -2.000000000e-01 -2.000000000e-01 0.000000000e+00 -2.000000000e-01 -2.000000000e-01 0.000000000e+00 0.000000000e+00 0.000000000e+00 3.338863678e-07 -1.200000000e+00 -1.200000000e+00 -3.338863678e-07 
d -2.000000000e-01 -2.000000000e-01 0.000000000e+00 -2.000000000e-01 -2.000000000e-01 0.000000000e+00 0.000000000e+00 0.000000000e+00 4.332059839e-07 -1.220000000e+00 -1.220000000e+00 -4.332059839e-07 
d -2.000000000e-01 -2.000000000e-01 0.000000000e+00 -2.000000000e-01 -2.000000000e-01 0.000000000e+00 0.000000000e+00 0.000000000e+00 5.572554598e-07 -1.240000000e+00 -1.240000000e+00 -5.572554598e-07 
d -2.000000000e-01 -2.000000000e-01 0.000000000e+00 -2.000000000e-01 -2.000000000e-01 0.000000000e+00 0.000000000e+00 0.000000000e+00 7.110704016e-07 -1.260000000e+00 -1.260000000e+00 -7.110704016e-07 
d -2.000000000e-01 -2.000000000e-01 0.000000000e+00 -2.000000000e-01 -2.000000000e-01 0.000000000e+00 0.000000000e+00 0.000000000e+00 9.003333631e-07 -1.280000000e+00 -1.280000000e+00 -9.003333631e-07 
d -2.000000000e-01 -2.000000000e-01 0.000000000e+00 -2.000000000e-01 -2.000000000e-01 0.000000000e+00 0.000000000e+00 0.000000000e+00 1.131607634e-06 -1.300000000e+00 -1.300000000e+00 -1.131607634e-06 
d -2.000000000e-01 -2.000000000e-01 0.000000000e+00 -2.000000000e-01 -2.000000000e-01 0.000000000e+00 0.000000000e+00 0.000000000e+00 1.412511413e-06 -1.320000000e+00 -1.320000000e+00 -1.412511413e-06 
d -2.000000000e-01 -2.000000000e-01 0.000000000e+00 -2.000000000e-01 -2.000000000e-01 0.000000000e+00 0.000000000e+00 0.000000000e+00 1.751552310e-06 -1.340000000e+00 -1.340000000e+00 -1.751552310e-06 
d -2.000000000e-01 -2.000000000e-01 0.000000000e+00 -2.000000000e-01 -2.000000000e-01 0.000000000e+00 0.000000000e+00 0.000000000e+00 2.158367414e-06 -1.360000000e+00 -1.360000000e+00 -2.158367414e-06 
d -2.000000000e-01 -2.000000000e-01 0.000000000e+00 -2.000000000e-01 -2.000000000e-01 0.000000000e+00 0.000000000e+00 0.000000000e+00 2.643712919e-06 -1.380000000e+00 -1.380000000e+00 -2.643712919e-06 
d -2.000000000e-01 -2.000000000e-01 0.000000000e+00 -2.000000000e-01 -2.000000000e-01 0.000000000e+00 0.000000000e+00 0.000000000e+00 3.219966443e-06 -1.400000000e+00 -1.400000000e+00 -3.219966443e-06 
d -2.000000000e-01 -2.000000000e-01 0.000000000e+00 -2.000000000e-01 -2.000000000e-01 0.000000000e+00 0.000000000e+00 0.000000000e+00 3.900458782e-06 -1.420000000e+00 -1.420000000e+00 -3.900458782e-06 
d -2.000000000e-01 -2.000000000e-01 0.000000000e+00 -2.000000000e-01 -2.000000000e-01 0.000000000e+00 0.000000000e+00 0.000000000e+00 4.700201515e-06 -1.440000000e+00 -1.440000000e+00 -4.700201515e-06 
d -2.000000000e-01 -2.000000000e-01 0.000000000e+00 -2.000000000e-01 -2.000000000e-01 0.000000000e+00 0.000000000e+00 0.000000000e+00 5.635938734e-06 -1.460000000e+00 -1.460000000e+00 -5.635938734e-06 
d -2.000000000e-01 -2.000000000e-01 0.000000000e+00 -2.000000000e-01 -2.000000000e-01 0.000000000e+00 0.000000000e+00 0.000000000e+00 6.726137245e-06 -1.480000000e+00 -1.480000000e+00 -6.726137245e-06 
d -2.000000000e-01 -2.000000000e-01 0.000000000e+00 -2.000000000e-01 -2.000000000e-01 0.000000000e+00 0.000000000e+00 0.000000000e+00 7.990539850e-06 -1.500000000e+00 -1.500000000e+00 -7.990539850e-06 
d -2.000000000e-01 -2.000000000e-01 0.000000000e+00 -2.000000000e-01 -2.000000000e-01 0.000000000e+00 0.000000000e+00 0.000000000e+00 9.451377296e-06 -1.520000000e+00 -1.520000000e+00 -9.451377296e-06 
d -2.000000000e-01 -2.000000000e-01 0.000000000e+00 -2.000000000e-01 -2.000000000e-01 0.000000000e+00 0.000000000e+00 0.000000000e+00 1.113282715e-05 -1.540000000e+00 -1.540000000e+00 -1.113282715e-05 
d -2.000000000e-01 -2.000000000e-01 0.000000000e+00 -2.000000000e-01 -2.000000000e-01 0.000000000e+00 0.000000000e+00 0.000000000e+00 1.306075096e-05 -1.560000000e+00 -1.560000000e+00 -1.306075096e-05 
d -2.000000000e-01 -2.000000000e-01 0.000000000e+00 -2.000000000e-01 -2.000000000e-01 0.000000000e+00 0.000000000e+00 0.000000000e+00 1.526343079e-05 -1.580000000e+00 -1.580000000e+00 -1.526343079e-05 
d -2.000000000e-01 -2.000000000e-01 0.000000000e+00 -2.000000000e-01 -2.000000000e-01 0.000000000e+00 0.000000000e+00 0.000000000e+00 1.777229698e-05 -1.600000000e+00 -1.600000000e+00 -1.777229698e-05 
d -2.000000000e-01 -2.000000000e-01 0.000000000e+00 -2.000000000e-01 -2.000000000e-01 0.000000000e+00 0.000000000e+00 0.000000000e+00 2.062011405e-05 -1.620000000e+00 -1.620000000e+00 -2.062011405e-05 
d -2.000000000e-01 -2.000000000e-01 0.000000000e+00 -2.000000000e-01 -2.000000000e-01 0.000000000e+00 0.000000000e+00 0.000000000e+00 2.384298871e-05 -1.640000000e+00 -1.640000000e+00 -2.384298871e-05 
d -2.000000000e-01 -2.000000000e-01 0.000000000e+00 -2.000000000e-01 -2.000000000e-01 0.000000000e+00 0.000000000e+00 0.000000000e+00 2.747820898e-05 -1.660000000e+00 -1.660000000e+00 -2.747820898e-05 
d -2.000000000e-01 -2.000000000e-01 0.000000000e+00 -2.000000000e-01 -2.000000000e-01 0.000000000e+00 0.000000000e+00 0.000000000e+00 3.156778575e-05 -1.680000000e+00 -1.680000000e+00 -3.156778575e-05 
d -2.000000000e-01 -2.000000000e-01 0.000000000e+00 -2.000000000e-01 -2.000000000e-01 0.000000000e+00 0.000000000e+00 0.000000000e+00 3.615635145e-05 -1.700000000e+00 -1.700000000e+00 -3.615635145e-05 
d -2.000000000e-01 -2.000000000e-01 0.000000000e+00 -2.000000000e-01 -2.000000000e-01 0.000000000e+00 0.000000000e+00 0.000000000e+00 4.128939937e-05 -1.720000000e+00 -1.720000000e+00 -4.128939937e-05 
d -2.000000000e-01 -2.000000000e-01 0.000000000e+00 -2.000000000e-01 -2.000000000e-01 0.000000000e+00 0.000000000e+00 0.000000000e+00 4.701635128e-05 -1.740000000e+00 -1.740000000e+00 -4.701635128e-05 
d -2.000000000e-01 -2.000000000e-01 0.000000000e+00 -2.000000000e-01 -2.000000000e-01 0.000000000e+00 0.000000000e+00 0.000000000e+00 5.339236584e-05 -1.760000000e+00 -1.760000000e+00 -5.339236584e-05 
d -2.000000000e-01 -2.000000000e-01 0.000000000e+00 -2.000000000e-01 -2.000000000e-01 0.000000000e+00 0.000000000e+00 0.000000000e+00 6.047317700e-05 -1.780000000e+00 -1.780000000e+00 -6.047317700e-05 
d -2.000000000e-01 -2.000000000e-01 0.000000000e+00 -2.000000000e-01 -2.000000000e-01 0.000000000e+00 0.000000000e+00 0.000000000e+00 6.831880257e-05 -1.800000000e+00 -1.800000000e+00 -6.831880257e-05 
d -2.000000000e-01 -2.000000000e-01 0.000000000e+00 -2.000000000e-01 -2.000000000e-01 0.000000000e+00 0.000000000e+00 0.000000000e+00 7.699254622e-05 -1.820000000e+00 -1.820000000e+00 -7.699254622e-05 
d -2.000000000e-01 -2.000000000e-01 0.000000000e+00 -2.000000000e-01 -2.000000000e-01 0.000000000e+00 0.000000000e+00 0.000000000e+00 8.655791391e-05 -1.840000000e+00 -1.840000000e+00 -8.655791391e-05 
d -2.000000000e-01 -2.000000000e-01 0.000000000e+00 -2.000000000e-01 -2.000000000e-01 0.000000000e+00 0.000000000e+00 0.000000000e+00 9.708879385e-05 -1.860000000e+00 -1.860000000e+00 -9.708879385e-05 
d -2.000000000e-01 -2.000000000e-01 0.000000000e+00 -2.000000000e-01 -2.000000000e-01 0.000000000e+00 0.000000000e+00 0.000000000e+00 1.086580769e-04 -1.880000000e+00 -1.880000000e+00 -1.086580769e-04 
d -2.000000000e-01 -2.000000000e-01 0.000000000e+00 -2.000000000e-01 -2.000000000e-01 0.000000000e+00 0.000000000e+00 0.000000000e+00 1.213465481e-04 -1.900000000e+00 -1.900000000e+00 -1.213465481e-04 
d -2.000000000e-01 -2.000000000e-01 0.000000000e+00 -2.000000000e-01 -2.000000000e-01 0.000000000e+00 0.000000000e+00 0.000000000e+00 1.352278596e-04 -1.920000000e+00 -1.920000000e+00 -1.352278596e-04 
d -2.000000000e-01 -2.000000000e-01 0.000000000e+00 -2.000000000e-01 -2.000000000e-01 0.000000000e+00 0.000000000e+00 0.000000000e+00 1.503919984e-04 -1.940000000e+00 -1.940000000e+00 -1.503919984e-04 
d -2.000000000e-01 -2.000000000e-01 0.000000000e+00 -2.000000000e-01 -2.000000000e-01 0.000000000e+00 0.000000000e+00 0.000000000e+00 1.669325949e-04 -1.960000000e+00 -1.960000000e+00 -1.669325949e-04 
d -2.000000000e-01 -2.000000000e-01 0.000000000e+00 -2.000000000e-01 -2.000000000e-01 0.000000000e+00 0.000000000e+00 0.000000000e+00 1.849349292e-04 -1.980000000e+00 -1.980000000e+00 -1.849349292e-04 
d -2.000000000e-01 -2.000000000e-01 0.000000000e+00 -2.000000000e-01 -2.000000000e-01 0.000000000e+00 0.000000000e+00 0.000000000e+00 2.045032193e-04 -2.000000000e+00 -2.000000000e+00 -2.045032193e-04 
d -2.000000000e-01 -2.000000000e-01 0.000000000e+00 -2.000000000e-01 -2.000000000e-01 0.000000000e+00 0.000000000e+00 0.000000000e+00 2.257369013e-04 -2.020000000e+00 -2.020000000e+00 -2.257369013e-04 
d -2.000000000e-01 -2.000000000e-01 0.000000000e+00 -2.000000000e-01 -2.000000000e-01 0.000000000e+00 0.000000000e+00 0.000000000e+00 2.487395498e-04 -2.040000000e+00 -2.040000000e+00 -2.487395498e-04 
d -2.000000000e-01 -2.000000000e-01 0.000000000e+00 -2.000000000e-01 -2.000000000e-01 0.000000000e+00 0.000000000e+00 0.000000000e+00 2.736262078e-04 -2.060000000e+00 -2.060000000e+00 -2.736262078e-04 
d -2.000000000e-01 -2.000000000e-01 0.000000000e+00 -2.000000000e-01 -2.000000000e-01 0.000000000e+00 0.000000000e+00 0.000000000e+00 3.005072484e-04 -2.080000000e+00 -2.080000000e+00 -3.005072484e-04 
d -2.000000000e-01 -2.000000000e-01 0.000000000e+00 -2.000000000e-01 -2.000000000e-01 0.000000000e+00 0.000000000e+00 0.000000000e+00 3.295010815e-04 -2.100000000e+00 -2.100000000e+00 -3.295010815e-04 
d -2.000000000e-01 -2.000000000e-01 0.000000000e+00 -2.000000000e-01 -2.000000000e-01 0.000000000e+00 0.000000000e+00 0.000000000e+00 3.607402197e-04 -2.120000000e+00 -2.120000000e+00 -3.607402197e-04 
d -2.000000000e-01 -2.000000000e-01 0.000000000e+00 -2.000000000e-01 -2.000000000e-01 0.000000000e+00 0.000000000e+00 0.000000000e+00 3.943386601e-04 -2.140000000e+00 -2.140000000e+00 -3.943386601e-04 
d -2.000000000e-01 -2.000000000e-01 0.000000000e+00 -2.000000000e-01 -2.000000000e-01 0.000000000e+00 0.000000000e+00 0.000000000e+00 4.304346936e-04 -2.160000000e+00 -2.160000000e+00 -4.304346936e-04 
d -2.000000000e-01 -2.000000000e-01 0.000000000e+00 -2.000000000e-01 -2.000000000e-01 0.000000000e+00 0.000000000e+00 0.000000000e+00 4.691709316e-04 -2.180000000e+00 -2.180000000e+00 -4.691709316e-04 
d -2.000000000e-01 -2.000000000e-01 0.000000000e+00 -2.000000000e-01 -2.000000000e-01 0.000000000e+00 0.000000000e+00 0.000000000e+00 5.106840900e-04 -2.200000000e+00 -2.200000000e+00 -5.106840900e-04 
d -2.000000000e-01 -2.000000000e-01 0.000000000e+00 -2.000000000e-01 -2.000000000e-01 0.000000000e+00 0.000000000e+00 0.000000000e+00 5.551185133e-04 -2.220000000e+00 -2.220000000e+00 -5.551185133e-04 
d -2.000000000e-01 -2.000000000e-01 0.000000000e+00 -2.000000000e-01 -2.000000000e-01 0.000000000e+00 0.000000000e+00 0.000000000e+00 6.026345770e-04 -2.240000000e+00 -2.240000000e+00 -6.026345770e-04 
d -2.000000000e-01 -2.000000000e-01 0.000000000e+00 -2.000000000e-01 -2.000000000e-01 0.000000000e+00 0.000000000e+00 0.000000000e+00 6.533712059e-04 -2.260000000e+00 -2.260000000e+00 -6.533712058e-04 
d -2.000000000e-01 -2.000000000e-01 0.000000000e+00 -2.000000000e-01 -2.000000000e-01 0.000000000e+00 0.000000000e+00 0.000000000e+00 7.075098849e-04 -2.280000000e+00 -2.280000000e+00 -7.075098849e-04 
d -2.000000000e-01 -2.000000000e-01 0.000000000e+00 -2.000000000e-01 -2.000000000e-01 0.000000000e+00 0.000000000e+00 0.000000000e+00 7.652024960e-04 -2.300000000e+00 -2.300000000e+00 -7.652024960e-04 
d -2.000000000e-01 -2.000000000e-01 0.000000000e+00 -2.000000000e-01 -2.000000000e-01 0.000000000e+00 0.000000000e+00 0.000000000e+00 8.266164727e-04 -2.320000000e+00 -2.320000000e+00 -8.266164727e-04 
d -2.000000000e-01 -2.000000000e-01 0.000000000e+00 -2.000000000e-01 -2.000000000e-01 0.000000000e+00 0.000000000e+00 0.000000000e+00 8.919412645e-04 -2.340000000e+00 -2.340000000e+00 -8.919412645e-04 
d -2.000000000e-01 -2.000000000e-01 0.000000000e+00 -2.000000000e-01 -2.000000000e-01 0.000000000e+00 0.000000000e+00 0.000000000e+00 9.613260901e-04 -2.360000000e+00 -2.360000000e+00 -9.613260901e-04 
d -2.000000000e-01 -2.000000000e-01 0.000000000e+00 -2.000000000e-01 -2.000000000e-01 0.000000000e+00 0.000000000e+00 0.000000000e+00 1.034981739e-03 -2.380000000e+00 -2.380000000e+00 -1.034981739e-03 
d -2.000000000e-01 -2.000000000e-01 0.000000000e+00 -2.000000000e-01 -2.000000000e-01 0.000000000e+00 0.000000000e+00 0.000000000e+00 1.113106973e-03 -2.400000000e+00 -2.400000000e+00 -1.113106973e-03 
d -2.000000000e-01 -2.000000000e-01 0.000000000e+00 -2.000000000e-01 -2.000000000e-01 0.000000000e+00 0.000000000e+00 0.000000000e+00 1.195853823e-03 -2.420000000e+00 -2.420000000e+00 -1.195853823e-03 
d -2.000000000e-01 -2.000000000e-01 0.000000000e+00 -2.000000000e-01 -2.000000000e-01 0.000000000e+00 0.000000000e+00 0.000000000e+00 1.283444280e-03 -2.440000000e+00 -2.440000000e+00 -1.283444280e-03 
d -2.000000000e-01 -2.000000000e-01 0.000000000e+00 -2.000000000e-01 -2.000000000e-01 0.000000000e+00 0.000000000e+00 0.000000000e+00 1.376058054e-03 -2.460000000e+00 -2.460000000e+00 -1.376058054e-03 
d -2.000000000e-01 -2.000000000e-01 0.000000000e+00 -2.000000000e-01 -2.000000000e-01 0.000000000e+00 0.000000000e+00 0.000000000e+00 1.473940819e-03 -2.480000000e+00 -2.480000000e+00 -1.473940819e-03 
d -2.000000000e-01 -2.000000000e-01 0.000000000e+00 -2.000000000e-01 -2.000000000e-01 0.000000000e+00 0.000000000e+00 0.000000000e+00 1.577242040e-03 -2.500000000e+00 -2.500000000e+00 -1.577242040e-03 
d -2.000000000e-01 -2.000000000e-01 0.000000000e+00 -2.000000000e-01 -2.000000000e-01 0.000000000e+00 0.000000000e+00 0.000000000e+00 1.686207034e-03 -2.520000000e+00 -2.520000000e+00 -1.686207034e-03 
d -2.000000000e-01 -2.000000000e-01 0.000000000e+00 -2.000000000e-01 -2.000000000e-01 0.000000000e+00 0.000000000e+00 0.000000000e+00 1.801108067e-03 -2.540000000e+00 -2.540000000e+00 -1.801108067e-03 
d -2.000000000e-01 -2.000000000e-01 0.000000000e+00 -2.000000000e-01 -2.000000000e-01 0.000000000e+00 0.000000000e+00 0.000000000e+00 1.922030196e-03 -2.560000000e+00 -2.560000000e+00 -1.922030195e-03 
d -2.000000000e-01 -2.000000000e-01 0.000000000e+00 -2.000000000e-01 -2.000000000e-01 0.000000000e+00 0.000000000e+00 0.000000000e+00 2.049296005e-03 -2.580000000e+00 -2.580000000e+00 -2.049296004e-03 
d -2.000000000e-01 -2.000000000e-01 0.000000000e+00 -2.000000000e-01 -2.000000000e-01 0.000000000e+00 0.000000000e+00 0.000000000e+00 2.183144818e-03 -2.600000000e+00 -2.600000000e+00 -2.183144818e-03 
d -2.000000000e-01 -2.000000000e-01 0.000000000e+00 -2.000000000e-01 -2.000000000e-01 0.000000000e+00 0.000000000e+00 0.000000000e+00 2.323675900e-03 -2.620000000e+00 -2.620000000e+00 -2.323675900e-03 
d -2.000000000e-01 -2.000000000e-01 0.000000000e+00 -2.000000000e-01 -2.000000000e-01 0.000000000e+00 0.000000000e+00 0.000000000e+00 2.471250846e-03 -2.640000000e+00 -2.640000000e+00 -2.471250846e-03 
d -2.000000000e-01 -2.000000000e-01 0.000000000e+00 -2.000000000e-01 -2.000000000e-01 0.000000000e+00 0.000000000e+00 0.000000000e+00 2.626059480e-03 -2.660000000e+00 -2.660000000e+00 -2.626059480e-03 
d -2.000000000e-01 -2.000000000e-01 0.000000000e+00 -2.000000000e-01 -2.000000000e-01 0.000000000e+00 0.000000000e+00 0.000000000e+00 2.788379336e-03 -2.680000000e+00 -2.680000000e+00 -2.788379336e-03 
d -2.000000000e-01 -2.000000000e-01 0.000000000e+00 -2.000000000e-01 -2.000000000e-01 0.000000000e+00 0.000000000e+00 0.000000000e+00 2.958335374e-03 -2.700000000e+00 -2.700000000e+00 -2.958335373e-03 
d -2.000000000e-01 -2.000000000e-01 0.000000000e+00 -2.000000000e-01 -2.000000000e-01 0.000000000e+00 0.000000000e+00 0.000000000e+00 3.136313328e-03 -2.720000000e+00 -2.720000000e+00 -3.136313327e-03 
d -2.000000000e-01 -2.000000000e-01 0.000000000e+00 -2.000000000e-01 -2.000000000e-01 0.000000000e+00 0.000000000e+00 0.000000000e+00 3.322449451e-03 -2.740000000e+00 -2.740000000e+00 -3.322449451e-03 
d -2.000000000e-01 -2.000000000e-01 0.000000000e+00 -2.000000000e-01 -2.000000000e-01 0.000000000e+00 0.000000000e+00 0.000000000e+00 3.517017358e-03 -2.760000000e+00 -2.760000000e+00 -3.517017357e-03 
d -2.000000000e-01 -2.000000000e-01 0.000000000e+00 -2.000000000e-01 -2.000000000e-01 0.000000000e+00 0.000000000e+00 0.000000000e+00 3.720294926e-03 -2.780000000e+00 -2.780000000e+00 -3.720294926e-03 
d -2.000000000e-01 -2.000000000e-01 0.000000000e+00 -2.000000000e-01 -2.000000000e-01 0.000000000e+00 0.000000000e+00 0.000000000e+00 3.932582132e-03 -2.800000000e+00 -2.800000000e+00 -3.932582132e-03 
d -2.000000000e-01 -2.000000000e-01 0.000000000e+00 -2.000000000e-01 -2.000000000e-01 0.000000000e+00 0.000000000e+00 0.000000000e+00 4.153928220e-03 -2.820000000e+00 -2.820000000e+00 -4.153928219e-03 
d -2.000000000e-01 -2.000000000e-01 0.000000000e+00 -2.000000000e-01 -2.000000000e-01 0.000000000e+00 0.000000000e+00 0.000000000e+00 4.384762584e-03 -2.840000000e+00 -2.840000000e+00 -4.384762583e-03 
d -2.000000000e-01 -2.000000000e-01 0.000000000e+00 -2.000000000e-01 -2.000000000e-01 0.000000000e+00 0.000000000e+00 0.000000000e+00 4.625185292e-03 -2.860000000e+00 -2.860000000e+00 -4.625185292e-03 
d -2.000000000e-01 -2.000000000e-01 0.000000000e+00 -2.000000000e-01 -2.000000000e-01 0.000000000e+00 0.000000000e+00 0.000000000e+00 4.875720097e-03 -2.880000000e+00 -2.880000000e+00 -4.875720096e-03 
d -2.000000000e-01 -2.000000000e-01 0.000000000e+00 -2.000000000e-01 -2.000000000e-01 0.000000000e+00 0.000000000e+00 0.000000000e+00 5.136359012e-03 -2.900000000e+00 -2.900000000e+00 -5.136359011e-03 
d -2.000000000e-01 -2.000000000e-01 0.000000000e+00 -2.000000000e-01 -2.000000000e-01 0.000000000e+00 0.000000000e+00 0.000000000e+00 5.407444117e-03 -2.920000000e+00 -2.920000000e+00 -5.407444116e-03 
d -2.000000000e-01 -2.000000000e-01 0.000000000e+00 -2.000000000e-01 -2.000000000e-01 0.000000000e+00 0.000000000e+00 0.000000000e+00 5.689219559e-03 -2.940000000e+00 -2.940000000e+00 -5.689219558e-03 
d -2.000000000e-01 -2.000000000e-01 0.000000000e+00 -2.000000000e-01 -2.000000000e-01 0.000000000e+00 0.000000000e+00 0.000000000e+00 5.981906434e-03 -2.960000000e+00 -2.960000000e+00 -5.981906433e-03 
d -2.000000000e-01 -2.000000000e-01 0.000000000e+00 -2.000000000e-01 -2.000000000e-01 0.000000000e+00 0.000000000e+00 0.000000000e+00 6.285940775e-03 -2.980000000e+00 -2.980000000e+00 -6.285940774e-03 
d -2.000000000e-01 -2.000000000e-01 0.000000000e+00 -2.000000000e-01 -2.000000000e-01 0.000000000e+00 0.000000000e+00 0.000000000e+00 6.601245734e-03 -3.000000000e+00 -3.000000000e+00 -6.601245733e-03 
d -2.000000000e-01 -2.000000000e-01 0.000000000e+00 -2.000000000e-01 -2.000000000e-01 0.000000000e+00 0.000000000e+00 0.000000000e+00 6.601247688e-03 -3.000000000e+00 -3.000000000e+00 -6.601247688e-03 
d -2.000000000e-01 -2.000000000e-01 0.000000000e+00 -2.000000000e-01 -2.000000000e-01 0.000000000e+00 0.000000000e+00 0.000000000e+00 8.358697656e-03 -3.100000000e+00 -3.100000000e+00 -8.358697656e-03 
d -2.000000000e-01 -2.000000000e-01 0.000000000e+00 -2.000000000e-01 -2.000000000e-01 0.000000000e+00 0.000000000e+00 0.000000000e+00 1.043932533e-02 -3.200000000e+00 -3.200000000e+00 -1.043932533e-02 
d -2.000000000e-01 -2.000000000e-01 0.000000000e+00 -2.000000000e-01 -2.000000000e-01 0.000000000e+00 0.000000000e+00 0.000000000e+00 1.287212575e-02 -3.300000000e+00 -3.300000000e+00 -1.287212575e-02 
d -2.000000000e-01 -2.000000000e-01 0.000000000e+00 -2.000000000e-01 -2.000000000e-01 0.000000000e+00 0.000000000e+00 0.000000000e+00 1.568430672e-02 -3.400000000e+00 -3.400000000e+00 -1.568430672e-02 
d -2.000000000e-01 -2.000000000e-01 0.000000000e+00 -2.000000000e-01 -2.000000000e-01 0.000000000e+00 0.000000000e+00 0.000000000e+00 1.890056162e-02 -3.500000000e+00 -3.500000000e+00 -1.890056162e-02 
d -2.000000000e-01 -2.000000000e-01 0.000000000e+00 -2.000000000e-01 -2.000000000e-01 0.000000000e+00 0.000000000e+00 0.000000000e+00 2.254285180e-02 -3.600000000e+00 -3.600000000e+00 -2.254285180e-02 
d -2.000000000e-01 -2.000000000e-01 0.000000000e+00 -2.000000000e-01 -2.000000000e-01 0.000000000e+00 0.000000000e+00 0.000000000e+00 2.662996706e-02 -3.700000000e+00 -3.700000000e+00 -2.662996706e-02 
d -2.000000000e-01 -2.000000000e-01 0.000000000e+00 -2.000000000e-01 -2.000000000e-01 0.000000000e+00 0.000000000e+00 0.000000000e+00 3.117639803e-02 -3.800000000e+00 -3.800000000e+00 -3.117639797e-02 
d -2.000000000e-01 -2.000000000e-01 0.000000000e+00 -2.000000000e-01 -2.000000000e-01 0.000000000e+00 0.000000000e+00 0.000000000e+00 3.619148079e-02 -3.900000000e+00 -3.900000000e+00 -3.619148079e-02 
d -2.000000000e-01 -2.000000000e-01 0.000000000e+00 -2.000000000e-01 -2.000000000e-01 0.000000000e+00 0.000000000e+00 0.000000000e+00 4.168100461e-02 -4.000000000e+00 -4.000000000e+00 -4.168100460e-02 
d -2.000000000e-01 -2.000000000e-01 0.000000000e+00 -2.000000000e-01 -2.000000000e-01 0.000000000e+00 0.000000000e+00 0.000000000e+00 4.764710842e-02 -4.100000000e+00 -4.100000000e+00 -4.764710841e-02 
d -2.000000000e-01 -2.000000000e-01 0.000000000e+00 -2.000000000e-01 -2.000000000e-01 0.000000000e+00 0.000000000e+00 0.000000000e+00 5.408979493e-02 -4.200000000e+00 -4.200000000e+00 -5.408979492e-02 
d -2.000000000e-01 -2.000000000e-01 0.000000000e+00 -2.000000000e-01 -2.000000000e-01 0.000000000e+00 0.000000000e+00 0.000000000e+00 6.100700786e-02 -4.300000000e+00 -4.300000000e+00 -6.100700785e-02 
d -2.000000000e-01 -2.000000000e-01 0.000000000e+00 -2.000000000e-01 -2.000000000e-01 0.000000000e+00 0.000000000e+00 0.000000000e+00 6.839364151e-02 -4.400000000e+00 -4.400000000e+00 -6.839364148e-02 
d -2.000000000e-01 -2.000000000e-01 0.000000000e+00 -2.000000000e-01 -2.000000000e-01 0.000000000e+00 0.000000000e+00 0.000000000e+00 7.624416609e-02 -4.500000000e+00 -4.500000000e+00 -7.624416605e-02 
d -2.000000000e-01 -2.000000000e-01 0.000000000e+00 -2.000000000e-01 -2.000000000e-01 0.000000000e+00 0.000000000e+00 0.000000000e+00 8.455225601e-02 -4.600000000e+00 -4.600000000e+00 -8.455225595e-02 
d -2.000000000e-01 -2.000000000e-01 0.000000000e+00 -2.000000000e-01 -2.000000000e-01 0.000000000e+00 0.000000000e+00 0.000000000e+00 9.330998422e-02 -4.700000000e+00 -4.700000000e+00 -9.330998411e-02 
d -2.000000000e-01 -2.000000000e-01 0.000000000e+00 -2.000000000e-01 -2.000000000e-01 0.000000000e+00 0.000000000e+00 0.000000000e+00 1.025093023e-01 -4.800000000e+00 -4.800000000e+00 -1.025093022e-01 
d -2.000000000e-01 -2.000000000e-01 0.000000000e+00 -2.000000000e-01 -2.000000000e-01 0.000000000e+00 0.000000000e+00 0.000000000e+00 1.121438472e-01 -4.900000000e+00 -4.900000000e+00 -1.121438470e-01 
d -2.000000000e-01 -2.000000000e-01 0.000000000e+00 -2.000000000e-01 -2.000000000e-01 0.000000000e+00 0.000000000e+00 0.000000000e+00 1.222041926e-01 -5.000000000e+00 -5.000000000e+00 -1.222041926e-01 
