v ATLAS
# This file was created by ATLAS version 5.32.1.R on Fri Jun  6 21:40:15 2025.
#SSF 2.0 generic
##############################################################################
#                    Copyright (c) 1984 - 2021                               #
#                    Silvaco Inc. All rights reserved                        #
#                                                                            #
# This file format and the following Key are copyright Silvaco Inc.          #
# You may not use, this format or key without reproducing this message in    #
# full and obtaining express written permission from Silvaco Inc.            #
#                                                                            #
# To obtain such permission please contact: Silvaco Inc.                     #
#                                           support@silvaco.com              #
#                                                                            #
# KEY=SVC86hn7562asdx                       PROD=345                         #
##############################################################################
y 3 700 711 15
z 0.05 0.00202502 300
f 4 "gate" "gate2" "source" "drain" 
p 12 2 601 20 3 602 21 4 603 22 5 604 23 
d -6.000000000e-01 -6.000000000e-01 0.000000000e+00 -6.000000000e-01 -6.000000000e-01 0.000000000e+00 0.000000000e+00 0.000000000e+00 -2.039701933e-22 0.000000000e+00 0.000000000e+00 7.473467878e-19 
d -6.000000000e-01 -6.000000000e-01 0.000000000e+00 -6.000000000e-01 -6.000000000e-01 0.000000000e+00 0.000000000e+00 0.000000000e+00 -4.691314445e-21 0.000000000e+00 0.000000000e+00 7.669279267e-19 
d -6.000000000e-01 -6.000000000e-01 0.000000000e+00 -6.000000000e-01 -6.000000000e-01 0.000000000e+00 0.000000000e+00 0.000000000e+00 1.517380760e-17 -2.000000000e-02 -2.000000000e-02 -1.576613903e-17 
d -6.000000000e-01 -6.000000000e-01 0.000000000e+00 -6.000000000e-01 -6.000000000e-01 0.000000000e+00 0.000000000e+00 0.000000000e+00 2.728090793e-17 -4.000000000e-02 -4.000000000e-02 -2.658800898e-17 
d -6.000000000e-01 -6.000000000e-01 0.000000000e+00 -6.000000000e-01 -6.000000000e-01 0.000000000e+00 0.000000000e+00 0.000000000e+00 3.749153358e-17 -6.000000000e-02 -6.000000000e-02 -3.869569239e-17 
d -6.000000000e-01 -6.000000000e-01 0.000000000e+00 -6.000000000e-01 -6.000000000e-01 0.000000000e+00 0.000000000e+00 0.000000000e+00 4.652213187e-17 -8.000000000e-02 -8.000000000e-02 -4.701441872e-17 
d -6.000000000e-01 -6.000000000e-01 0.000000000e+00 -6.000000000e-01 -6.000000000e-01 0.000000000e+00 0.000000000e+00 0.000000000e+00 5.475304532e-17 -1.000000000e-01 -1.000000000e-01 -5.454663285e-17 
d -6.000000000e-01 -6.000000000e-01 0.000000000e+00 -6.000000000e-01 -6.000000000e-01 0.000000000e+00 0.000000000e+00 0.000000000e+00 6.224491863e-17 -1.200000000e-01 -1.200000000e-01 -6.347236989e-17 
d -6.000000000e-01 -6.000000000e-01 0.000000000e+00 -6.000000000e-01 -6.000000000e-01 0.000000000e+00 0.000000000e+00 0.000000000e+00 6.888376268e-17 -1.400000000e-01 -1.400000000e-01 -6.989172053e-17 
d -6.000000000e-01 -6.000000000e-01 0.000000000e+00 -6.000000000e-01 -6.000000000e-01 0.000000000e+00 0.000000000e+00 0.000000000e+00 7.433630415e-17 -1.600000000e-01 -1.600000000e-01 -7.378510397e-17 
d -6.000000000e-01 -6.000000000e-01 0.000000000e+00 -6.000000000e-01 -6.000000000e-01 0.000000000e+00 0.000000000e+00 0.000000000e+00 7.844365667e-17 -1.800000000e-01 -1.800000000e-01 -7.808969118e-17 
d -6.000000000e-01 -6.000000000e-01 0.000000000e+00 -6.000000000e-01 -6.000000000e-01 0.000000000e+00 0.000000000e+00 0.000000000e+00 8.126007931e-17 -2.000000000e-01 -2.000000000e-01 -8.044595504e-17 
d -6.000000000e-01 -6.000000000e-01 0.000000000e+00 -6.000000000e-01 -6.000000000e-01 0.000000000e+00 0.000000000e+00 0.000000000e+00 8.317495251e-17 -2.200000000e-01 -2.200000000e-01 -8.416637151e-17 
d -6.000000000e-01 -6.000000000e-01 0.000000000e+00 -6.000000000e-01 -6.000000000e-01 0.000000000e+00 0.000000000e+00 0.000000000e+00 8.462885253e-17 -2.400000000e-01 -2.400000000e-01 -8.594172821e-17 
d -6.000000000e-01 -6.000000000e-01 0.000000000e+00 -6.000000000e-01 -6.000000000e-01 0.000000000e+00 0.000000000e+00 0.000000000e+00 8.603216770e-17 -2.600000000e-01 -2.600000000e-01 -8.639535804e-17 
d -6.000000000e-01 -6.000000000e-01 0.000000000e+00 -6.000000000e-01 -6.000000000e-01 0.000000000e+00 0.000000000e+00 0.000000000e+00 8.759376362e-17 -2.800000000e-01 -2.800000000e-01 -8.741031384e-17 
d -6.000000000e-01 -6.000000000e-01 0.000000000e+00 -6.000000000e-01 -6.000000000e-01 0.000000000e+00 0.000000000e+00 0.000000000e+00 8.956493164e-17 -3.000000000e-01 -3.000000000e-01 -8.885605469e-17 
d -6.000000000e-01 -6.000000000e-01 0.000000000e+00 -6.000000000e-01 -6.000000000e-01 0.000000000e+00 0.000000000e+00 0.000000000e+00 9.195342265e-17 -3.200000000e-01 -3.200000000e-01 -9.283102593e-17 
d -6.000000000e-01 -6.000000000e-01 0.000000000e+00 -6.000000000e-01 -6.000000000e-01 0.000000000e+00 0.000000000e+00 0.000000000e+00 9.462808383e-17 -3.400000000e-01 -3.400000000e-01 -9.422781393e-17 
d -6.000000000e-01 -6.000000000e-01 0.000000000e+00 -6.000000000e-01 -6.000000000e-01 0.000000000e+00 0.000000000e+00 0.000000000e+00 9.724440952e-17 -3.600000000e-01 -3.600000000e-01 -9.752723589e-17 
d -6.000000000e-01 -6.000000000e-01 0.000000000e+00 -6.000000000e-01 -6.000000000e-01 0.000000000e+00 0.000000000e+00 0.000000000e+00 9.947359979e-17 -3.800000000e-01 -3.800000000e-01 -9.905782833e-17 
d -6.000000000e-01 -6.000000000e-01 0.000000000e+00 -6.000000000e-01 -6.000000000e-01 0.000000000e+00 0.000000000e+00 0.000000000e+00 1.011938844e-16 -4.000000000e-01 -4.000000000e-01 -1.020635332e-16 
d -6.000000000e-01 -6.000000000e-01 0.000000000e+00 -6.000000000e-01 -6.000000000e-01 0.000000000e+00 0.000000000e+00 0.000000000e+00 1.024662505e-16 -4.200000000e-01 -4.200000000e-01 -1.027162379e-16 
d -6.000000000e-01 -6.000000000e-01 0.000000000e+00 -6.000000000e-01 -6.000000000e-01 0.000000000e+00 0.000000000e+00 0.000000000e+00 1.033973745e-16 -4.400000000e-01 -4.400000000e-01 -1.029936375e-16 
d -6.000000000e-01 -6.000000000e-01 0.000000000e+00 -6.000000000e-01 -6.000000000e-01 0.000000000e+00 0.000000000e+00 0.000000000e+00 1.040847540e-16 -4.600000000e-01 -4.600000000e-01 -1.041750330e-16 
d -6.000000000e-01 -6.000000000e-01 0.000000000e+00 -6.000000000e-01 -6.000000000e-01 0.000000000e+00 0.000000000e+00 0.000000000e+00 1.046279267e-16 -4.800000000e-01 -4.800000000e-01 -1.037409845e-16 
d -6.000000000e-01 -6.000000000e-01 0.000000000e+00 -6.000000000e-01 -6.000000000e-01 0.000000000e+00 0.000000000e+00 0.000000000e+00 1.050583038e-16 -5.000000000e-01 -5.000000000e-01 -1.029348944e-16 
d -6.000000000e-01 -6.000000000e-01 0.000000000e+00 -6.000000000e-01 -6.000000000e-01 0.000000000e+00 0.000000000e+00 0.000000000e+00 1.054087246e-16 -5.200000000e-01 -5.200000000e-01 -1.043512636e-16 
d -6.000000000e-01 -6.000000000e-01 0.000000000e+00 -6.000000000e-01 -6.000000000e-01 0.000000000e+00 0.000000000e+00 0.000000000e+00 1.057067251e-16 -5.400000000e-01 -5.400000000e-01 -1.047298323e-16 
d -6.000000000e-01 -6.000000000e-01 0.000000000e+00 -6.000000000e-01 -6.000000000e-01 0.000000000e+00 0.000000000e+00 0.000000000e+00 1.059667871e-16 -5.600000000e-01 -5.600000000e-01 -1.090866358e-16 
d -6.000000000e-01 -6.000000000e-01 0.000000000e+00 -6.000000000e-01 -6.000000000e-01 0.000000000e+00 0.000000000e+00 0.000000000e+00 1.061893186e-16 -5.800000000e-01 -5.800000000e-01 -1.097426040e-16 
d -6.000000000e-01 -6.000000000e-01 0.000000000e+00 -6.000000000e-01 -6.000000000e-01 0.000000000e+00 0.000000000e+00 0.000000000e+00 1.064134819e-16 -6.000000000e-01 -6.000000000e-01 -1.090181020e-16 
d -6.000000000e-01 -6.000000000e-01 0.000000000e+00 -6.000000000e-01 -6.000000000e-01 0.000000000e+00 0.000000000e+00 0.000000000e+00 1.065752303e-16 -6.200000000e-01 -6.200000000e-01 -1.103202478e-16 
d -6.000000000e-01 -6.000000000e-01 0.000000000e+00 -6.000000000e-01 -6.000000000e-01 0.000000000e+00 0.000000000e+00 0.000000000e+00 1.067461573e-16 -6.400000000e-01 -6.400000000e-01 -1.096871244e-16 
d -6.000000000e-01 -6.000000000e-01 0.000000000e+00 -6.000000000e-01 -6.000000000e-01 0.000000000e+00 0.000000000e+00 0.000000000e+00 1.069111692e-16 -6.600000000e-01 -6.600000000e-01 -1.099514699e-16 
d -6.000000000e-01 -6.000000000e-01 0.000000000e+00 -6.000000000e-01 -6.000000000e-01 0.000000000e+00 0.000000000e+00 0.000000000e+00 1.070272283e-16 -6.800000000e-01 -6.800000000e-01 -1.090637917e-16 
d -6.000000000e-01 -6.000000000e-01 0.000000000e+00 -6.000000000e-01 -6.000000000e-01 0.000000000e+00 0.000000000e+00 0.000000000e+00 1.071632764e-16 -7.000000000e-01 -7.000000000e-01 -1.088745075e-16 
d -6.000000000e-01 -6.000000000e-01 0.000000000e+00 -6.000000000e-01 -6.000000000e-01 0.000000000e+00 0.000000000e+00 0.000000000e+00 1.072836189e-16 -7.200000000e-01 -7.200000000e-01 -1.101994980e-16 
d -6.000000000e-01 -6.000000000e-01 0.000000000e+00 -6.000000000e-01 -6.000000000e-01 0.000000000e+00 0.000000000e+00 0.000000000e+00 1.074035534e-16 -7.400000000e-01 -7.400000000e-01 -1.108260945e-16 
d -6.000000000e-01 -6.000000000e-01 0.000000000e+00 -6.000000000e-01 -6.000000000e-01 0.000000000e+00 0.000000000e+00 0.000000000e+00 1.074975837e-16 -7.600000000e-01 -7.600000000e-01 -1.109729532e-16 
d -6.000000000e-01 -6.000000000e-01 0.000000000e+00 -6.000000000e-01 -6.000000000e-01 0.000000000e+00 0.000000000e+00 0.000000000e+00 1.075885544e-16 -7.800000000e-01 -7.800000000e-01 -1.093444552e-16 
d -6.000000000e-01 -6.000000000e-01 0.000000000e+00 -6.000000000e-01 -6.000000000e-01 0.000000000e+00 0.000000000e+00 0.000000000e+00 1.076964546e-16 -8.000000000e-01 -8.000000000e-01 -1.090540018e-16 
d -6.000000000e-01 -6.000000000e-01 0.000000000e+00 -6.000000000e-01 -6.000000000e-01 0.000000000e+00 0.000000000e+00 0.000000000e+00 1.077723316e-16 -8.200000000e-01 -8.200000000e-01 -1.093673001e-16 
d -6.000000000e-01 -6.000000000e-01 0.000000000e+00 -6.000000000e-01 -6.000000000e-01 0.000000000e+00 0.000000000e+00 0.000000000e+00 1.078577951e-16 -8.400000000e-01 -8.400000000e-01 -1.105323779e-16 
d -6.000000000e-01 -6.000000000e-01 0.000000000e+00 -6.000000000e-01 -6.000000000e-01 0.000000000e+00 0.000000000e+00 0.000000000e+00 1.079418308e-16 -8.600000000e-01 -8.600000000e-01 -1.109076832e-16 
d -6.000000000e-01 -6.000000000e-01 0.000000000e+00 -6.000000000e-01 -6.000000000e-01 0.000000000e+00 0.000000000e+00 0.000000000e+00 1.080097531e-16 -8.800000000e-01 -8.800000000e-01 -1.085089940e-16 
d -6.000000000e-01 -6.000000000e-01 0.000000000e+00 -6.000000000e-01 -6.000000000e-01 0.000000000e+00 0.000000000e+00 0.000000000e+00 1.080903730e-16 -9.000000000e-01 -9.000000000e-01 -1.084766144e-16 
d -6.000000000e-01 -6.000000000e-01 0.000000000e+00 -6.000000000e-01 -6.000000000e-01 0.000000000e+00 0.000000000e+00 0.000000000e+00 1.082176144e-16 -9.200000000e-01 -9.200000000e-01 -1.101701431e-16 
d -6.000000000e-01 -6.000000000e-01 0.000000000e+00 -6.000000000e-01 -6.000000000e-01 0.000000000e+00 0.000000000e+00 0.000000000e+00 1.107255551e-16 -9.400000000e-01 -9.400000000e-01 -1.107860563e-16 
d -6.000000000e-01 -6.000000000e-01 0.000000000e+00 -6.000000000e-01 -6.000000000e-01 0.000000000e+00 0.000000000e+00 0.000000000e+00 1.480795449e-16 -9.600000000e-01 -9.600000000e-01 -1.449413857e-16 
d -6.000000000e-01 -6.000000000e-01 0.000000000e+00 -6.000000000e-01 -6.000000000e-01 0.000000000e+00 0.000000000e+00 0.000000000e+00 4.761312665e-16 -9.800000000e-01 -9.800000000e-01 -4.771710287e-16 
d -6.000000000e-01 -6.000000000e-01 0.000000000e+00 -6.000000000e-01 -6.000000000e-01 0.000000000e+00 0.000000000e+00 0.000000000e+00 2.479913039e-15 -1.000000000e+00 -1.000000000e+00 -2.480432881e-15 
d -6.000000000e-01 -6.000000000e-01 0.000000000e+00 -6.000000000e-01 -6.000000000e-01 0.000000000e+00 0.000000000e+00 0.000000000e+00 1.190507467e-14 -1.020000000e+00 -1.020000000e+00 -1.190301857e-14 
d -6.000000000e-01 -6.000000000e-01 0.000000000e+00 -6.000000000e-01 -6.000000000e-01 0.000000000e+00 0.000000000e+00 0.000000000e+00 4.840480572e-14 -1.040000000e+00 -1.040000000e+00 -4.840597847e-14 
d -6.000000000e-01 -6.000000000e-01 0.000000000e+00 -6.000000000e-01 -6.000000000e-01 0.000000000e+00 0.000000000e+00 0.000000000e+00 1.693218839e-13 -1.060000000e+00 -1.060000000e+00 -1.693223030e-13 
d -6.000000000e-01 -6.000000000e-01 0.000000000e+00 -6.000000000e-01 -6.000000000e-01 0.000000000e+00 0.000000000e+00 0.000000000e+00 5.232519943e-13 -1.080000000e+00 -1.080000000e+00 -5.232518086e-13 
d -6.000000000e-01 -6.000000000e-01 0.000000000e+00 -6.000000000e-01 -6.000000000e-01 0.000000000e+00 0.000000000e+00 0.000000000e+00 1.458257929e-12 -1.100000000e+00 -1.100000000e+00 -1.458258674e-12 
d -6.000000000e-01 -6.000000000e-01 0.000000000e+00 -6.000000000e-01 -6.000000000e-01 0.000000000e+00 0.000000000e+00 0.000000000e+00 3.726174333e-12 -1.120000000e+00 -1.120000000e+00 -3.726172316e-12 
d -6.000000000e-01 -6.000000000e-01 0.000000000e+00 -6.000000000e-01 -6.000000000e-01 0.000000000e+00 0.000000000e+00 0.000000000e+00 8.833036838e-12 -1.140000000e+00 -1.140000000e+00 -8.833035826e-12 
d -6.000000000e-01 -6.000000000e-01 0.000000000e+00 -6.000000000e-01 -6.000000000e-01 0.000000000e+00 0.000000000e+00 0.000000000e+00 1.963482501e-11 -1.160000000e+00 -1.160000000e+00 -1.963482517e-11 
d -6.000000000e-01 -6.000000000e-01 0.000000000e+00 -6.000000000e-01 -6.000000000e-01 0.000000000e+00 0.000000000e+00 0.000000000e+00 4.124693725e-11 -1.180000000e+00 -1.180000000e+00 -4.124693692e-11 
d -6.000000000e-01 -6.000000000e-01 0.000000000e+00 -6.000000000e-01 -6.000000000e-01 0.000000000e+00 0.000000000e+00 0.000000000e+00 8.247596779e-11 -1.200000000e+00 -1.200000000e+00 -8.247596774e-11 
d -6.000000000e-01 -6.000000000e-01 0.000000000e+00 -6.000000000e-01 -6.000000000e-01 0.000000000e+00 0.000000000e+00 0.000000000e+00 1.577554804e-10 -1.220000000e+00 -1.220000000e+00 -1.577554803e-10 
d -6.000000000e-01 -6.000000000e-01 0.000000000e+00 -6.000000000e-01 -6.000000000e-01 0.000000000e+00 0.000000000e+00 0.000000000e+00 2.901032601e-10 -1.240000000e+00 -1.240000000e+00 -2.901032590e-10 
d -6.000000000e-01 -6.000000000e-01 0.000000000e+00 -6.000000000e-01 -6.000000000e-01 0.000000000e+00 0.000000000e+00 0.000000000e+00 5.150210120e-10 -1.260000000e+00 -1.260000000e+00 -5.150210119e-10 
d -6.000000000e-01 -6.000000000e-01 0.000000000e+00 -6.000000000e-01 -6.000000000e-01 0.000000000e+00 0.000000000e+00 0.000000000e+00 8.853190436e-10 -1.280000000e+00 -1.280000000e+00 -8.853190417e-10 
d -6.000000000e-01 -6.000000000e-01 0.000000000e+00 -6.000000000e-01 -6.000000000e-01 0.000000000e+00 0.000000000e+00 0.000000000e+00 1.478485101e-09 -1.300000000e+00 -1.300000000e+00 -1.478485102e-09 
d -6.000000000e-01 -6.000000000e-01 0.000000000e+00 -6.000000000e-01 -6.000000000e-01 0.000000000e+00 0.000000000e+00 0.000000000e+00 2.404073606e-09 -1.320000000e+00 -1.320000000e+00 -2.404073606e-09 
d -6.000000000e-01 -6.000000000e-01 0.000000000e+00 -6.000000000e-01 -6.000000000e-01 0.000000000e+00 0.000000000e+00 0.000000000e+00 3.816181452e-09 -1.340000000e+00 -1.340000000e+00 -3.816181454e-09 
d -6.000000000e-01 -6.000000000e-01 0.000000000e+00 -6.000000000e-01 -6.000000000e-01 0.000000000e+00 0.000000000e+00 0.000000000e+00 5.924703052e-09 -1.360000000e+00 -1.360000000e+00 -5.924703050e-09 
d -6.000000000e-01 -6.000000000e-01 0.000000000e+00 -6.000000000e-01 -6.000000000e-01 0.000000000e+00 0.000000000e+00 0.000000000e+00 9.010388736e-09 -1.380000000e+00 -1.380000000e+00 -9.010388737e-09 
d -6.000000000e-01 -6.000000000e-01 0.000000000e+00 -6.000000000e-01 -6.000000000e-01 0.000000000e+00 0.000000000e+00 0.000000000e+00 1.344749189e-08 -1.400000000e+00 -1.400000000e+00 -1.344749189e-08 
d -6.000000000e-01 -6.000000000e-01 0.000000000e+00 -6.000000000e-01 -6.000000000e-01 0.000000000e+00 0.000000000e+00 0.000000000e+00 1.972138809e-08 -1.420000000e+00 -1.420000000e+00 -1.972138809e-08 
d -6.000000000e-01 -6.000000000e-01 0.000000000e+00 -6.000000000e-01 -6.000000000e-01 0.000000000e+00 0.000000000e+00 0.000000000e+00 2.845480248e-08 -1.440000000e+00 -1.440000000e+00 -2.845480248e-08 
d -6.000000000e-01 -6.000000000e-01 0.000000000e+00 -6.000000000e-01 -6.000000000e-01 0.000000000e+00 0.000000000e+00 0.000000000e+00 4.044078925e-08 -1.460000000e+00 -1.460000000e+00 -4.044078925e-08 
d -6.000000000e-01 -6.000000000e-01 0.000000000e+00 -6.000000000e-01 -6.000000000e-01 0.000000000e+00 0.000000000e+00 0.000000000e+00 5.666532622e-08 -1.480000000e+00 -1.480000000e+00 -5.666532621e-08 
d -6.000000000e-01 -6.000000000e-01 0.000000000e+00 -6.000000000e-01 -6.000000000e-01 0.000000000e+00 0.000000000e+00 0.000000000e+00 7.836660887e-08 -1.500000000e+00 -1.500000000e+00 -7.836660887e-08 
d -6.000000000e-01 -6.000000000e-01 0.000000000e+00 -6.000000000e-01 -6.000000000e-01 0.000000000e+00 0.000000000e+00 0.000000000e+00 1.070428158e-07 -1.520000000e+00 -1.520000000e+00 -1.070428158e-07 
d -6.000000000e-01 -6.000000000e-01 0.000000000e+00 -6.000000000e-01 -6.000000000e-01 0.000000000e+00 0.000000000e+00 0.000000000e+00 1.445323156e-07 -1.540000000e+00 -1.540000000e+00 -1.445323156e-07 
d -6.000000000e-01 -6.000000000e-01 0.000000000e+00 -6.000000000e-01 -6.000000000e-01 0.000000000e+00 0.000000000e+00 0.000000000e+00 1.930274087e-07 -1.560000000e+00 -1.560000000e+00 -1.930274087e-07 
d -6.000000000e-01 -6.000000000e-01 0.000000000e+00 -6.000000000e-01 -6.000000000e-01 0.000000000e+00 0.000000000e+00 0.000000000e+00 2.551917439e-07 -1.580000000e+00 -1.580000000e+00 -2.551917439e-07 
d -6.000000000e-01 -6.000000000e-01 0.000000000e+00 -6.000000000e-01 -6.000000000e-01 0.000000000e+00 0.000000000e+00 0.000000000e+00 3.341231668e-07 -1.600000000e+00 -1.600000000e+00 -3.341231668e-07 
d -6.000000000e-01 -6.000000000e-01 0.000000000e+00 -6.000000000e-01 -6.000000000e-01 0.000000000e+00 0.000000000e+00 0.000000000e+00 4.335290056e-07 -1.620000000e+00 -1.620000000e+00 -4.335290056e-07 
d -6.000000000e-01 -6.000000000e-01 0.000000000e+00 -6.000000000e-01 -6.000000000e-01 0.000000000e+00 0.000000000e+00 0.000000000e+00 5.576595135e-07 -1.640000000e+00 -1.640000000e+00 -5.576595135e-07 
d -6.000000000e-01 -6.000000000e-01 0.000000000e+00 -6.000000000e-01 -6.000000000e-01 0.000000000e+00 0.000000000e+00 0.000000000e+00 7.115087558e-07 -1.660000000e+00 -1.660000000e+00 -7.115087558e-07 
d -6.000000000e-01 -6.000000000e-01 0.000000000e+00 -6.000000000e-01 -6.000000000e-01 0.000000000e+00 0.000000000e+00 0.000000000e+00 9.008674679e-07 -1.680000000e+00 -1.680000000e+00 -9.008674679e-07 
d -6.000000000e-01 -6.000000000e-01 0.000000000e+00 -6.000000000e-01 -6.000000000e-01 0.000000000e+00 0.000000000e+00 0.000000000e+00 1.132326056e-06 -1.700000000e+00 -1.700000000e+00 -1.132326056e-06 
d -6.000000000e-01 -6.000000000e-01 0.000000000e+00 -6.000000000e-01 -6.000000000e-01 0.000000000e+00 0.000000000e+00 0.000000000e+00 1.413332714e-06 -1.720000000e+00 -1.720000000e+00 -1.413332714e-06 
d -6.000000000e-01 -6.000000000e-01 0.000000000e+00 -6.000000000e-01 -6.000000000e-01 0.000000000e+00 0.000000000e+00 0.000000000e+00 1.752534157e-06 -1.740000000e+00 -1.740000000e+00 -1.752534157e-06 
d -6.000000000e-01 -6.000000000e-01 0.000000000e+00 -6.000000000e-01 -6.000000000e-01 0.000000000e+00 0.000000000e+00 0.000000000e+00 2.159565738e-06 -1.760000000e+00 -1.760000000e+00 -2.159565738e-06 
d -6.000000000e-01 -6.000000000e-01 0.000000000e+00 -6.000000000e-01 -6.000000000e-01 0.000000000e+00 0.000000000e+00 0.000000000e+00 2.645192894e-06 -1.780000000e+00 -1.780000000e+00 -2.645192894e-06 
d -6.000000000e-01 -6.000000000e-01 0.000000000e+00 -6.000000000e-01 -6.000000000e-01 0.000000000e+00 0.000000000e+00 0.000000000e+00 3.221533979e-06 -1.800000000e+00 -1.800000000e+00 -3.221533979e-06 
d -6.000000000e-01 -6.000000000e-01 0.000000000e+00 -6.000000000e-01 -6.000000000e-01 0.000000000e+00 0.000000000e+00 0.000000000e+00 3.902392968e-06 -1.820000000e+00 -1.820000000e+00 -3.902392968e-06 
d -6.000000000e-01 -6.000000000e-01 0.000000000e+00 -6.000000000e-01 -6.000000000e-01 0.000000000e+00 0.000000000e+00 0.000000000e+00 4.702565989e-06 -1.840000000e+00 -1.840000000e+00 -4.702565989e-06 
d -6.000000000e-01 -6.000000000e-01 0.000000000e+00 -6.000000000e-01 -6.000000000e-01 0.000000000e+00 0.000000000e+00 0.000000000e+00 5.638690994e-06 -1.860000000e+00 -1.860000000e+00 -5.638690994e-06 
d -6.000000000e-01 -6.000000000e-01 0.000000000e+00 -6.000000000e-01 -6.000000000e-01 0.000000000e+00 0.000000000e+00 0.000000000e+00 6.729071011e-06 -1.880000000e+00 -1.880000000e+00 -6.729071011e-06 
d -6.000000000e-01 -6.000000000e-01 0.000000000e+00 -6.000000000e-01 -6.000000000e-01 0.000000000e+00 0.000000000e+00 0.000000000e+00 7.994024321e-06 -1.900000000e+00 -1.900000000e+00 -7.994024321e-06 
d -6.000000000e-01 -6.000000000e-01 0.000000000e+00 -6.000000000e-01 -6.000000000e-01 0.000000000e+00 0.000000000e+00 0.000000000e+00 9.455123779e-06 -1.920000000e+00 -1.920000000e+00 -9.455123779e-06 
d -6.000000000e-01 -6.000000000e-01 0.000000000e+00 -6.000000000e-01 -6.000000000e-01 0.000000000e+00 0.000000000e+00 0.000000000e+00 1.113714820e-05 -1.940000000e+00 -1.940000000e+00 -1.113714820e-05 
d -6.000000000e-01 -6.000000000e-01 0.000000000e+00 -6.000000000e-01 -6.000000000e-01 0.000000000e+00 0.000000000e+00 0.000000000e+00 1.306576456e-05 -1.960000000e+00 -1.960000000e+00 -1.306576456e-05 
d -6.000000000e-01 -6.000000000e-01 0.000000000e+00 -6.000000000e-01 -6.000000000e-01 0.000000000e+00 0.000000000e+00 0.000000000e+00 1.526973172e-05 -1.980000000e+00 -1.980000000e+00 -1.526973172e-05 
d -6.000000000e-01 -6.000000000e-01 0.000000000e+00 -6.000000000e-01 -6.000000000e-01 0.000000000e+00 0.000000000e+00 0.000000000e+00 1.777927991e-05 -2.000000000e+00 -2.000000000e+00 -1.777927991e-05 
d -6.000000000e-01 -6.000000000e-01 0.000000000e+00 -6.000000000e-01 -6.000000000e-01 0.000000000e+00 0.000000000e+00 0.000000000e+00 2.062802389e-05 -2.020000000e+00 -2.020000000e+00 -2.062802389e-05 
d -6.000000000e-01 -6.000000000e-01 0.000000000e+00 -6.000000000e-01 -6.000000000e-01 0.000000000e+00 0.000000000e+00 0.000000000e+00 2.385117734e-05 -2.040000000e+00 -2.040000000e+00 -2.385117734e-05 
d -6.000000000e-01 -6.000000000e-01 0.000000000e+00 -6.000000000e-01 -6.000000000e-01 0.000000000e+00 0.000000000e+00 0.000000000e+00 2.748756386e-05 -2.060000000e+00 -2.060000000e+00 -2.748756386e-05 
d -6.000000000e-01 -6.000000000e-01 0.000000000e+00 -6.000000000e-01 -6.000000000e-01 0.000000000e+00 0.000000000e+00 0.000000000e+00 3.157937247e-05 -2.080000000e+00 -2.080000000e+00 -3.157937247e-05 
d -6.000000000e-01 -6.000000000e-01 0.000000000e+00 -6.000000000e-01 -6.000000000e-01 0.000000000e+00 0.000000000e+00 0.000000000e+00 3.616810520e-05 -2.100000000e+00 -2.100000000e+00 -3.616810520e-05 
d -6.000000000e-01 -6.000000000e-01 0.000000000e+00 -6.000000000e-01 -6.000000000e-01 0.000000000e+00 0.000000000e+00 0.000000000e+00 4.130210449e-05 -2.120000000e+00 -2.120000000e+00 -4.130210449e-05 
d -6.000000000e-01 -6.000000000e-01 0.000000000e+00 -6.000000000e-01 -6.000000000e-01 0.000000000e+00 0.000000000e+00 0.000000000e+00 4.703147311e-05 -2.140000000e+00 -2.140000000e+00 -4.703147311e-05 
d -6.000000000e-01 -6.000000000e-01 0.000000000e+00 -6.000000000e-01 -6.000000000e-01 0.000000000e+00 0.000000000e+00 0.000000000e+00 5.340930000e-05 -2.160000000e+00 -2.160000000e+00 -5.340930000e-05 
d -6.000000000e-01 -6.000000000e-01 0.000000000e+00 -6.000000000e-01 -6.000000000e-01 0.000000000e+00 0.000000000e+00 0.000000000e+00 6.049274081e-05 -2.180000000e+00 -2.180000000e+00 -6.049274081e-05 
d -6.000000000e-01 -6.000000000e-01 0.000000000e+00 -6.000000000e-01 -6.000000000e-01 0.000000000e+00 0.000000000e+00 0.000000000e+00 6.834137231e-05 -2.200000000e+00 -2.200000000e+00 -6.834137231e-05 
d -6.000000000e-01 -6.000000000e-01 0.000000000e+00 -6.000000000e-01 -6.000000000e-01 0.000000000e+00 0.000000000e+00 0.000000000e+00 7.701687667e-05 -2.220000000e+00 -2.220000000e+00 -7.701687667e-05 
d -6.000000000e-01 -6.000000000e-01 0.000000000e+00 -6.000000000e-01 -6.000000000e-01 0.000000000e+00 0.000000000e+00 0.000000000e+00 8.658708572e-05 -2.240000000e+00 -2.240000000e+00 -8.658708572e-05 
d -6.000000000e-01 -6.000000000e-01 0.000000000e+00 -6.000000000e-01 -6.000000000e-01 0.000000000e+00 0.000000000e+00 0.000000000e+00 9.712036070e-05 -2.260000000e+00 -2.260000000e+00 -9.712036070e-05 
d -6.000000000e-01 -6.000000000e-01 0.000000000e+00 -6.000000000e-01 -6.000000000e-01 0.000000000e+00 0.000000000e+00 0.000000000e+00 1.086972519e-04 -2.280000000e+00 -2.280000000e+00 -1.086972519e-04 
d -6.000000000e-01 -6.000000000e-01 0.000000000e+00 -6.000000000e-01 -6.000000000e-01 0.000000000e+00 0.000000000e+00 0.000000000e+00 1.213855362e-04 -2.300000000e+00 -2.300000000e+00 -1.213855362e-04 
d -6.000000000e-01 -6.000000000e-01 0.000000000e+00 -6.000000000e-01 -6.000000000e-01 0.000000000e+00 0.000000000e+00 0.000000000e+00 1.352720993e-04 -2.320000000e+00 -2.320000000e+00 -1.352720993e-04 
d -6.000000000e-01 -6.000000000e-01 0.000000000e+00 -6.000000000e-01 -6.000000000e-01 0.000000000e+00 0.000000000e+00 0.000000000e+00 1.504448371e-04 -2.340000000e+00 -2.340000000e+00 -1.504448371e-04 
d -6.000000000e-01 -6.000000000e-01 0.000000000e+00 -6.000000000e-01 -6.000000000e-01 0.000000000e+00 0.000000000e+00 0.000000000e+00 1.669889536e-04 -2.360000000e+00 -2.360000000e+00 -1.669889536e-04 
d -6.000000000e-01 -6.000000000e-01 0.000000000e+00 -6.000000000e-01 -6.000000000e-01 0.000000000e+00 0.000000000e+00 0.000000000e+00 1.849986654e-04 -2.380000000e+00 -2.380000000e+00 -1.849986654e-04 
d -6.000000000e-01 -6.000000000e-01 0.000000000e+00 -6.000000000e-01 -6.000000000e-01 0.000000000e+00 0.000000000e+00 0.000000000e+00 2.045732475e-04 -2.400000000e+00 -2.400000000e+00 -2.045732475e-04 
d -6.000000000e-01 -6.000000000e-01 0.000000000e+00 -6.000000000e-01 -6.000000000e-01 0.000000000e+00 0.000000000e+00 0.000000000e+00 2.258161482e-04 -2.420000000e+00 -2.420000000e+00 -2.258161482e-04 
d -6.000000000e-01 -6.000000000e-01 0.000000000e+00 -6.000000000e-01 -6.000000000e-01 0.000000000e+00 0.000000000e+00 0.000000000e+00 2.488304877e-04 -2.440000000e+00 -2.440000000e+00 -2.488304877e-04 
d -6.000000000e-01 -6.000000000e-01 0.000000000e+00 -6.000000000e-01 -6.000000000e-01 0.000000000e+00 0.000000000e+00 0.000000000e+00 2.737233982e-04 -2.460000000e+00 -2.460000000e+00 -2.737233982e-04 
d -6.000000000e-01 -6.000000000e-01 0.000000000e+00 -6.000000000e-01 -6.000000000e-01 0.000000000e+00 0.000000000e+00 0.000000000e+00 3.006224015e-04 -2.480000000e+00 -2.480000000e+00 -3.006224015e-04 
d -6.000000000e-01 -6.000000000e-01 0.000000000e+00 -6.000000000e-01 -6.000000000e-01 0.000000000e+00 0.000000000e+00 0.000000000e+00 3.296226405e-04 -2.500000000e+00 -2.500000000e+00 -3.296226405e-04 
d -6.000000000e-01 -6.000000000e-01 0.000000000e+00 -6.000000000e-01 -6.000000000e-01 0.000000000e+00 0.000000000e+00 0.000000000e+00 3.608790834e-04 -2.520000000e+00 -2.520000000e+00 -3.608790834e-04 
d -6.000000000e-01 -6.000000000e-01 0.000000000e+00 -6.000000000e-01 -6.000000000e-01 0.000000000e+00 0.000000000e+00 0.000000000e+00 3.944895046e-04 -2.540000000e+00 -2.540000000e+00 -3.944895046e-04 
d -6.000000000e-01 -6.000000000e-01 0.000000000e+00 -6.000000000e-01 -6.000000000e-01 0.000000000e+00 0.000000000e+00 0.000000000e+00 4.306161289e-04 -2.560000000e+00 -2.560000000e+00 -4.306161289e-04 
d -6.000000000e-01 -6.000000000e-01 0.000000000e+00 -6.000000000e-01 -6.000000000e-01 0.000000000e+00 0.000000000e+00 0.000000000e+00 4.693692253e-04 -2.580000000e+00 -2.580000000e+00 -4.693692253e-04 
d -6.000000000e-01 -6.000000000e-01 0.000000000e+00 -6.000000000e-01 -6.000000000e-01 0.000000000e+00 0.000000000e+00 0.000000000e+00 5.109009025e-04 -2.600000000e+00 -2.600000000e+00 -5.109009025e-04 
d -6.000000000e-01 -6.000000000e-01 0.000000000e+00 -6.000000000e-01 -6.000000000e-01 0.000000000e+00 0.000000000e+00 0.000000000e+00 5.553584418e-04 -2.620000000e+00 -2.620000000e+00 -5.553584418e-04 
d -6.000000000e-01 -6.000000000e-01 0.000000000e+00 -6.000000000e-01 -6.000000000e-01 0.000000000e+00 0.000000000e+00 0.000000000e+00 6.029128845e-04 -2.640000000e+00 -2.640000000e+00 -6.029128845e-04 
d -6.000000000e-01 -6.000000000e-01 0.000000000e+00 -6.000000000e-01 -6.000000000e-01 0.000000000e+00 0.000000000e+00 0.000000000e+00 6.536813662e-04 -2.660000000e+00 -2.660000000e+00 -6.536813661e-04 
d -6.000000000e-01 -6.000000000e-01 0.000000000e+00 -6.000000000e-01 -6.000000000e-01 0.000000000e+00 0.000000000e+00 0.000000000e+00 7.078524688e-04 -2.680000000e+00 -2.680000000e+00 -7.078524688e-04 
d -6.000000000e-01 -6.000000000e-01 0.000000000e+00 -6.000000000e-01 -6.000000000e-01 0.000000000e+00 0.000000000e+00 0.000000000e+00 7.655827497e-04 -2.700000000e+00 -2.700000000e+00 -7.655827497e-04 
d -6.000000000e-01 -6.000000000e-01 0.000000000e+00 -6.000000000e-01 -6.000000000e-01 0.000000000e+00 0.000000000e+00 0.000000000e+00 8.270492869e-04 -2.720000000e+00 -2.720000000e+00 -8.270492868e-04 
d -6.000000000e-01 -6.000000000e-01 0.000000000e+00 -6.000000000e-01 -6.000000000e-01 0.000000000e+00 0.000000000e+00 0.000000000e+00 8.924108132e-04 -2.740000000e+00 -2.740000000e+00 -8.924108132e-04 
d -6.000000000e-01 -6.000000000e-01 0.000000000e+00 -6.000000000e-01 -6.000000000e-01 0.000000000e+00 0.000000000e+00 0.000000000e+00 9.618623118e-04 -2.760000000e+00 -2.760000000e+00 -9.618623118e-04 
d -6.000000000e-01 -6.000000000e-01 0.000000000e+00 -6.000000000e-01 -6.000000000e-01 0.000000000e+00 0.000000000e+00 0.000000000e+00 1.035583835e-03 -2.780000000e+00 -2.780000000e+00 -1.035583835e-03 
d -6.000000000e-01 -6.000000000e-01 0.000000000e+00 -6.000000000e-01 -6.000000000e-01 0.000000000e+00 0.000000000e+00 0.000000000e+00 1.113765075e-03 -2.800000000e+00 -2.800000000e+00 -1.113765075e-03 
d -6.000000000e-01 -6.000000000e-01 0.000000000e+00 -6.000000000e-01 -6.000000000e-01 0.000000000e+00 0.000000000e+00 0.000000000e+00 1.196565827e-03 -2.820000000e+00 -2.820000000e+00 -1.196565827e-03 
d -6.000000000e-01 -6.000000000e-01 0.000000000e+00 -6.000000000e-01 -6.000000000e-01 0.000000000e+00 0.000000000e+00 0.000000000e+00 1.284231654e-03 -2.840000000e+00 -2.840000000e+00 -1.284231654e-03 
d -6.000000000e-01 -6.000000000e-01 0.000000000e+00 -6.000000000e-01 -6.000000000e-01 0.000000000e+00 0.000000000e+00 0.000000000e+00 1.376955168e-03 -2.860000000e+00 -2.860000000e+00 -1.376955168e-03 
d -6.000000000e-01 -6.000000000e-01 0.000000000e+00 -6.000000000e-01 -6.000000000e-01 0.000000000e+00 0.000000000e+00 0.000000000e+00 1.474930694e-03 -2.880000000e+00 -2.880000000e+00 -1.474930694e-03 
d -6.000000000e-01 -6.000000000e-01 0.000000000e+00 -6.000000000e-01 -6.000000000e-01 0.000000000e+00 0.000000000e+00 0.000000000e+00 1.578334246e-03 -2.900000000e+00 -2.900000000e+00 -1.578334246e-03 
d -6.000000000e-01 -6.000000000e-01 0.000000000e+00 -6.000000000e-01 -6.000000000e-01 0.000000000e+00 0.000000000e+00 0.000000000e+00 1.687438913e-03 -2.920000000e+00 -2.920000000e+00 -1.687438913e-03 
d -6.000000000e-01 -6.000000000e-01 0.000000000e+00 -6.000000000e-01 -6.000000000e-01 0.000000000e+00 0.000000000e+00 0.000000000e+00 1.802417998e-03 -2.940000000e+00 -2.940000000e+00 -1.802417997e-03 
d -6.000000000e-01 -6.000000000e-01 0.000000000e+00 -6.000000000e-01 -6.000000000e-01 0.000000000e+00 0.000000000e+00 0.000000000e+00 1.923484631e-03 -2.960000000e+00 -2.960000000e+00 -1.923484631e-03 
d -6.000000000e-01 -6.000000000e-01 0.000000000e+00 -6.000000000e-01 -6.000000000e-01 0.000000000e+00 0.000000000e+00 0.000000000e+00 2.050924634e-03 -2.980000000e+00 -2.980000000e+00 -2.050924634e-03 
d -6.000000000e-01 -6.000000000e-01 0.000000000e+00 -6.000000000e-01 -6.000000000e-01 0.000000000e+00 0.000000000e+00 0.000000000e+00 2.184871045e-03 -3.000000000e+00 -3.000000000e+00 -2.184871045e-03 
d -6.000000000e-01 -6.000000000e-01 0.000000000e+00 -6.000000000e-01 -6.000000000e-01 0.000000000e+00 0.000000000e+00 0.000000000e+00 2.184871267e-03 -3.000000000e+00 -3.000000000e+00 -2.184871267e-03 
d -6.000000000e-01 -6.000000000e-01 0.000000000e+00 -6.000000000e-01 -6.000000000e-01 0.000000000e+00 0.000000000e+00 0.000000000e+00 2.961175746e-03 -3.100000000e+00 -3.100000000e+00 -2.961175746e-03 
d -6.000000000e-01 -6.000000000e-01 0.000000000e+00 -6.000000000e-01 -6.000000000e-01 0.000000000e+00 0.000000000e+00 0.000000000e+00 3.936785873e-03 -3.200000000e+00 -3.200000000e+00 -3.936785575e-03 
d -6.000000000e-01 -6.000000000e-01 0.000000000e+00 -6.000000000e-01 -6.000000000e-01 0.000000000e+00 0.000000000e+00 0.000000000e+00 5.142766622e-03 -3.300000000e+00 -3.300000000e+00 -5.142766168e-03 
d -6.000000000e-01 -6.000000000e-01 0.000000000e+00 -6.000000000e-01 -6.000000000e-01 0.000000000e+00 0.000000000e+00 0.000000000e+00 6.610773251e-03 -3.400000000e+00 -3.400000000e+00 -6.610772609e-03 
d -6.000000000e-01 -6.000000000e-01 0.000000000e+00 -6.000000000e-01 -6.000000000e-01 0.000000000e+00 0.000000000e+00 0.000000000e+00 8.372283156e-03 -3.500000000e+00 -3.500000000e+00 -8.372283156e-03 
d -6.000000000e-01 -6.000000000e-01 0.000000000e+00 -6.000000000e-01 -6.000000000e-01 0.000000000e+00 0.000000000e+00 0.000000000e+00 1.045838595e-02 -3.600000000e+00 -3.600000000e+00 -1.045838595e-02 
d -6.000000000e-01 -6.000000000e-01 0.000000000e+00 -6.000000000e-01 -6.000000000e-01 0.000000000e+00 0.000000000e+00 0.000000000e+00 1.289821583e-02 -3.700000000e+00 -3.700000000e+00 -1.289821583e-02 
d -6.000000000e-01 -6.000000000e-01 0.000000000e+00 -6.000000000e-01 -6.000000000e-01 0.000000000e+00 0.000000000e+00 0.000000000e+00 1.571937990e-02 -3.800000000e+00 -3.800000000e+00 -1.571937990e-02 
d -6.000000000e-01 -6.000000000e-01 0.000000000e+00 -6.000000000e-01 -6.000000000e-01 0.000000000e+00 0.000000000e+00 0.000000000e+00 1.894703026e-02 -3.900000000e+00 -3.900000000e+00 -1.894703026e-02 
d -6.000000000e-01 -6.000000000e-01 0.000000000e+00 -6.000000000e-01 -6.000000000e-01 0.000000000e+00 0.000000000e+00 0.000000000e+00 2.260387039e-02 -4.000000000e+00 -4.000000000e+00 -2.260387038e-02 
d -6.000000000e-01 -6.000000000e-01 0.000000000e+00 -6.000000000e-01 -6.000000000e-01 0.000000000e+00 0.000000000e+00 0.000000000e+00 2.671011980e-02 -4.100000000e+00 -4.100000000e+00 -2.671011980e-02 
d -6.000000000e-01 -6.000000000e-01 0.000000000e+00 -6.000000000e-01 -6.000000000e-01 0.000000000e+00 0.000000000e+00 0.000000000e+00 3.128229617e-02 -4.200000000e+00 -4.200000000e+00 -3.128229612e-02 
d -6.000000000e-01 -6.000000000e-01 0.000000000e+00 -6.000000000e-01 -6.000000000e-01 0.000000000e+00 0.000000000e+00 0.000000000e+00 3.633516821e-02 -4.300000000e+00 -4.300000000e+00 -3.633516814e-02 
d -6.000000000e-01 -6.000000000e-01 0.000000000e+00 -6.000000000e-01 -6.000000000e-01 0.000000000e+00 0.000000000e+00 0.000000000e+00 4.188070527e-02 -4.400000000e+00 -4.400000000e+00 -4.188070516e-02 
d -6.000000000e-01 -6.000000000e-01 0.000000000e+00 -6.000000000e-01 -6.000000000e-01 0.000000000e+00 0.000000000e+00 0.000000000e+00 4.792774234e-02 -4.500000000e+00 -4.500000000e+00 -4.792774219e-02 
d -6.000000000e-01 -6.000000000e-01 0.000000000e+00 -6.000000000e-01 -6.000000000e-01 0.000000000e+00 0.000000000e+00 0.000000000e+00 5.448400593e-02 -4.600000000e+00 -4.600000000e+00 -5.448400573e-02 
d -6.000000000e-01 -6.000000000e-01 0.000000000e+00 -6.000000000e-01 -6.000000000e-01 0.000000000e+00 0.000000000e+00 0.000000000e+00 6.155250500e-02 -4.700000000e+00 -4.700000000e+00 -6.155250500e-02 
d -6.000000000e-01 -6.000000000e-01 0.000000000e+00 -6.000000000e-01 -6.000000000e-01 0.000000000e+00 0.000000000e+00 0.000000000e+00 6.913674436e-02 -4.800000000e+00 -4.800000000e+00 -6.913674435e-02 
d -6.000000000e-01 -6.000000000e-01 0.000000000e+00 -6.000000000e-01 -6.000000000e-01 0.000000000e+00 0.000000000e+00 0.000000000e+00 7.723566820e-02 -4.900000000e+00 -4.900000000e+00 -7.723566819e-02 
d -6.000000000e-01 -6.000000000e-01 0.000000000e+00 -6.000000000e-01 -6.000000000e-01 0.000000000e+00 0.000000000e+00 0.000000000e+00 8.584939011e-02 -5.000000000e+00 -5.000000000e+00 -8.584939008e-02 
