v ATLAS
# This file was created by ATLAS version 5.32.1.R on Fri Jun  6 21:53:17 2025.
#SSF 2.0 generic
##############################################################################
#                    Copyright (c) 1984 - 2021                               #
#                    Silvaco Inc. All rights reserved                        #
#                                                                            #
# This file format and the following Key are copyright Silvaco Inc.          #
# You may not use, this format or key without reproducing this message in    #
# full and obtaining express written permission from Silvaco Inc.            #
#                                                                            #
# To obtain such permission please contact: Silvaco Inc.                     #
#                                           support@silvaco.com              #
#                                                                            #
# KEY=SVC86hn7562asdx                       PROD=345                         #
##############################################################################
y 3 700 711 15
z 0.05 0.00202502 300
f 4 "gate" "gate2" "source" "drain" 
p 12 2 601 20 3 602 21 4 603 22 5 604 23 
d 4.000000000e-01 4.000000000e-01 0.000000000e+00 4.000000000e-01 4.000000000e-01 0.000000000e+00 0.000000000e+00 0.000000000e+00 -3.467493286e-21 0.000000000e+00 0.000000000e+00 4.890244459e-20 
d 4.000000000e-01 4.000000000e-01 0.000000000e+00 4.000000000e-01 4.000000000e-01 0.000000000e+00 0.000000000e+00 0.000000000e+00 5.507195219e-21 0.000000000e+00 0.000000000e+00 6.886033725e-19 
d 4.000000000e-01 4.000000000e-01 0.000000000e+00 4.000000000e-01 4.000000000e-01 0.000000000e+00 0.000000000e+00 0.000000000e+00 2.166661960e-19 -2.000000000e-02 -2.000000000e-02 5.743180388e-19 
d 4.000000000e-01 4.000000000e-01 0.000000000e+00 4.000000000e-01 4.000000000e-01 0.000000000e+00 0.000000000e+00 0.000000000e+00 4.016755811e-19 -4.000000000e-02 -4.000000000e-02 4.861742248e-19 
d 4.000000000e-01 4.000000000e-01 0.000000000e+00 4.000000000e-01 4.000000000e-01 0.000000000e+00 0.000000000e+00 0.000000000e+00 5.476132228e-19 -6.000000000e-02 -6.000000000e-02 1.598086170e-19 
d 4.000000000e-01 4.000000000e-01 0.000000000e+00 4.000000000e-01 4.000000000e-01 0.000000000e+00 0.000000000e+00 0.000000000e+00 5.400457300e-15 -8.000000000e-02 -8.000000000e-02 -5.399481617e-15 
d 4.000000000e-01 4.000000000e-01 0.000000000e+00 4.000000000e-01 4.000000000e-01 0.000000000e+00 0.000000000e+00 0.000000000e+00 7.521765216e-14 -1.000000000e-01 -1.000000000e-01 -7.521800287e-14 
d 4.000000000e-01 4.000000000e-01 0.000000000e+00 4.000000000e-01 4.000000000e-01 0.000000000e+00 0.000000000e+00 0.000000000e+00 4.166135783e-13 -1.200000000e-01 -1.200000000e-01 -4.166130646e-13 
d 4.000000000e-01 4.000000000e-01 0.000000000e+00 4.000000000e-01 4.000000000e-01 0.000000000e+00 0.000000000e+00 0.000000000e+00 1.583678642e-12 -1.400000000e-01 -1.400000000e-01 -1.583678998e-12 
d 4.000000000e-01 4.000000000e-01 0.000000000e+00 4.000000000e-01 4.000000000e-01 0.000000000e+00 0.000000000e+00 0.000000000e+00 4.833505134e-12 -1.600000000e-01 -1.600000000e-01 -4.833504497e-12 
d 4.000000000e-01 4.000000000e-01 0.000000000e+00 4.000000000e-01 4.000000000e-01 0.000000000e+00 0.000000000e+00 0.000000000e+00 1.274008700e-11 -1.800000000e-01 -1.800000000e-01 -1.274008711e-11 
d 4.000000000e-01 4.000000000e-01 0.000000000e+00 4.000000000e-01 4.000000000e-01 0.000000000e+00 0.000000000e+00 0.000000000e+00 3.018436931e-11 -2.000000000e-01 -2.000000000e-01 -3.018436865e-11 
d 4.000000000e-01 4.000000000e-01 0.000000000e+00 4.000000000e-01 4.000000000e-01 0.000000000e+00 0.000000000e+00 0.000000000e+00 6.588952226e-11 -2.200000000e-01 -2.200000000e-01 -6.588952140e-11 
d 4.000000000e-01 4.000000000e-01 0.000000000e+00 4.000000000e-01 4.000000000e-01 0.000000000e+00 0.000000000e+00 0.000000000e+00 1.346358331e-10 -2.400000000e-01 -2.400000000e-01 -1.346358331e-10 
d 4.000000000e-01 4.000000000e-01 0.000000000e+00 4.000000000e-01 4.000000000e-01 0.000000000e+00 0.000000000e+00 0.000000000e+00 2.604642034e-10 -2.600000000e-01 -2.600000000e-01 -2.604642031e-10 
d 4.000000000e-01 4.000000000e-01 0.000000000e+00 4.000000000e-01 4.000000000e-01 0.000000000e+00 0.000000000e+00 0.000000000e+00 4.809739039e-10 -2.800000000e-01 -2.800000000e-01 -4.809739054e-10 
d 4.000000000e-01 4.000000000e-01 0.000000000e+00 4.000000000e-01 4.000000000e-01 0.000000000e+00 0.000000000e+00 0.000000000e+00 8.530458893e-10 -3.000000000e-01 -3.000000000e-01 -8.530458896e-10 
d 4.000000000e-01 4.000000000e-01 0.000000000e+00 4.000000000e-01 4.000000000e-01 0.000000000e+00 0.000000000e+00 0.000000000e+00 1.460382746e-09 -3.200000000e-01 -3.200000000e-01 -1.460382745e-09 
d 4.000000000e-01 4.000000000e-01 0.000000000e+00 4.000000000e-01 4.000000000e-01 0.000000000e+00 0.000000000e+00 0.000000000e+00 2.423003878e-09 -3.400000000e-01 -3.400000000e-01 -2.423003878e-09 
d 4.000000000e-01 4.000000000e-01 0.000000000e+00 4.000000000e-01 4.000000000e-01 0.000000000e+00 0.000000000e+00 0.000000000e+00 3.908397053e-09 -3.600000000e-01 -3.600000000e-01 -3.908397054e-09 
d 4.000000000e-01 4.000000000e-01 0.000000000e+00 4.000000000e-01 4.000000000e-01 0.000000000e+00 0.000000000e+00 0.000000000e+00 6.147848806e-09 -3.800000000e-01 -3.800000000e-01 -6.147848806e-09 
d 4.000000000e-01 4.000000000e-01 0.000000000e+00 4.000000000e-01 4.000000000e-01 0.000000000e+00 0.000000000e+00 0.000000000e+00 9.450907027e-09 -4.000000000e-01 -4.000000000e-01 -9.450907026e-09 
d 4.000000000e-01 4.000000000e-01 0.000000000e+00 4.000000000e-01 4.000000000e-01 0.000000000e+00 0.000000000e+00 0.000000000e+00 1.422644649e-08 -4.200000000e-01 -4.200000000e-01 -1.422644649e-08 
d 4.000000000e-01 4.000000000e-01 0.000000000e+00 4.000000000e-01 4.000000000e-01 0.000000000e+00 0.000000000e+00 0.000000000e+00 2.101270720e-08 -4.400000000e-01 -4.400000000e-01 -2.101270720e-08 
d 4.000000000e-01 4.000000000e-01 0.000000000e+00 4.000000000e-01 4.000000000e-01 0.000000000e+00 0.000000000e+00 0.000000000e+00 3.049161739e-08 -4.600000000e-01 -4.600000000e-01 -3.049161739e-08 
d 4.000000000e-01 4.000000000e-01 0.000000000e+00 4.000000000e-01 4.000000000e-01 0.000000000e+00 0.000000000e+00 0.000000000e+00 4.353543432e-08 -4.800000000e-01 -4.800000000e-01 -4.353543432e-08 
d 4.000000000e-01 4.000000000e-01 0.000000000e+00 4.000000000e-01 4.000000000e-01 0.000000000e+00 0.000000000e+00 0.000000000e+00 6.123153646e-08 -5.000000000e-01 -5.000000000e-01 -6.123153645e-08 
d 4.000000000e-01 4.000000000e-01 0.000000000e+00 4.000000000e-01 4.000000000e-01 0.000000000e+00 0.000000000e+00 0.000000000e+00 8.492630748e-08 -5.200000000e-01 -5.200000000e-01 -8.492630748e-08 
d 4.000000000e-01 4.000000000e-01 0.000000000e+00 4.000000000e-01 4.000000000e-01 0.000000000e+00 0.000000000e+00 0.000000000e+00 1.162704145e-07 -5.400000000e-01 -5.400000000e-01 -1.162704145e-07 
d 4.000000000e-01 4.000000000e-01 0.000000000e+00 4.000000000e-01 4.000000000e-01 0.000000000e+00 0.000000000e+00 0.000000000e+00 1.572617390e-07 -5.600000000e-01 -5.600000000e-01 -1.572617390e-07 
d 4.000000000e-01 4.000000000e-01 0.000000000e+00 4.000000000e-01 4.000000000e-01 0.000000000e+00 0.000000000e+00 0.000000000e+00 2.103127586e-07 -5.800000000e-01 -5.800000000e-01 -2.103127586e-07 
d 4.000000000e-01 4.000000000e-01 0.000000000e+00 4.000000000e-01 4.000000000e-01 0.000000000e+00 0.000000000e+00 0.000000000e+00 2.782921674e-07 -6.000000000e-01 -6.000000000e-01 -2.782921674e-07 
d 4.000000000e-01 4.000000000e-01 0.000000000e+00 4.000000000e-01 4.000000000e-01 0.000000000e+00 0.000000000e+00 0.000000000e+00 3.645909057e-07 -6.200000000e-01 -6.200000000e-01 -3.645909057e-07 
d 4.000000000e-01 4.000000000e-01 0.000000000e+00 4.000000000e-01 4.000000000e-01 0.000000000e+00 0.000000000e+00 0.000000000e+00 4.731859895e-07 -6.400000000e-01 -6.400000000e-01 -4.731859895e-07 
d 4.000000000e-01 4.000000000e-01 0.000000000e+00 4.000000000e-01 4.000000000e-01 0.000000000e+00 0.000000000e+00 0.000000000e+00 6.087459482e-07 -6.600000000e-01 -6.600000000e-01 -6.087459482e-07 
d 4.000000000e-01 4.000000000e-01 0.000000000e+00 4.000000000e-01 4.000000000e-01 0.000000000e+00 0.000000000e+00 0.000000000e+00 7.765810449e-07 -6.800000000e-01 -6.800000000e-01 -7.765810449e-07 
d 4.000000000e-01 4.000000000e-01 0.000000000e+00 4.000000000e-01 4.000000000e-01 0.000000000e+00 0.000000000e+00 0.000000000e+00 9.829626039e-07 -7.000000000e-01 -7.000000000e-01 -9.829626039e-07 
d 4.000000000e-01 4.000000000e-01 0.000000000e+00 4.000000000e-01 4.000000000e-01 0.000000000e+00 0.000000000e+00 0.000000000e+00 1.234977114e-06 -7.200000000e-01 -7.200000000e-01 -1.234977114e-06 
d 4.000000000e-01 4.000000000e-01 0.000000000e+00 4.000000000e-01 4.000000000e-01 0.000000000e+00 0.000000000e+00 0.000000000e+00 1.540616990e-06 -7.400000000e-01 -7.400000000e-01 -1.540616990e-06 
d 4.000000000e-01 4.000000000e-01 0.000000000e+00 4.000000000e-01 4.000000000e-01 0.000000000e+00 0.000000000e+00 0.000000000e+00 1.909117189e-06 -7.600000000e-01 -7.600000000e-01 -1.909117189e-06 
d 4.000000000e-01 4.000000000e-01 0.000000000e+00 4.000000000e-01 4.000000000e-01 0.000000000e+00 0.000000000e+00 0.000000000e+00 2.350749870e-06 -7.800000000e-01 -7.800000000e-01 -2.350749870e-06 
d 4.000000000e-01 4.000000000e-01 0.000000000e+00 4.000000000e-01 4.000000000e-01 0.000000000e+00 0.000000000e+00 0.000000000e+00 2.876997277e-06 -8.000000000e-01 -8.000000000e-01 -2.876997277e-06 
d 4.000000000e-01 4.000000000e-01 0.000000000e+00 4.000000000e-01 4.000000000e-01 0.000000000e+00 0.000000000e+00 0.000000000e+00 3.500899965e-06 -8.200000000e-01 -8.200000000e-01 -3.500899965e-06 
d 4.000000000e-01 4.000000000e-01 0.000000000e+00 4.000000000e-01 4.000000000e-01 0.000000000e+00 0.000000000e+00 0.000000000e+00 4.236708372e-06 -8.400000000e-01 -8.400000000e-01 -4.236708372e-06 
d 4.000000000e-01 4.000000000e-01 0.000000000e+00 4.000000000e-01 4.000000000e-01 0.000000000e+00 0.000000000e+00 0.000000000e+00 5.100357249e-06 -8.600000000e-01 -8.600000000e-01 -5.100357249e-06 
d 4.000000000e-01 4.000000000e-01 0.000000000e+00 4.000000000e-01 4.000000000e-01 0.000000000e+00 0.000000000e+00 0.000000000e+00 6.109505829e-06 -8.800000000e-01 -8.800000000e-01 -6.109505829e-06 
d 4.000000000e-01 4.000000000e-01 0.000000000e+00 4.000000000e-01 4.000000000e-01 0.000000000e+00 0.000000000e+00 0.000000000e+00 7.283369524e-06 -9.000000000e-01 -9.000000000e-01 -7.283369524e-06 
d 4.000000000e-01 4.000000000e-01 0.000000000e+00 4.000000000e-01 4.000000000e-01 0.000000000e+00 0.000000000e+00 0.000000000e+00 8.643123911e-06 -9.200000000e-01 -9.200000000e-01 -8.643123911e-06 
d 4.000000000e-01 4.000000000e-01 0.000000000e+00 4.000000000e-01 4.000000000e-01 0.000000000e+00 0.000000000e+00 0.000000000e+00 1.021204275e-05 -9.400000000e-01 -9.400000000e-01 -1.021204275e-05 
d 4.000000000e-01 4.000000000e-01 0.000000000e+00 4.000000000e-01 4.000000000e-01 0.000000000e+00 0.000000000e+00 0.000000000e+00 1.201478764e-05 -9.600000000e-01 -9.600000000e-01 -1.201478764e-05 
d 4.000000000e-01 4.000000000e-01 0.000000000e+00 4.000000000e-01 4.000000000e-01 0.000000000e+00 0.000000000e+00 0.000000000e+00 1.407927905e-05 -9.800000000e-01 -9.800000000e-01 -1.407927905e-05 
d 4.000000000e-01 4.000000000e-01 0.000000000e+00 4.000000000e-01 4.000000000e-01 0.000000000e+00 0.000000000e+00 0.000000000e+00 1.643499520e-05 -1.000000000e+00 -1.000000000e+00 -1.643499520e-05 
d 4.000000000e-01 4.000000000e-01 0.000000000e+00 4.000000000e-01 4.000000000e-01 0.000000000e+00 0.000000000e+00 0.000000000e+00 1.911415789e-05 -1.020000000e+00 -1.020000000e+00 -1.911415789e-05 
d 4.000000000e-01 4.000000000e-01 0.000000000e+00 4.000000000e-01 4.000000000e-01 0.000000000e+00 0.000000000e+00 0.000000000e+00 2.215167842e-05 -1.040000000e+00 -1.040000000e+00 -2.215167842e-05 
d 4.000000000e-01 4.000000000e-01 0.000000000e+00 4.000000000e-01 4.000000000e-01 0.000000000e+00 0.000000000e+00 0.000000000e+00 2.558282024e-05 -1.060000000e+00 -1.060000000e+00 -2.558282024e-05 
d 4.000000000e-01 4.000000000e-01 0.000000000e+00 4.000000000e-01 4.000000000e-01 0.000000000e+00 0.000000000e+00 0.000000000e+00 2.944793590e-05 -1.080000000e+00 -1.080000000e+00 -2.944793590e-05 
d 4.000000000e-01 4.000000000e-01 0.000000000e+00 4.000000000e-01 4.000000000e-01 0.000000000e+00 0.000000000e+00 0.000000000e+00 3.378985734e-05 -1.100000000e+00 -1.100000000e+00 -3.378985734e-05 
d 4.000000000e-01 4.000000000e-01 0.000000000e+00 4.000000000e-01 4.000000000e-01 0.000000000e+00 0.000000000e+00 0.000000000e+00 3.865512559e-05 -1.120000000e+00 -1.120000000e+00 -3.865512559e-05 
d 4.000000000e-01 4.000000000e-01 0.000000000e+00 4.000000000e-01 4.000000000e-01 0.000000000e+00 0.000000000e+00 0.000000000e+00 4.409022004e-05 -1.140000000e+00 -1.140000000e+00 -4.409022004e-05 
d 4.000000000e-01 4.000000000e-01 0.000000000e+00 4.000000000e-01 4.000000000e-01 0.000000000e+00 0.000000000e+00 0.000000000e+00 5.014712861e-05 -1.160000000e+00 -1.160000000e+00 -5.014712861e-05 
d 4.000000000e-01 4.000000000e-01 0.000000000e+00 4.000000000e-01 4.000000000e-01 0.000000000e+00 0.000000000e+00 0.000000000e+00 5.687918343e-05 -1.180000000e+00 -1.180000000e+00 -5.687918343e-05 
d 4.000000000e-01 4.000000000e-01 0.000000000e+00 4.000000000e-01 4.000000000e-01 0.000000000e+00 0.000000000e+00 0.000000000e+00 6.434349894e-05 -1.200000000e+00 -1.200000000e+00 -6.434349894e-05 
d 4.000000000e-01 4.000000000e-01 0.000000000e+00 4.000000000e-01 4.000000000e-01 0.000000000e+00 0.000000000e+00 0.000000000e+00 7.260272344e-05 -1.220000000e+00 -1.220000000e+00 -7.260272344e-05 
d 4.000000000e-01 4.000000000e-01 0.000000000e+00 4.000000000e-01 4.000000000e-01 0.000000000e+00 0.000000000e+00 0.000000000e+00 8.171940528e-05 -1.240000000e+00 -1.240000000e+00 -8.171940528e-05 
d 4.000000000e-01 4.000000000e-01 0.000000000e+00 4.000000000e-01 4.000000000e-01 0.000000000e+00 0.000000000e+00 0.000000000e+00 9.176329082e-05 -1.260000000e+00 -1.260000000e+00 -9.176329082e-05 
d 4.000000000e-01 4.000000000e-01 0.000000000e+00 4.000000000e-01 4.000000000e-01 0.000000000e+00 0.000000000e+00 0.000000000e+00 1.027997870e-04 -1.280000000e+00 -1.280000000e+00 -1.027997870e-04 
d 4.000000000e-01 4.000000000e-01 0.000000000e+00 4.000000000e-01 4.000000000e-01 0.000000000e+00 0.000000000e+00 0.000000000e+00 1.149074140e-04 -1.300000000e+00 -1.300000000e+00 -1.149074140e-04 
d 4.000000000e-01 4.000000000e-01 0.000000000e+00 4.000000000e-01 4.000000000e-01 0.000000000e+00 0.000000000e+00 0.000000000e+00 1.281648580e-04 -1.320000000e+00 -1.320000000e+00 -1.281648580e-04 
d 4.000000000e-01 4.000000000e-01 0.000000000e+00 4.000000000e-01 4.000000000e-01 0.000000000e+00 0.000000000e+00 0.000000000e+00 1.426532167e-04 -1.340000000e+00 -1.340000000e+00 -1.426532167e-04 
d 4.000000000e-01 4.000000000e-01 0.000000000e+00 4.000000000e-01 4.000000000e-01 0.000000000e+00 0.000000000e+00 0.000000000e+00 1.584548007e-04 -1.360000000e+00 -1.360000000e+00 -1.584548007e-04 
d 4.000000000e-01 4.000000000e-01 0.000000000e+00 4.000000000e-01 4.000000000e-01 0.000000000e+00 0.000000000e+00 0.000000000e+00 1.756612402e-04 -1.380000000e+00 -1.380000000e+00 -1.756612402e-04 
d 4.000000000e-01 4.000000000e-01 0.000000000e+00 4.000000000e-01 4.000000000e-01 0.000000000e+00 0.000000000e+00 0.000000000e+00 1.943630576e-04 -1.400000000e+00 -1.400000000e+00 -1.943630576e-04 
d 4.000000000e-01 4.000000000e-01 0.000000000e+00 4.000000000e-01 4.000000000e-01 0.000000000e+00 0.000000000e+00 0.000000000e+00 2.146571051e-04 -1.420000000e+00 -1.420000000e+00 -2.146571051e-04 
d 4.000000000e-01 4.000000000e-01 0.000000000e+00 4.000000000e-01 4.000000000e-01 0.000000000e+00 0.000000000e+00 0.000000000e+00 2.366448413e-04 -1.440000000e+00 -1.440000000e+00 -2.366448413e-04 
d 4.000000000e-01 4.000000000e-01 0.000000000e+00 4.000000000e-01 4.000000000e-01 0.000000000e+00 0.000000000e+00 0.000000000e+00 2.604295492e-04 -1.460000000e+00 -1.460000000e+00 -2.604295492e-04 
d 4.000000000e-01 4.000000000e-01 0.000000000e+00 4.000000000e-01 4.000000000e-01 0.000000000e+00 0.000000000e+00 0.000000000e+00 2.861201671e-04 -1.480000000e+00 -1.480000000e+00 -2.861201671e-04 
d 4.000000000e-01 4.000000000e-01 0.000000000e+00 4.000000000e-01 4.000000000e-01 0.000000000e+00 0.000000000e+00 0.000000000e+00 3.138157498e-04 -1.500000000e+00 -1.500000000e+00 -3.138157498e-04 
d 4.000000000e-01 4.000000000e-01 0.000000000e+00 4.000000000e-01 4.000000000e-01 0.000000000e+00 0.000000000e+00 0.000000000e+00 3.436606094e-04 -1.520000000e+00 -1.520000000e+00 -3.436606094e-04 
d 4.000000000e-01 4.000000000e-01 0.000000000e+00 4.000000000e-01 4.000000000e-01 0.000000000e+00 0.000000000e+00 0.000000000e+00 3.757412974e-04 -1.540000000e+00 -1.540000000e+00 -3.757412974e-04 
d 4.000000000e-01 4.000000000e-01 0.000000000e+00 4.000000000e-01 4.000000000e-01 0.000000000e+00 0.000000000e+00 0.000000000e+00 4.102118291e-04 -1.560000000e+00 -1.560000000e+00 -4.102118291e-04 
d 4.000000000e-01 4.000000000e-01 0.000000000e+00 4.000000000e-01 4.000000000e-01 0.000000000e+00 0.000000000e+00 0.000000000e+00 4.471753687e-04 -1.580000000e+00 -1.580000000e+00 -4.471753687e-04 
d 4.000000000e-01 4.000000000e-01 0.000000000e+00 4.000000000e-01 4.000000000e-01 0.000000000e+00 0.000000000e+00 0.000000000e+00 4.867728123e-04 -1.600000000e+00 -1.600000000e+00 -4.867728122e-04 
d 4.000000000e-01 4.000000000e-01 0.000000000e+00 4.000000000e-01 4.000000000e-01 0.000000000e+00 0.000000000e+00 0.000000000e+00 5.291422369e-04 -1.620000000e+00 -1.620000000e+00 -5.291422368e-04 
d 4.000000000e-01 4.000000000e-01 0.000000000e+00 4.000000000e-01 4.000000000e-01 0.000000000e+00 0.000000000e+00 0.000000000e+00 5.744280925e-04 -1.640000000e+00 -1.640000000e+00 -5.744280924e-04 
d 4.000000000e-01 4.000000000e-01 0.000000000e+00 4.000000000e-01 4.000000000e-01 0.000000000e+00 0.000000000e+00 0.000000000e+00 6.227563839e-04 -1.660000000e+00 -1.660000000e+00 -6.227563838e-04 
d 4.000000000e-01 4.000000000e-01 0.000000000e+00 4.000000000e-01 4.000000000e-01 0.000000000e+00 0.000000000e+00 0.000000000e+00 6.742852170e-04 -1.680000000e+00 -1.680000000e+00 -6.742852169e-04 
d 4.000000000e-01 4.000000000e-01 0.000000000e+00 4.000000000e-01 4.000000000e-01 0.000000000e+00 0.000000000e+00 0.000000000e+00 7.291735978e-04 -1.700000000e+00 -1.700000000e+00 -7.291735977e-04 
d 4.000000000e-01 4.000000000e-01 0.000000000e+00 4.000000000e-01 4.000000000e-01 0.000000000e+00 0.000000000e+00 0.000000000e+00 7.875660236e-04 -1.720000000e+00 -1.720000000e+00 -7.875660235e-04 
d 4.000000000e-01 4.000000000e-01 0.000000000e+00 4.000000000e-01 4.000000000e-01 0.000000000e+00 0.000000000e+00 0.000000000e+00 8.496285903e-04 -1.740000000e+00 -1.740000000e+00 -8.496285902e-04 
d 4.000000000e-01 4.000000000e-01 0.000000000e+00 4.000000000e-01 4.000000000e-01 0.000000000e+00 0.000000000e+00 0.000000000e+00 9.155107458e-04 -1.760000000e+00 -1.760000000e+00 -9.155107457e-04 
d 4.000000000e-01 4.000000000e-01 0.000000000e+00 4.000000000e-01 4.000000000e-01 0.000000000e+00 0.000000000e+00 0.000000000e+00 9.854007994e-04 -1.780000000e+00 -1.780000000e+00 -9.854007992e-04 
d 4.000000000e-01 4.000000000e-01 0.000000000e+00 4.000000000e-01 4.000000000e-01 0.000000000e+00 0.000000000e+00 0.000000000e+00 1.059466765e-03 -1.800000000e+00 -1.800000000e+00 -1.059466765e-03 
d 4.000000000e-01 4.000000000e-01 0.000000000e+00 4.000000000e-01 4.000000000e-01 0.000000000e+00 0.000000000e+00 0.000000000e+00 1.137860897e-03 -1.820000000e+00 -1.820000000e+00 -1.137860897e-03 
d 4.000000000e-01 4.000000000e-01 0.000000000e+00 4.000000000e-01 4.000000000e-01 0.000000000e+00 0.000000000e+00 0.000000000e+00 1.220773459e-03 -1.840000000e+00 -1.840000000e+00 -1.220773459e-03 
d 4.000000000e-01 4.000000000e-01 0.000000000e+00 4.000000000e-01 4.000000000e-01 0.000000000e+00 0.000000000e+00 0.000000000e+00 1.308400487e-03 -1.860000000e+00 -1.860000000e+00 -1.308400487e-03 
d 4.000000000e-01 4.000000000e-01 0.000000000e+00 4.000000000e-01 4.000000000e-01 0.000000000e+00 0.000000000e+00 0.000000000e+00 1.400910703e-03 -1.880000000e+00 -1.880000000e+00 -1.400910703e-03 
d 4.000000000e-01 4.000000000e-01 0.000000000e+00 4.000000000e-01 4.000000000e-01 0.000000000e+00 0.000000000e+00 0.000000000e+00 1.498509068e-03 -1.900000000e+00 -1.900000000e+00 -1.498509067e-03 
d 4.000000000e-01 4.000000000e-01 0.000000000e+00 4.000000000e-01 4.000000000e-01 0.000000000e+00 0.000000000e+00 0.000000000e+00 1.601327608e-03 -1.920000000e+00 -1.920000000e+00 -1.601327607e-03 
d 4.000000000e-01 4.000000000e-01 0.000000000e+00 4.000000000e-01 4.000000000e-01 0.000000000e+00 0.000000000e+00 0.000000000e+00 1.709627484e-03 -1.940000000e+00 -1.940000000e+00 -1.709627484e-03 
d 4.000000000e-01 4.000000000e-01 0.000000000e+00 4.000000000e-01 4.000000000e-01 0.000000000e+00 0.000000000e+00 0.000000000e+00 1.823563247e-03 -1.960000000e+00 -1.960000000e+00 -1.823563246e-03 
d 4.000000000e-01 4.000000000e-01 0.000000000e+00 4.000000000e-01 4.000000000e-01 0.000000000e+00 0.000000000e+00 0.000000000e+00 1.943324912e-03 -1.980000000e+00 -1.980000000e+00 -1.943324912e-03 
d 4.000000000e-01 4.000000000e-01 0.000000000e+00 4.000000000e-01 4.000000000e-01 0.000000000e+00 0.000000000e+00 0.000000000e+00 2.069173748e-03 -2.000000000e+00 -2.000000000e+00 -2.069173748e-03 
d 4.000000000e-01 4.000000000e-01 0.000000000e+00 4.000000000e-01 4.000000000e-01 0.000000000e+00 0.000000000e+00 0.000000000e+00 2.201272563e-03 -2.020000000e+00 -2.020000000e+00 -2.201272562e-03 
d 4.000000000e-01 4.000000000e-01 0.000000000e+00 4.000000000e-01 4.000000000e-01 0.000000000e+00 0.000000000e+00 0.000000000e+00 2.339790954e-03 -2.040000000e+00 -2.040000000e+00 -2.339790954e-03 
d 4.000000000e-01 4.000000000e-01 0.000000000e+00 4.000000000e-01 4.000000000e-01 0.000000000e+00 0.000000000e+00 0.000000000e+00 2.485027270e-03 -2.060000000e+00 -2.060000000e+00 -2.485027269e-03 
d 4.000000000e-01 4.000000000e-01 0.000000000e+00 4.000000000e-01 4.000000000e-01 0.000000000e+00 0.000000000e+00 0.000000000e+00 2.637072724e-03 -2.080000000e+00 -2.080000000e+00 -2.637072724e-03 
d 4.000000000e-01 4.000000000e-01 0.000000000e+00 4.000000000e-01 4.000000000e-01 0.000000000e+00 0.000000000e+00 0.000000000e+00 2.796222609e-03 -2.100000000e+00 -2.100000000e+00 -2.796222608e-03 
d 4.000000000e-01 4.000000000e-01 0.000000000e+00 4.000000000e-01 4.000000000e-01 0.000000000e+00 0.000000000e+00 0.000000000e+00 2.962663760e-03 -2.120000000e+00 -2.120000000e+00 -2.962663759e-03 
d 4.000000000e-01 4.000000000e-01 0.000000000e+00 4.000000000e-01 4.000000000e-01 0.000000000e+00 0.000000000e+00 0.000000000e+00 3.136572774e-03 -2.140000000e+00 -2.140000000e+00 -3.136572773e-03 
d 4.000000000e-01 4.000000000e-01 0.000000000e+00 4.000000000e-01 4.000000000e-01 0.000000000e+00 0.000000000e+00 0.000000000e+00 3.318265942e-03 -2.160000000e+00 -2.160000000e+00 -3.318265941e-03 
d 4.000000000e-01 4.000000000e-01 0.000000000e+00 4.000000000e-01 4.000000000e-01 0.000000000e+00 0.000000000e+00 0.000000000e+00 3.507774931e-03 -2.180000000e+00 -2.180000000e+00 -3.507774929e-03 
d 4.000000000e-01 4.000000000e-01 0.000000000e+00 4.000000000e-01 4.000000000e-01 0.000000000e+00 0.000000000e+00 0.000000000e+00 3.705518759e-03 -2.200000000e+00 -2.200000000e+00 -3.705518757e-03 
d 4.000000000e-01 4.000000000e-01 0.000000000e+00 4.000000000e-01 4.000000000e-01 0.000000000e+00 0.000000000e+00 0.000000000e+00 3.911571200e-03 -2.220000000e+00 -2.220000000e+00 -3.911571198e-03 
d 4.000000000e-01 4.000000000e-01 0.000000000e+00 4.000000000e-01 4.000000000e-01 0.000000000e+00 0.000000000e+00 0.000000000e+00 4.126158057e-03 -2.240000000e+00 -2.240000000e+00 -4.126158056e-03 
d 4.000000000e-01 4.000000000e-01 0.000000000e+00 4.000000000e-01 4.000000000e-01 0.000000000e+00 0.000000000e+00 0.000000000e+00 4.349569161e-03 -2.260000000e+00 -2.260000000e+00 -4.349569160e-03 
d 4.000000000e-01 4.000000000e-01 0.000000000e+00 4.000000000e-01 4.000000000e-01 0.000000000e+00 0.000000000e+00 0.000000000e+00 4.581920533e-03 -2.280000000e+00 -2.280000000e+00 -4.581920532e-03 
d 4.000000000e-01 4.000000000e-01 0.000000000e+00 4.000000000e-01 4.000000000e-01 0.000000000e+00 0.000000000e+00 0.000000000e+00 4.823527317e-03 -2.300000000e+00 -2.300000000e+00 -4.823527315e-03 
d 4.000000000e-01 4.000000000e-01 0.000000000e+00 4.000000000e-01 4.000000000e-01 0.000000000e+00 0.000000000e+00 0.000000000e+00 5.074554854e-03 -2.320000000e+00 -2.320000000e+00 -5.074554852e-03 
d 4.000000000e-01 4.000000000e-01 0.000000000e+00 4.000000000e-01 4.000000000e-01 0.000000000e+00 0.000000000e+00 0.000000000e+00 5.335155902e-03 -2.340000000e+00 -2.340000000e+00 -5.335155900e-03 
d 4.000000000e-01 4.000000000e-01 0.000000000e+00 4.000000000e-01 4.000000000e-01 0.000000000e+00 0.000000000e+00 0.000000000e+00 5.605598387e-03 -2.360000000e+00 -2.360000000e+00 -5.605598385e-03 
d 4.000000000e-01 4.000000000e-01 0.000000000e+00 4.000000000e-01 4.000000000e-01 0.000000000e+00 0.000000000e+00 0.000000000e+00 5.886154566e-03 -2.380000000e+00 -2.380000000e+00 -5.886154564e-03 
d 4.000000000e-01 4.000000000e-01 0.000000000e+00 4.000000000e-01 4.000000000e-01 0.000000000e+00 0.000000000e+00 0.000000000e+00 6.176879984e-03 -2.400000000e+00 -2.400000000e+00 -6.176879982e-03 
d 4.000000000e-01 4.000000000e-01 0.000000000e+00 4.000000000e-01 4.000000000e-01 0.000000000e+00 0.000000000e+00 0.000000000e+00 6.478142941e-03 -2.420000000e+00 -2.420000000e+00 -6.478142938e-03 
d 4.000000000e-01 4.000000000e-01 0.000000000e+00 4.000000000e-01 4.000000000e-01 0.000000000e+00 0.000000000e+00 0.000000000e+00 6.790045216e-03 -2.440000000e+00 -2.440000000e+00 -6.790045213e-03 
d 4.000000000e-01 4.000000000e-01 0.000000000e+00 4.000000000e-01 4.000000000e-01 0.000000000e+00 0.000000000e+00 0.000000000e+00 7.112794492e-03 -2.460000000e+00 -2.460000000e+00 -7.112794489e-03 
d 4.000000000e-01 4.000000000e-01 0.000000000e+00 4.000000000e-01 4.000000000e-01 0.000000000e+00 0.000000000e+00 0.000000000e+00 7.446596185e-03 -2.480000000e+00 -2.480000000e+00 -7.446596182e-03 
d 4.000000000e-01 4.000000000e-01 0.000000000e+00 4.000000000e-01 4.000000000e-01 0.000000000e+00 0.000000000e+00 0.000000000e+00 7.791648720e-03 -2.500000000e+00 -2.500000000e+00 -7.791648717e-03 
d 4.000000000e-01 4.000000000e-01 0.000000000e+00 4.000000000e-01 4.000000000e-01 0.000000000e+00 0.000000000e+00 0.000000000e+00 8.148214308e-03 -2.520000000e+00 -2.520000000e+00 -8.148214304e-03 
d 4.000000000e-01 4.000000000e-01 0.000000000e+00 4.000000000e-01 4.000000000e-01 0.000000000e+00 0.000000000e+00 0.000000000e+00 8.516395657e-03 -2.540000000e+00 -2.540000000e+00 -8.516395653e-03 
d 4.000000000e-01 4.000000000e-01 0.000000000e+00 4.000000000e-01 4.000000000e-01 0.000000000e+00 0.000000000e+00 0.000000000e+00 8.896383612e-03 -2.560000000e+00 -2.560000000e+00 -8.896383608e-03 
d 4.000000000e-01 4.000000000e-01 0.000000000e+00 4.000000000e-01 4.000000000e-01 0.000000000e+00 0.000000000e+00 0.000000000e+00 9.288472181e-03 -2.580000000e+00 -2.580000000e+00 -9.288472177e-03 
d 4.000000000e-01 4.000000000e-01 0.000000000e+00 4.000000000e-01 4.000000000e-01 0.000000000e+00 0.000000000e+00 0.000000000e+00 9.692706222e-03 -2.600000000e+00 -2.600000000e+00 -9.692706218e-03 
d 4.000000000e-01 4.000000000e-01 0.000000000e+00 4.000000000e-01 4.000000000e-01 0.000000000e+00 0.000000000e+00 0.000000000e+00 1.010926746e-02 -2.620000000e+00 -2.620000000e+00 -1.010926745e-02 
d 4.000000000e-01 4.000000000e-01 0.000000000e+00 4.000000000e-01 4.000000000e-01 0.000000000e+00 0.000000000e+00 0.000000000e+00 1.053829422e-02 -2.640000000e+00 -2.640000000e+00 -1.053829422e-02 
d 4.000000000e-01 4.000000000e-01 0.000000000e+00 4.000000000e-01 4.000000000e-01 0.000000000e+00 0.000000000e+00 0.000000000e+00 1.098018039e-02 -2.660000000e+00 -2.660000000e+00 -1.098018039e-02 
d 4.000000000e-01 4.000000000e-01 0.000000000e+00 4.000000000e-01 4.000000000e-01 0.000000000e+00 0.000000000e+00 0.000000000e+00 1.143501173e-02 -2.680000000e+00 -2.680000000e+00 -1.143501173e-02 
d 4.000000000e-01 4.000000000e-01 0.000000000e+00 4.000000000e-01 4.000000000e-01 0.000000000e+00 0.000000000e+00 0.000000000e+00 1.190287568e-02 -2.700000000e+00 -2.700000000e+00 -1.190287567e-02 
d 4.000000000e-01 4.000000000e-01 0.000000000e+00 4.000000000e-01 4.000000000e-01 0.000000000e+00 0.000000000e+00 0.000000000e+00 1.238379259e-02 -2.720000000e+00 -2.720000000e+00 -1.238379258e-02 
d 4.000000000e-01 4.000000000e-01 0.000000000e+00 4.000000000e-01 4.000000000e-01 0.000000000e+00 0.000000000e+00 0.000000000e+00 1.287814896e-02 -2.740000000e+00 -2.740000000e+00 -1.287814895e-02 
d 4.000000000e-01 4.000000000e-01 0.000000000e+00 4.000000000e-01 4.000000000e-01 0.000000000e+00 0.000000000e+00 0.000000000e+00 1.338603752e-02 -2.760000000e+00 -2.760000000e+00 -1.338603752e-02 
d 4.000000000e-01 4.000000000e-01 0.000000000e+00 4.000000000e-01 4.000000000e-01 0.000000000e+00 0.000000000e+00 0.000000000e+00 1.390753512e-02 -2.780000000e+00 -2.780000000e+00 -1.390753511e-02 
d 4.000000000e-01 4.000000000e-01 0.000000000e+00 4.000000000e-01 4.000000000e-01 0.000000000e+00 0.000000000e+00 0.000000000e+00 1.444292177e-02 -2.800000000e+00 -2.800000000e+00 -1.444292177e-02 
d 4.000000000e-01 4.000000000e-01 0.000000000e+00 4.000000000e-01 4.000000000e-01 0.000000000e+00 0.000000000e+00 0.000000000e+00 1.499211114e-02 -2.820000000e+00 -2.820000000e+00 -1.499211114e-02 
d 4.000000000e-01 4.000000000e-01 0.000000000e+00 4.000000000e-01 4.000000000e-01 0.000000000e+00 0.000000000e+00 0.000000000e+00 1.555540793e-02 -2.840000000e+00 -2.840000000e+00 -1.555540793e-02 
d 4.000000000e-01 4.000000000e-01 0.000000000e+00 4.000000000e-01 4.000000000e-01 0.000000000e+00 0.000000000e+00 0.000000000e+00 1.613307109e-02 -2.860000000e+00 -2.860000000e+00 -1.613307108e-02 
d 4.000000000e-01 4.000000000e-01 0.000000000e+00 4.000000000e-01 4.000000000e-01 0.000000000e+00 0.000000000e+00 0.000000000e+00 1.672486889e-02 -2.880000000e+00 -2.880000000e+00 -1.672486888e-02 
d 4.000000000e-01 4.000000000e-01 0.000000000e+00 4.000000000e-01 4.000000000e-01 0.000000000e+00 0.000000000e+00 0.000000000e+00 1.733129461e-02 -2.900000000e+00 -2.900000000e+00 -1.733129460e-02 
d 4.000000000e-01 4.000000000e-01 0.000000000e+00 4.000000000e-01 4.000000000e-01 0.000000000e+00 0.000000000e+00 0.000000000e+00 1.795224339e-02 -2.920000000e+00 -2.920000000e+00 -1.795224338e-02 
d 4.000000000e-01 4.000000000e-01 0.000000000e+00 4.000000000e-01 4.000000000e-01 0.000000000e+00 0.000000000e+00 0.000000000e+00 1.858783304e-02 -2.940000000e+00 -2.940000000e+00 -1.858783303e-02 
d 4.000000000e-01 4.000000000e-01 0.000000000e+00 4.000000000e-01 4.000000000e-01 0.000000000e+00 0.000000000e+00 0.000000000e+00 1.923837668e-02 -2.960000000e+00 -2.960000000e+00 -1.923837667e-02 
d 4.000000000e-01 4.000000000e-01 0.000000000e+00 4.000000000e-01 4.000000000e-01 0.000000000e+00 0.000000000e+00 0.000000000e+00 1.990366773e-02 -2.980000000e+00 -2.980000000e+00 -1.990366772e-02 
d 4.000000000e-01 4.000000000e-01 0.000000000e+00 4.000000000e-01 4.000000000e-01 0.000000000e+00 0.000000000e+00 0.000000000e+00 2.058426104e-02 -3.000000000e+00 -3.000000000e+00 -2.058426103e-02 
d 4.000000000e-01 4.000000000e-01 0.000000000e+00 4.000000000e-01 4.000000000e-01 0.000000000e+00 0.000000000e+00 0.000000000e+00 2.058428492e-02 -3.000000000e+00 -3.000000000e+00 -2.058428492e-02 
d 4.000000000e-01 4.000000000e-01 0.000000000e+00 4.000000000e-01 4.000000000e-01 0.000000000e+00 0.000000000e+00 0.000000000e+00 2.421501093e-02 -3.100000000e+00 -3.100000000e+00 -2.421500752e-02 
d 4.000000000e-01 4.000000000e-01 0.000000000e+00 4.000000000e-01 4.000000000e-01 0.000000000e+00 0.000000000e+00 0.000000000e+00 2.823430523e-02 -3.200000000e+00 -3.200000000e+00 -2.823430503e-02 
d 4.000000000e-01 4.000000000e-01 0.000000000e+00 4.000000000e-01 4.000000000e-01 0.000000000e+00 0.000000000e+00 0.000000000e+00 3.265065273e-02 -3.300000000e+00 -3.300000000e+00 -3.265065272e-02 
d 4.000000000e-01 4.000000000e-01 0.000000000e+00 4.000000000e-01 4.000000000e-01 0.000000000e+00 0.000000000e+00 0.000000000e+00 3.747084117e-02 -3.400000000e+00 -3.400000000e+00 -3.747084115e-02 
d 4.000000000e-01 4.000000000e-01 0.000000000e+00 4.000000000e-01 4.000000000e-01 0.000000000e+00 0.000000000e+00 0.000000000e+00 4.269897965e-02 -3.500000000e+00 -3.500000000e+00 -4.269897962e-02 
d 4.000000000e-01 4.000000000e-01 0.000000000e+00 4.000000000e-01 4.000000000e-01 0.000000000e+00 0.000000000e+00 0.000000000e+00 4.833761820e-02 -3.600000000e+00 -3.600000000e+00 -4.833761816e-02 
d 4.000000000e-01 4.000000000e-01 0.000000000e+00 4.000000000e-01 4.000000000e-01 0.000000000e+00 0.000000000e+00 0.000000000e+00 5.438753642e-02 -3.700000000e+00 -3.700000000e+00 -5.438753636e-02 
d 4.000000000e-01 4.000000000e-01 0.000000000e+00 4.000000000e-01 4.000000000e-01 0.000000000e+00 0.000000000e+00 0.000000000e+00 6.084749077e-02 -3.800000000e+00 -3.800000000e+00 -6.084749069e-02 
d 4.000000000e-01 4.000000000e-01 0.000000000e+00 4.000000000e-01 4.000000000e-01 0.000000000e+00 0.000000000e+00 0.000000000e+00 6.771559411e-02 -3.900000000e+00 -3.900000000e+00 -6.771559400e-02 
d 4.000000000e-01 4.000000000e-01 0.000000000e+00 4.000000000e-01 4.000000000e-01 0.000000000e+00 0.000000000e+00 0.000000000e+00 7.498713292e-02 -4.000000000e+00 -4.000000000e+00 -7.498713278e-02 
d 4.000000000e-01 4.000000000e-01 0.000000000e+00 4.000000000e-01 4.000000000e-01 0.000000000e+00 0.000000000e+00 0.000000000e+00 8.266010922e-02 -4.100000000e+00 -4.100000000e+00 -8.266010901e-02 
d 4.000000000e-01 4.000000000e-01 0.000000000e+00 4.000000000e-01 4.000000000e-01 0.000000000e+00 0.000000000e+00 0.000000000e+00 9.072624165e-02 -4.200000000e+00 -4.200000000e+00 -9.072624141e-02 
d 4.000000000e-01 4.000000000e-01 0.000000000e+00 4.000000000e-01 4.000000000e-01 0.000000000e+00 0.000000000e+00 0.000000000e+00 9.918270948e-02 -4.300000000e+00 -4.300000000e+00 -9.918270943e-02 
d 4.000000000e-01 4.000000000e-01 0.000000000e+00 4.000000000e-01 4.000000000e-01 0.000000000e+00 0.000000000e+00 0.000000000e+00 1.080256259e-01 -4.400000000e+00 -4.400000000e+00 -1.080256258e-01 
d 4.000000000e-01 4.000000000e-01 0.000000000e+00 4.000000000e-01 4.000000000e-01 0.000000000e+00 0.000000000e+00 0.000000000e+00 1.172467295e-01 -4.500000000e+00 -4.500000000e+00 -1.172467294e-01 
d 4.000000000e-01 4.000000000e-01 0.000000000e+00 4.000000000e-01 4.000000000e-01 0.000000000e+00 0.000000000e+00 0.000000000e+00 1.268418362e-01 -4.600000000e+00 -4.600000000e+00 -1.268418361e-01 
d 4.000000000e-01 4.000000000e-01 0.000000000e+00 4.000000000e-01 4.000000000e-01 0.000000000e+00 0.000000000e+00 0.000000000e+00 1.368054768e-01 -4.700000000e+00 -4.700000000e+00 -1.368054767e-01 
d 4.000000000e-01 4.000000000e-01 0.000000000e+00 4.000000000e-01 4.000000000e-01 0.000000000e+00 0.000000000e+00 0.000000000e+00 1.471295759e-01 -4.800000000e+00 -4.800000000e+00 -1.471295757e-01 
d 4.000000000e-01 4.000000000e-01 0.000000000e+00 4.000000000e-01 4.000000000e-01 0.000000000e+00 0.000000000e+00 0.000000000e+00 1.578162232e-01 -4.900000000e+00 -4.900000000e+00 -1.578162232e-01 
d 4.000000000e-01 4.000000000e-01 0.000000000e+00 4.000000000e-01 4.000000000e-01 0.000000000e+00 0.000000000e+00 0.000000000e+00 1.688492814e-01 -5.000000000e+00 -5.000000000e+00 -1.688492812e-01 
