v ATLAS
# This file was created by ATLAS version 5.32.1.R on Fri Jun  6 21:50:48 2025.
#SSF 2.0 generic
##############################################################################
#                    Copyright (c) 1984 - 2021                               #
#                    Silvaco Inc. All rights reserved                        #
#                                                                            #
# This file format and the following Key are copyright Silvaco Inc.          #
# You may not use, this format or key without reproducing this message in    #
# full and obtaining express written permission from Silvaco Inc.            #
#                                                                            #
# To obtain such permission please contact: Silvaco Inc.                     #
#                                           support@silvaco.com              #
#                                                                            #
# KEY=SVC86hn7562asdx                       PROD=345                         #
##############################################################################
y 3 700 711 15
z 0.05 0.00202502 300
f 4 "gate" "gate2" "source" "drain" 
p 12 2 601 20 3 602 21 4 603 22 5 604 23 
d 2.000000000e-01 2.000000000e-01 0.000000000e+00 2.000000000e-01 2.000000000e-01 0.000000000e+00 0.000000000e+00 0.000000000e+00 -1.305409237e-20 0.000000000e+00 0.000000000e+00 7.342205857e-19 
d 2.000000000e-01 2.000000000e-01 0.000000000e+00 2.000000000e-01 2.000000000e-01 0.000000000e+00 0.000000000e+00 0.000000000e+00 4.283374059e-21 0.000000000e+00 0.000000000e+00 4.536297099e-19 
d 2.000000000e-01 2.000000000e-01 0.000000000e+00 2.000000000e-01 2.000000000e-01 0.000000000e+00 0.000000000e+00 0.000000000e+00 2.810999668e-19 -2.000000000e-02 -2.000000000e-02 4.894669396e-19 
d 2.000000000e-01 2.000000000e-01 0.000000000e+00 2.000000000e-01 2.000000000e-01 0.000000000e+00 0.000000000e+00 0.000000000e+00 4.801416821e-19 -4.000000000e-02 -4.000000000e-02 5.873441707e-19 
d 2.000000000e-01 2.000000000e-01 0.000000000e+00 2.000000000e-01 2.000000000e-01 0.000000000e+00 0.000000000e+00 0.000000000e+00 6.564355288e-19 -6.000000000e-02 -6.000000000e-02 4.884966536e-20 
d 2.000000000e-01 2.000000000e-01 0.000000000e+00 2.000000000e-01 2.000000000e-01 0.000000000e+00 0.000000000e+00 0.000000000e+00 8.087212509e-19 -8.000000000e-02 -8.000000000e-02 1.532762587e-19 
d 2.000000000e-01 2.000000000e-01 0.000000000e+00 2.000000000e-01 2.000000000e-01 0.000000000e+00 0.000000000e+00 0.000000000e+00 9.566602699e-19 -1.000000000e-01 -1.000000000e-01 -1.796089474e-19 
d 2.000000000e-01 2.000000000e-01 0.000000000e+00 2.000000000e-01 2.000000000e-01 0.000000000e+00 0.000000000e+00 0.000000000e+00 1.100024716e-18 -1.200000000e-01 -1.200000000e-01 -3.741442329e-19 
d 2.000000000e-01 2.000000000e-01 0.000000000e+00 2.000000000e-01 2.000000000e-01 0.000000000e+00 0.000000000e+00 0.000000000e+00 2.758235988e-18 -1.400000000e-01 -1.400000000e-01 -2.427229558e-18 
d 2.000000000e-01 2.000000000e-01 0.000000000e+00 2.000000000e-01 2.000000000e-01 0.000000000e+00 0.000000000e+00 0.000000000e+00 3.132595452e-17 -1.600000000e-01 -1.600000000e-01 -3.126683433e-17 
d 2.000000000e-01 2.000000000e-01 0.000000000e+00 2.000000000e-01 2.000000000e-01 0.000000000e+00 0.000000000e+00 0.000000000e+00 3.062915674e-16 -1.800000000e-01 -1.800000000e-01 -3.074803337e-16 
d 2.000000000e-01 2.000000000e-01 0.000000000e+00 2.000000000e-01 2.000000000e-01 0.000000000e+00 0.000000000e+00 0.000000000e+00 2.074310580e-15 -2.000000000e-01 -2.000000000e-01 -2.074590453e-15 
d 2.000000000e-01 2.000000000e-01 0.000000000e+00 2.000000000e-01 2.000000000e-01 0.000000000e+00 0.000000000e+00 0.000000000e+00 1.066305907e-14 -2.200000000e-01 -2.200000000e-01 -1.066381970e-14 
d 2.000000000e-01 2.000000000e-01 0.000000000e+00 2.000000000e-01 2.000000000e-01 0.000000000e+00 0.000000000e+00 0.000000000e+00 4.456177664e-14 -2.400000000e-01 -2.400000000e-01 -4.456257990e-14 
d 2.000000000e-01 2.000000000e-01 0.000000000e+00 2.000000000e-01 2.000000000e-01 0.000000000e+00 0.000000000e+00 0.000000000e+00 1.585437679e-13 -2.600000000e-01 -2.600000000e-01 -1.585437822e-13 
d 2.000000000e-01 2.000000000e-01 0.000000000e+00 2.000000000e-01 2.000000000e-01 0.000000000e+00 0.000000000e+00 0.000000000e+00 4.955725702e-13 -2.800000000e-01 -2.800000000e-01 -4.955730157e-13 
d 2.000000000e-01 2.000000000e-01 0.000000000e+00 2.000000000e-01 2.000000000e-01 0.000000000e+00 0.000000000e+00 0.000000000e+00 1.393279340e-12 -3.000000000e-01 -3.000000000e-01 -1.393279316e-12 
d 2.000000000e-01 2.000000000e-01 0.000000000e+00 2.000000000e-01 2.000000000e-01 0.000000000e+00 0.000000000e+00 0.000000000e+00 3.581707892e-12 -3.200000000e-01 -3.200000000e-01 -3.581708023e-12 
d 2.000000000e-01 2.000000000e-01 0.000000000e+00 2.000000000e-01 2.000000000e-01 0.000000000e+00 0.000000000e+00 0.000000000e+00 8.537338467e-12 -3.400000000e-01 -3.400000000e-01 -8.537338728e-12 
d 2.000000000e-01 2.000000000e-01 0.000000000e+00 2.000000000e-01 2.000000000e-01 0.000000000e+00 0.000000000e+00 0.000000000e+00 1.905557331e-11 -3.600000000e-01 -3.600000000e-01 -1.905557353e-11 
d 2.000000000e-01 2.000000000e-01 0.000000000e+00 2.000000000e-01 2.000000000e-01 0.000000000e+00 0.000000000e+00 0.000000000e+00 4.017631988e-11 -3.800000000e-01 -3.800000000e-01 -4.017632052e-11 
d 2.000000000e-01 2.000000000e-01 0.000000000e+00 2.000000000e-01 2.000000000e-01 0.000000000e+00 0.000000000e+00 0.000000000e+00 8.053679743e-11 -4.000000000e-01 -4.000000000e-01 -8.053679848e-11 
d 2.000000000e-01 2.000000000e-01 0.000000000e+00 2.000000000e-01 2.000000000e-01 0.000000000e+00 0.000000000e+00 0.000000000e+00 1.544516857e-10 -4.200000000e-01 -4.200000000e-01 -1.544516846e-10 
d 2.000000000e-01 2.000000000e-01 0.000000000e+00 2.000000000e-01 2.000000000e-01 0.000000000e+00 0.000000000e+00 0.000000000e+00 2.846001791e-10 -4.400000000e-01 -4.400000000e-01 -2.846001794e-10 
d 2.000000000e-01 2.000000000e-01 0.000000000e+00 2.000000000e-01 2.000000000e-01 0.000000000e+00 0.000000000e+00 0.000000000e+00 5.060110365e-10 -4.600000000e-01 -4.600000000e-01 -5.060110369e-10 
d 2.000000000e-01 2.000000000e-01 0.000000000e+00 2.000000000e-01 2.000000000e-01 0.000000000e+00 0.000000000e+00 0.000000000e+00 8.711696215e-10 -4.800000000e-01 -4.800000000e-01 -8.711696226e-10 
d 2.000000000e-01 2.000000000e-01 0.000000000e+00 2.000000000e-01 2.000000000e-01 0.000000000e+00 0.000000000e+00 0.000000000e+00 1.456671105e-09 -5.000000000e-01 -5.000000000e-01 -1.456671105e-09 
d 2.000000000e-01 2.000000000e-01 0.000000000e+00 2.000000000e-01 2.000000000e-01 0.000000000e+00 0.000000000e+00 0.000000000e+00 2.371693726e-09 -5.200000000e-01 -5.200000000e-01 -2.371693726e-09 
d 2.000000000e-01 2.000000000e-01 0.000000000e+00 2.000000000e-01 2.000000000e-01 0.000000000e+00 0.000000000e+00 0.000000000e+00 3.768390443e-09 -5.400000000e-01 -5.400000000e-01 -3.768390443e-09 
d 2.000000000e-01 2.000000000e-01 0.000000000e+00 2.000000000e-01 2.000000000e-01 0.000000000e+00 0.000000000e+00 0.000000000e+00 5.855034074e-09 -5.600000000e-01 -5.600000000e-01 -5.855034075e-09 
d 2.000000000e-01 2.000000000e-01 0.000000000e+00 2.000000000e-01 2.000000000e-01 0.000000000e+00 0.000000000e+00 0.000000000e+00 8.912232289e-09 -5.800000000e-01 -5.800000000e-01 -8.912232290e-09 
d 2.000000000e-01 2.000000000e-01 0.000000000e+00 2.000000000e-01 2.000000000e-01 0.000000000e+00 0.000000000e+00 0.000000000e+00 1.331027449e-08 -6.000000000e-01 -6.000000000e-01 -1.331027449e-08 
d 2.000000000e-01 2.000000000e-01 0.000000000e+00 2.000000000e-01 2.000000000e-01 0.000000000e+00 0.000000000e+00 0.000000000e+00 1.953109168e-08 -6.200000000e-01 -6.200000000e-01 -1.953109168e-08 
d 2.000000000e-01 2.000000000e-01 0.000000000e+00 2.000000000e-01 2.000000000e-01 0.000000000e+00 0.000000000e+00 0.000000000e+00 2.819722234e-08 -6.400000000e-01 -6.400000000e-01 -2.819722234e-08 
d 2.000000000e-01 2.000000000e-01 0.000000000e+00 2.000000000e-01 2.000000000e-01 0.000000000e+00 0.000000000e+00 0.000000000e+00 4.009338652e-08 -6.600000000e-01 -6.600000000e-01 -4.009338652e-08 
d 2.000000000e-01 2.000000000e-01 0.000000000e+00 2.000000000e-01 2.000000000e-01 0.000000000e+00 0.000000000e+00 0.000000000e+00 5.620940855e-08 -6.800000000e-01 -6.800000000e-01 -5.620940855e-08 
d 2.000000000e-01 2.000000000e-01 0.000000000e+00 2.000000000e-01 2.000000000e-01 0.000000000e+00 0.000000000e+00 0.000000000e+00 7.776135449e-08 -7.000000000e-01 -7.000000000e-01 -7.776135449e-08 
d 2.000000000e-01 2.000000000e-01 0.000000000e+00 2.000000000e-01 2.000000000e-01 0.000000000e+00 0.000000000e+00 0.000000000e+00 1.062570289e-07 -7.200000000e-01 -7.200000000e-01 -1.062570289e-07 
d 2.000000000e-01 2.000000000e-01 0.000000000e+00 2.000000000e-01 2.000000000e-01 0.000000000e+00 0.000000000e+00 0.000000000e+00 1.435185533e-07 -7.400000000e-01 -7.400000000e-01 -1.435185533e-07 
d 2.000000000e-01 2.000000000e-01 0.000000000e+00 2.000000000e-01 2.000000000e-01 0.000000000e+00 0.000000000e+00 0.000000000e+00 1.917484395e-07 -7.600000000e-01 -7.600000000e-01 -1.917484395e-07 
d 2.000000000e-01 2.000000000e-01 0.000000000e+00 2.000000000e-01 2.000000000e-01 0.000000000e+00 0.000000000e+00 0.000000000e+00 2.535529844e-07 -7.800000000e-01 -7.800000000e-01 -2.535529844e-07 
d 2.000000000e-01 2.000000000e-01 0.000000000e+00 2.000000000e-01 2.000000000e-01 0.000000000e+00 0.000000000e+00 0.000000000e+00 3.320745879e-07 -8.000000000e-01 -8.000000000e-01 -3.320745879e-07 
d 2.000000000e-01 2.000000000e-01 0.000000000e+00 2.000000000e-01 2.000000000e-01 0.000000000e+00 0.000000000e+00 0.000000000e+00 4.309397618e-07 -8.200000000e-01 -8.200000000e-01 -4.309397618e-07 
d 2.000000000e-01 2.000000000e-01 0.000000000e+00 2.000000000e-01 2.000000000e-01 0.000000000e+00 0.000000000e+00 0.000000000e+00 5.544850564e-07 -8.400000000e-01 -8.400000000e-01 -5.544850564e-07 
d 2.000000000e-01 2.000000000e-01 0.000000000e+00 2.000000000e-01 2.000000000e-01 0.000000000e+00 0.000000000e+00 0.000000000e+00 7.075914188e-07 -8.600000000e-01 -8.600000000e-01 -7.075914188e-07 
d 2.000000000e-01 2.000000000e-01 0.000000000e+00 2.000000000e-01 2.000000000e-01 0.000000000e+00 0.000000000e+00 0.000000000e+00 8.960427119e-07 -8.800000000e-01 -8.800000000e-01 -8.960427119e-07 
d 2.000000000e-01 2.000000000e-01 0.000000000e+00 2.000000000e-01 2.000000000e-01 0.000000000e+00 0.000000000e+00 0.000000000e+00 1.126418352e-06 -9.000000000e-01 -9.000000000e-01 -1.126418352e-06 
d 2.000000000e-01 2.000000000e-01 0.000000000e+00 2.000000000e-01 2.000000000e-01 0.000000000e+00 0.000000000e+00 0.000000000e+00 1.406226599e-06 -9.200000000e-01 -9.200000000e-01 -1.406226599e-06 
d 2.000000000e-01 2.000000000e-01 0.000000000e+00 2.000000000e-01 2.000000000e-01 0.000000000e+00 0.000000000e+00 0.000000000e+00 1.743952287e-06 -9.400000000e-01 -9.400000000e-01 -1.743952287e-06 
d 2.000000000e-01 2.000000000e-01 0.000000000e+00 2.000000000e-01 2.000000000e-01 0.000000000e+00 0.000000000e+00 0.000000000e+00 2.149168254e-06 -9.600000000e-01 -9.600000000e-01 -2.149168254e-06 
d 2.000000000e-01 2.000000000e-01 0.000000000e+00 2.000000000e-01 2.000000000e-01 0.000000000e+00 0.000000000e+00 0.000000000e+00 2.632891866e-06 -9.800000000e-01 -9.800000000e-01 -2.632891866e-06 
d 2.000000000e-01 2.000000000e-01 0.000000000e+00 2.000000000e-01 2.000000000e-01 0.000000000e+00 0.000000000e+00 0.000000000e+00 3.206973905e-06 -1.000000000e+00 -1.000000000e+00 -3.206973905e-06 
d 2.000000000e-01 2.000000000e-01 0.000000000e+00 2.000000000e-01 2.000000000e-01 0.000000000e+00 0.000000000e+00 0.000000000e+00 3.884930655e-06 -1.020000000e+00 -1.020000000e+00 -3.884930655e-06 
d 2.000000000e-01 2.000000000e-01 0.000000000e+00 2.000000000e-01 2.000000000e-01 0.000000000e+00 0.000000000e+00 0.000000000e+00 4.681869751e-06 -1.040000000e+00 -1.040000000e+00 -4.681869751e-06 
d 2.000000000e-01 2.000000000e-01 0.000000000e+00 2.000000000e-01 2.000000000e-01 0.000000000e+00 0.000000000e+00 0.000000000e+00 5.614369749e-06 -1.060000000e+00 -1.060000000e+00 -5.614369749e-06 
d 2.000000000e-01 2.000000000e-01 0.000000000e+00 2.000000000e-01 2.000000000e-01 0.000000000e+00 0.000000000e+00 0.000000000e+00 6.700498146e-06 -1.080000000e+00 -1.080000000e+00 -6.700498146e-06 
d 2.000000000e-01 2.000000000e-01 0.000000000e+00 2.000000000e-01 2.000000000e-01 0.000000000e+00 0.000000000e+00 0.000000000e+00 7.960540868e-06 -1.100000000e+00 -1.100000000e+00 -7.960540868e-06 
d 2.000000000e-01 2.000000000e-01 0.000000000e+00 2.000000000e-01 2.000000000e-01 0.000000000e+00 0.000000000e+00 0.000000000e+00 9.416701693e-06 -1.120000000e+00 -1.120000000e+00 -9.416701693e-06 
d 2.000000000e-01 2.000000000e-01 0.000000000e+00 2.000000000e-01 2.000000000e-01 0.000000000e+00 0.000000000e+00 0.000000000e+00 1.109196014e-05 -1.140000000e+00 -1.140000000e+00 -1.109196014e-05 
d 2.000000000e-01 2.000000000e-01 0.000000000e+00 2.000000000e-01 2.000000000e-01 0.000000000e+00 0.000000000e+00 0.000000000e+00 1.301352545e-05 -1.160000000e+00 -1.160000000e+00 -1.301352545e-05 
d 2.000000000e-01 2.000000000e-01 0.000000000e+00 2.000000000e-01 2.000000000e-01 0.000000000e+00 0.000000000e+00 0.000000000e+00 1.520890777e-05 -1.180000000e+00 -1.180000000e+00 -1.520890777e-05 
d 2.000000000e-01 2.000000000e-01 0.000000000e+00 2.000000000e-01 2.000000000e-01 0.000000000e+00 0.000000000e+00 0.000000000e+00 1.770860346e-05 -1.200000000e+00 -1.200000000e+00 -1.770860346e-05 
d 2.000000000e-01 2.000000000e-01 0.000000000e+00 2.000000000e-01 2.000000000e-01 0.000000000e+00 0.000000000e+00 0.000000000e+00 2.054682116e-05 -1.220000000e+00 -1.220000000e+00 -2.054682116e-05 
d 2.000000000e-01 2.000000000e-01 0.000000000e+00 2.000000000e-01 2.000000000e-01 0.000000000e+00 0.000000000e+00 0.000000000e+00 2.375809498e-05 -1.240000000e+00 -1.240000000e+00 -2.375809498e-05 
d 2.000000000e-01 2.000000000e-01 0.000000000e+00 2.000000000e-01 2.000000000e-01 0.000000000e+00 0.000000000e+00 0.000000000e+00 2.738136730e-05 -1.260000000e+00 -1.260000000e+00 -2.738136730e-05 
d 2.000000000e-01 2.000000000e-01 0.000000000e+00 2.000000000e-01 2.000000000e-01 0.000000000e+00 0.000000000e+00 0.000000000e+00 3.145583597e-05 -1.280000000e+00 -1.280000000e+00 -3.145583597e-05 
d 2.000000000e-01 2.000000000e-01 0.000000000e+00 2.000000000e-01 2.000000000e-01 0.000000000e+00 0.000000000e+00 0.000000000e+00 3.602785214e-05 -1.300000000e+00 -1.300000000e+00 -3.602785214e-05 
d 2.000000000e-01 2.000000000e-01 0.000000000e+00 2.000000000e-01 2.000000000e-01 0.000000000e+00 0.000000000e+00 0.000000000e+00 4.114299058e-05 -1.320000000e+00 -1.320000000e+00 -4.114299058e-05 
d 2.000000000e-01 2.000000000e-01 0.000000000e+00 2.000000000e-01 2.000000000e-01 0.000000000e+00 0.000000000e+00 0.000000000e+00 4.685096867e-05 -1.340000000e+00 -1.340000000e+00 -4.685096867e-05 
d 2.000000000e-01 2.000000000e-01 0.000000000e+00 2.000000000e-01 2.000000000e-01 0.000000000e+00 0.000000000e+00 0.000000000e+00 5.320442290e-05 -1.360000000e+00 -1.360000000e+00 -5.320442290e-05 
d 2.000000000e-01 2.000000000e-01 0.000000000e+00 2.000000000e-01 2.000000000e-01 0.000000000e+00 0.000000000e+00 0.000000000e+00 6.025925257e-05 -1.380000000e+00 -1.380000000e+00 -6.025925257e-05 
d 2.000000000e-01 2.000000000e-01 0.000000000e+00 2.000000000e-01 2.000000000e-01 0.000000000e+00 0.000000000e+00 0.000000000e+00 6.807449469e-05 -1.400000000e+00 -1.400000000e+00 -6.807449469e-05 
d 2.000000000e-01 2.000000000e-01 0.000000000e+00 2.000000000e-01 2.000000000e-01 0.000000000e+00 0.000000000e+00 0.000000000e+00 7.671460068e-05 -1.420000000e+00 -1.420000000e+00 -7.671460068e-05 
d 2.000000000e-01 2.000000000e-01 0.000000000e+00 2.000000000e-01 2.000000000e-01 0.000000000e+00 0.000000000e+00 0.000000000e+00 8.624436736e-05 -1.440000000e+00 -1.440000000e+00 -8.624436736e-05 
d 2.000000000e-01 2.000000000e-01 0.000000000e+00 2.000000000e-01 2.000000000e-01 0.000000000e+00 0.000000000e+00 0.000000000e+00 9.673665020e-05 -1.460000000e+00 -1.460000000e+00 -9.673665020e-05 
d 2.000000000e-01 2.000000000e-01 0.000000000e+00 2.000000000e-01 2.000000000e-01 0.000000000e+00 0.000000000e+00 0.000000000e+00 1.082579368e-04 -1.480000000e+00 -1.480000000e+00 -1.082579368e-04 
d 2.000000000e-01 2.000000000e-01 0.000000000e+00 2.000000000e-01 2.000000000e-01 0.000000000e+00 0.000000000e+00 0.000000000e+00 1.208928486e-04 -1.500000000e+00 -1.500000000e+00 -1.208928486e-04 
d 2.000000000e-01 2.000000000e-01 0.000000000e+00 2.000000000e-01 2.000000000e-01 0.000000000e+00 0.000000000e+00 0.000000000e+00 1.347217379e-04 -1.520000000e+00 -1.520000000e+00 -1.347217379e-04 
d 2.000000000e-01 2.000000000e-01 0.000000000e+00 2.000000000e-01 2.000000000e-01 0.000000000e+00 0.000000000e+00 0.000000000e+00 1.498228711e-04 -1.540000000e+00 -1.540000000e+00 -1.498228711e-04 
d 2.000000000e-01 2.000000000e-01 0.000000000e+00 2.000000000e-01 2.000000000e-01 0.000000000e+00 0.000000000e+00 0.000000000e+00 1.662897860e-04 -1.560000000e+00 -1.560000000e+00 -1.662897860e-04 
d 2.000000000e-01 2.000000000e-01 0.000000000e+00 2.000000000e-01 2.000000000e-01 0.000000000e+00 0.000000000e+00 0.000000000e+00 1.842161192e-04 -1.580000000e+00 -1.580000000e+00 -1.842161192e-04 
d 2.000000000e-01 2.000000000e-01 0.000000000e+00 2.000000000e-01 2.000000000e-01 0.000000000e+00 0.000000000e+00 0.000000000e+00 2.036997408e-04 -1.600000000e+00 -1.600000000e+00 -2.036997408e-04 
d 2.000000000e-01 2.000000000e-01 0.000000000e+00 2.000000000e-01 2.000000000e-01 0.000000000e+00 0.000000000e+00 0.000000000e+00 2.248350847e-04 -1.620000000e+00 -1.620000000e+00 -2.248350847e-04 
d 2.000000000e-01 2.000000000e-01 0.000000000e+00 2.000000000e-01 2.000000000e-01 0.000000000e+00 0.000000000e+00 0.000000000e+00 2.477282858e-04 -1.640000000e+00 -1.640000000e+00 -2.477282858e-04 
d 2.000000000e-01 2.000000000e-01 0.000000000e+00 2.000000000e-01 2.000000000e-01 0.000000000e+00 0.000000000e+00 0.000000000e+00 2.724985405e-04 -1.660000000e+00 -1.660000000e+00 -2.724985405e-04 
d 2.000000000e-01 2.000000000e-01 0.000000000e+00 2.000000000e-01 2.000000000e-01 0.000000000e+00 0.000000000e+00 0.000000000e+00 2.992370567e-04 -1.680000000e+00 -1.680000000e+00 -2.992370567e-04 
d 2.000000000e-01 2.000000000e-01 0.000000000e+00 2.000000000e-01 2.000000000e-01 0.000000000e+00 0.000000000e+00 0.000000000e+00 3.280980749e-04 -1.700000000e+00 -1.700000000e+00 -3.280980749e-04 
d 2.000000000e-01 2.000000000e-01 0.000000000e+00 2.000000000e-01 2.000000000e-01 0.000000000e+00 0.000000000e+00 0.000000000e+00 3.591598152e-04 -1.720000000e+00 -1.720000000e+00 -3.591598152e-04 
d 2.000000000e-01 2.000000000e-01 0.000000000e+00 2.000000000e-01 2.000000000e-01 0.000000000e+00 0.000000000e+00 0.000000000e+00 3.925887807e-04 -1.740000000e+00 -1.740000000e+00 -3.925887807e-04 
d 2.000000000e-01 2.000000000e-01 0.000000000e+00 2.000000000e-01 2.000000000e-01 0.000000000e+00 0.000000000e+00 0.000000000e+00 4.284830564e-04 -1.760000000e+00 -1.760000000e+00 -4.284830564e-04 
d 2.000000000e-01 2.000000000e-01 0.000000000e+00 2.000000000e-01 2.000000000e-01 0.000000000e+00 0.000000000e+00 0.000000000e+00 4.669957068e-04 -1.780000000e+00 -1.780000000e+00 -4.669957068e-04 
d 2.000000000e-01 2.000000000e-01 0.000000000e+00 2.000000000e-01 2.000000000e-01 0.000000000e+00 0.000000000e+00 0.000000000e+00 5.082704304e-04 -1.800000000e+00 -1.800000000e+00 -5.082704304e-04 
d 2.000000000e-01 2.000000000e-01 0.000000000e+00 2.000000000e-01 2.000000000e-01 0.000000000e+00 0.000000000e+00 0.000000000e+00 5.524409104e-04 -1.820000000e+00 -1.820000000e+00 -5.524409104e-04 
d 2.000000000e-01 2.000000000e-01 0.000000000e+00 2.000000000e-01 2.000000000e-01 0.000000000e+00 0.000000000e+00 0.000000000e+00 5.996419762e-04 -1.840000000e+00 -1.840000000e+00 -5.996419762e-04 
d 2.000000000e-01 2.000000000e-01 0.000000000e+00 2.000000000e-01 2.000000000e-01 0.000000000e+00 0.000000000e+00 0.000000000e+00 6.500650468e-04 -1.860000000e+00 -1.860000000e+00 -6.500650467e-04 
d 2.000000000e-01 2.000000000e-01 0.000000000e+00 2.000000000e-01 2.000000000e-01 0.000000000e+00 0.000000000e+00 0.000000000e+00 7.038332935e-04 -1.880000000e+00 -1.880000000e+00 -7.038332934e-04 
d 2.000000000e-01 2.000000000e-01 0.000000000e+00 2.000000000e-01 2.000000000e-01 0.000000000e+00 0.000000000e+00 0.000000000e+00 7.611143079e-04 -1.900000000e+00 -1.900000000e+00 -7.611143079e-04 
d 2.000000000e-01 2.000000000e-01 0.000000000e+00 2.000000000e-01 2.000000000e-01 0.000000000e+00 0.000000000e+00 0.000000000e+00 8.220874381e-04 -1.920000000e+00 -1.920000000e+00 -8.220874380e-04 
d 2.000000000e-01 2.000000000e-01 0.000000000e+00 2.000000000e-01 2.000000000e-01 0.000000000e+00 0.000000000e+00 0.000000000e+00 8.869126093e-04 -1.940000000e+00 -1.940000000e+00 -8.869126093e-04 
d 2.000000000e-01 2.000000000e-01 0.000000000e+00 2.000000000e-01 2.000000000e-01 0.000000000e+00 0.000000000e+00 0.000000000e+00 9.557642480e-04 -1.960000000e+00 -1.960000000e+00 -9.557642479e-04 
d 2.000000000e-01 2.000000000e-01 0.000000000e+00 2.000000000e-01 2.000000000e-01 0.000000000e+00 0.000000000e+00 0.000000000e+00 1.028822850e-03 -1.980000000e+00 -1.980000000e+00 -1.028822850e-03 
d 2.000000000e-01 2.000000000e-01 0.000000000e+00 2.000000000e-01 2.000000000e-01 0.000000000e+00 0.000000000e+00 0.000000000e+00 1.106261877e-03 -2.000000000e+00 -2.000000000e+00 -1.106261877e-03 
d 2.000000000e-01 2.000000000e-01 0.000000000e+00 2.000000000e-01 2.000000000e-01 0.000000000e+00 0.000000000e+00 0.000000000e+00 1.188295696e-03 -2.020000000e+00 -2.020000000e+00 -1.188295696e-03 
d 2.000000000e-01 2.000000000e-01 0.000000000e+00 2.000000000e-01 2.000000000e-01 0.000000000e+00 0.000000000e+00 0.000000000e+00 1.275074470e-03 -2.040000000e+00 -2.040000000e+00 -1.275074470e-03 
d 2.000000000e-01 2.000000000e-01 0.000000000e+00 2.000000000e-01 2.000000000e-01 0.000000000e+00 0.000000000e+00 0.000000000e+00 1.366812808e-03 -2.060000000e+00 -2.060000000e+00 -1.366812808e-03 
d 2.000000000e-01 2.000000000e-01 0.000000000e+00 2.000000000e-01 2.000000000e-01 0.000000000e+00 0.000000000e+00 0.000000000e+00 1.463686813e-03 -2.080000000e+00 -2.080000000e+00 -1.463686813e-03 
d 2.000000000e-01 2.000000000e-01 0.000000000e+00 2.000000000e-01 2.000000000e-01 0.000000000e+00 0.000000000e+00 0.000000000e+00 1.565965081e-03 -2.100000000e+00 -2.100000000e+00 -1.565965081e-03 
d 2.000000000e-01 2.000000000e-01 0.000000000e+00 2.000000000e-01 2.000000000e-01 0.000000000e+00 0.000000000e+00 0.000000000e+00 1.673761000e-03 -2.120000000e+00 -2.120000000e+00 -1.673761000e-03 
d 2.000000000e-01 2.000000000e-01 0.000000000e+00 2.000000000e-01 2.000000000e-01 0.000000000e+00 0.000000000e+00 0.000000000e+00 1.787283294e-03 -2.140000000e+00 -2.140000000e+00 -1.787283294e-03 
d 2.000000000e-01 2.000000000e-01 0.000000000e+00 2.000000000e-01 2.000000000e-01 0.000000000e+00 0.000000000e+00 0.000000000e+00 1.906839332e-03 -2.160000000e+00 -2.160000000e+00 -1.906839332e-03 
d 2.000000000e-01 2.000000000e-01 0.000000000e+00 2.000000000e-01 2.000000000e-01 0.000000000e+00 0.000000000e+00 0.000000000e+00 2.032532394e-03 -2.180000000e+00 -2.180000000e+00 -2.032532394e-03 
d 2.000000000e-01 2.000000000e-01 0.000000000e+00 2.000000000e-01 2.000000000e-01 0.000000000e+00 0.000000000e+00 0.000000000e+00 2.164625527e-03 -2.200000000e+00 -2.200000000e+00 -2.164625527e-03 
d 2.000000000e-01 2.000000000e-01 0.000000000e+00 2.000000000e-01 2.000000000e-01 0.000000000e+00 0.000000000e+00 0.000000000e+00 2.303380212e-03 -2.220000000e+00 -2.220000000e+00 -2.303380211e-03 
d 2.000000000e-01 2.000000000e-01 0.000000000e+00 2.000000000e-01 2.000000000e-01 0.000000000e+00 0.000000000e+00 0.000000000e+00 2.448925374e-03 -2.240000000e+00 -2.240000000e+00 -2.448925374e-03 
d 2.000000000e-01 2.000000000e-01 0.000000000e+00 2.000000000e-01 2.000000000e-01 0.000000000e+00 0.000000000e+00 0.000000000e+00 2.601553746e-03 -2.260000000e+00 -2.260000000e+00 -2.601553746e-03 
d 2.000000000e-01 2.000000000e-01 0.000000000e+00 2.000000000e-01 2.000000000e-01 0.000000000e+00 0.000000000e+00 0.000000000e+00 2.761384449e-03 -2.280000000e+00 -2.280000000e+00 -2.761384449e-03 
d 2.000000000e-01 2.000000000e-01 0.000000000e+00 2.000000000e-01 2.000000000e-01 0.000000000e+00 0.000000000e+00 0.000000000e+00 2.928782164e-03 -2.300000000e+00 -2.300000000e+00 -2.928782163e-03 
d 2.000000000e-01 2.000000000e-01 0.000000000e+00 2.000000000e-01 2.000000000e-01 0.000000000e+00 0.000000000e+00 0.000000000e+00 3.103838631e-03 -2.320000000e+00 -2.320000000e+00 -3.103838630e-03 
d 2.000000000e-01 2.000000000e-01 0.000000000e+00 2.000000000e-01 2.000000000e-01 0.000000000e+00 0.000000000e+00 0.000000000e+00 3.286881282e-03 -2.340000000e+00 -2.340000000e+00 -3.286881281e-03 
d 2.000000000e-01 2.000000000e-01 0.000000000e+00 2.000000000e-01 2.000000000e-01 0.000000000e+00 0.000000000e+00 0.000000000e+00 3.478083031e-03 -2.360000000e+00 -2.360000000e+00 -3.478083030e-03 
d 2.000000000e-01 2.000000000e-01 0.000000000e+00 2.000000000e-01 2.000000000e-01 0.000000000e+00 0.000000000e+00 0.000000000e+00 3.677720345e-03 -2.380000000e+00 -2.380000000e+00 -3.677720344e-03 
d 2.000000000e-01 2.000000000e-01 0.000000000e+00 2.000000000e-01 2.000000000e-01 0.000000000e+00 0.000000000e+00 0.000000000e+00 3.885902832e-03 -2.400000000e+00 -2.400000000e+00 -3.885902831e-03 
d 2.000000000e-01 2.000000000e-01 0.000000000e+00 2.000000000e-01 2.000000000e-01 0.000000000e+00 0.000000000e+00 0.000000000e+00 4.103033012e-03 -2.420000000e+00 -2.420000000e+00 -4.103033011e-03 
d 2.000000000e-01 2.000000000e-01 0.000000000e+00 2.000000000e-01 2.000000000e-01 0.000000000e+00 0.000000000e+00 0.000000000e+00 4.329204869e-03 -2.440000000e+00 -2.440000000e+00 -4.329204868e-03 
d 2.000000000e-01 2.000000000e-01 0.000000000e+00 2.000000000e-01 2.000000000e-01 0.000000000e+00 0.000000000e+00 0.000000000e+00 4.564756472e-03 -2.460000000e+00 -2.460000000e+00 -4.564756471e-03 
d 2.000000000e-01 2.000000000e-01 0.000000000e+00 2.000000000e-01 2.000000000e-01 0.000000000e+00 0.000000000e+00 0.000000000e+00 4.809770612e-03 -2.480000000e+00 -2.480000000e+00 -4.809770611e-03 
d 2.000000000e-01 2.000000000e-01 0.000000000e+00 2.000000000e-01 2.000000000e-01 0.000000000e+00 0.000000000e+00 0.000000000e+00 5.064617910e-03 -2.500000000e+00 -2.500000000e+00 -5.064617909e-03 
d 2.000000000e-01 2.000000000e-01 0.000000000e+00 2.000000000e-01 2.000000000e-01 0.000000000e+00 0.000000000e+00 0.000000000e+00 5.329431340e-03 -2.520000000e+00 -2.520000000e+00 -5.329431338e-03 
d 2.000000000e-01 2.000000000e-01 0.000000000e+00 2.000000000e-01 2.000000000e-01 0.000000000e+00 0.000000000e+00 0.000000000e+00 5.604546633e-03 -2.540000000e+00 -2.540000000e+00 -5.604546632e-03 
d 2.000000000e-01 2.000000000e-01 0.000000000e+00 2.000000000e-01 2.000000000e-01 0.000000000e+00 0.000000000e+00 0.000000000e+00 5.889981725e-03 -2.560000000e+00 -2.560000000e+00 -5.889981723e-03 
d 2.000000000e-01 2.000000000e-01 0.000000000e+00 2.000000000e-01 2.000000000e-01 0.000000000e+00 0.000000000e+00 0.000000000e+00 6.186213142e-03 -2.580000000e+00 -2.580000000e+00 -6.186213139e-03 
d 2.000000000e-01 2.000000000e-01 0.000000000e+00 2.000000000e-01 2.000000000e-01 0.000000000e+00 0.000000000e+00 0.000000000e+00 6.493263025e-03 -2.600000000e+00 -2.600000000e+00 -6.493263023e-03 
d 2.000000000e-01 2.000000000e-01 0.000000000e+00 2.000000000e-01 2.000000000e-01 0.000000000e+00 0.000000000e+00 0.000000000e+00 6.811494595e-03 -2.620000000e+00 -2.620000000e+00 -6.811494592e-03 
d 2.000000000e-01 2.000000000e-01 0.000000000e+00 2.000000000e-01 2.000000000e-01 0.000000000e+00 0.000000000e+00 0.000000000e+00 7.140979960e-03 -2.640000000e+00 -2.640000000e+00 -7.140979957e-03 
d 2.000000000e-01 2.000000000e-01 0.000000000e+00 2.000000000e-01 2.000000000e-01 0.000000000e+00 0.000000000e+00 0.000000000e+00 7.482117506e-03 -2.660000000e+00 -2.660000000e+00 -7.482117503e-03 
d 2.000000000e-01 2.000000000e-01 0.000000000e+00 2.000000000e-01 2.000000000e-01 0.000000000e+00 0.000000000e+00 0.000000000e+00 7.834834558e-03 -2.680000000e+00 -2.680000000e+00 -7.834834555e-03 
d 2.000000000e-01 2.000000000e-01 0.000000000e+00 2.000000000e-01 2.000000000e-01 0.000000000e+00 0.000000000e+00 0.000000000e+00 8.199711651e-03 -2.700000000e+00 -2.700000000e+00 -8.199711648e-03 
d 2.000000000e-01 2.000000000e-01 0.000000000e+00 2.000000000e-01 2.000000000e-01 0.000000000e+00 0.000000000e+00 0.000000000e+00 8.576687234e-03 -2.720000000e+00 -2.720000000e+00 -8.576687231e-03 
d 2.000000000e-01 2.000000000e-01 0.000000000e+00 2.000000000e-01 2.000000000e-01 0.000000000e+00 0.000000000e+00 0.000000000e+00 8.966041893e-03 -2.740000000e+00 -2.740000000e+00 -8.966041889e-03 
d 2.000000000e-01 2.000000000e-01 0.000000000e+00 2.000000000e-01 2.000000000e-01 0.000000000e+00 0.000000000e+00 0.000000000e+00 9.367948301e-03 -2.760000000e+00 -2.760000000e+00 -9.367948297e-03 
d 2.000000000e-01 2.000000000e-01 0.000000000e+00 2.000000000e-01 2.000000000e-01 0.000000000e+00 0.000000000e+00 0.000000000e+00 9.782598023e-03 -2.780000000e+00 -2.780000000e+00 -9.782598019e-03 
d 2.000000000e-01 2.000000000e-01 0.000000000e+00 2.000000000e-01 2.000000000e-01 0.000000000e+00 0.000000000e+00 0.000000000e+00 1.021025723e-02 -2.800000000e+00 -2.800000000e+00 -1.021025723e-02 
d 2.000000000e-01 2.000000000e-01 0.000000000e+00 2.000000000e-01 2.000000000e-01 0.000000000e+00 0.000000000e+00 0.000000000e+00 1.065103026e-02 -2.820000000e+00 -2.820000000e+00 -1.065103026e-02 
d 2.000000000e-01 2.000000000e-01 0.000000000e+00 2.000000000e-01 2.000000000e-01 0.000000000e+00 0.000000000e+00 0.000000000e+00 1.110516902e-02 -2.840000000e+00 -2.840000000e+00 -1.110516902e-02 
d 2.000000000e-01 2.000000000e-01 0.000000000e+00 2.000000000e-01 2.000000000e-01 0.000000000e+00 0.000000000e+00 0.000000000e+00 1.157265560e-02 -2.860000000e+00 -2.860000000e+00 -1.157265560e-02 
d 2.000000000e-01 2.000000000e-01 0.000000000e+00 2.000000000e-01 2.000000000e-01 0.000000000e+00 0.000000000e+00 0.000000000e+00 1.205402408e-02 -2.880000000e+00 -2.880000000e+00 -1.205402408e-02 
d 2.000000000e-01 2.000000000e-01 0.000000000e+00 2.000000000e-01 2.000000000e-01 0.000000000e+00 0.000000000e+00 0.000000000e+00 1.254921923e-02 -2.900000000e+00 -2.900000000e+00 -1.254921922e-02 
d 2.000000000e-01 2.000000000e-01 0.000000000e+00 2.000000000e-01 2.000000000e-01 0.000000000e+00 0.000000000e+00 0.000000000e+00 1.305834063e-02 -2.920000000e+00 -2.920000000e+00 -1.305834063e-02 
d 2.000000000e-01 2.000000000e-01 0.000000000e+00 2.000000000e-01 2.000000000e-01 0.000000000e+00 0.000000000e+00 0.000000000e+00 1.358175202e-02 -2.940000000e+00 -2.940000000e+00 -1.358175202e-02 
d 2.000000000e-01 2.000000000e-01 0.000000000e+00 2.000000000e-01 2.000000000e-01 0.000000000e+00 0.000000000e+00 0.000000000e+00 1.411945478e-02 -2.960000000e+00 -2.960000000e+00 -1.411945477e-02 
d 2.000000000e-01 2.000000000e-01 0.000000000e+00 2.000000000e-01 2.000000000e-01 0.000000000e+00 0.000000000e+00 0.000000000e+00 1.467167553e-02 -2.980000000e+00 -2.980000000e+00 -1.467167552e-02 
d 2.000000000e-01 2.000000000e-01 0.000000000e+00 2.000000000e-01 2.000000000e-01 0.000000000e+00 0.000000000e+00 0.000000000e+00 1.523848664e-02 -3.000000000e+00 -3.000000000e+00 -1.523848663e-02 
d 2.000000000e-01 2.000000000e-01 0.000000000e+00 2.000000000e-01 2.000000000e-01 0.000000000e+00 0.000000000e+00 0.000000000e+00 1.523850233e-02 -3.000000000e+00 -3.000000000e+00 -1.523850233e-02 
d 2.000000000e-01 2.000000000e-01 0.000000000e+00 2.000000000e-01 2.000000000e-01 0.000000000e+00 0.000000000e+00 0.000000000e+00 1.829721147e-02 -3.100000000e+00 -3.100000000e+00 -1.829721146e-02 
d 2.000000000e-01 2.000000000e-01 0.000000000e+00 2.000000000e-01 2.000000000e-01 0.000000000e+00 0.000000000e+00 0.000000000e+00 2.174186715e-02 -3.200000000e+00 -3.200000000e+00 -2.174186708e-02 
d 2.000000000e-01 2.000000000e-01 0.000000000e+00 2.000000000e-01 2.000000000e-01 0.000000000e+00 0.000000000e+00 0.000000000e+00 2.558598028e-02 -3.300000000e+00 -3.300000000e+00 -2.558598017e-02 
d 2.000000000e-01 2.000000000e-01 0.000000000e+00 2.000000000e-01 2.000000000e-01 0.000000000e+00 0.000000000e+00 0.000000000e+00 2.983994250e-02 -3.400000000e+00 -3.400000000e+00 -2.983994233e-02 
d 2.000000000e-01 2.000000000e-01 0.000000000e+00 2.000000000e-01 2.000000000e-01 0.000000000e+00 0.000000000e+00 0.000000000e+00 3.451217762e-02 -3.500000000e+00 -3.500000000e+00 -3.451217761e-02 
d 2.000000000e-01 2.000000000e-01 0.000000000e+00 2.000000000e-01 2.000000000e-01 0.000000000e+00 0.000000000e+00 0.000000000e+00 3.960873518e-02 -3.600000000e+00 -3.600000000e+00 -3.960873517e-02 
d 2.000000000e-01 2.000000000e-01 0.000000000e+00 2.000000000e-01 2.000000000e-01 0.000000000e+00 0.000000000e+00 0.000000000e+00 4.513288416e-02 -3.700000000e+00 -3.700000000e+00 -4.513288414e-02 
d 2.000000000e-01 2.000000000e-01 0.000000000e+00 2.000000000e-01 2.000000000e-01 0.000000000e+00 0.000000000e+00 0.000000000e+00 5.108690220e-02 -3.800000000e+00 -3.800000000e+00 -5.108690217e-02 
d 2.000000000e-01 2.000000000e-01 0.000000000e+00 2.000000000e-01 2.000000000e-01 0.000000000e+00 0.000000000e+00 0.000000000e+00 5.746928531e-02 -3.900000000e+00 -3.900000000e+00 -5.746928527e-02 
d 2.000000000e-01 2.000000000e-01 0.000000000e+00 2.000000000e-01 2.000000000e-01 0.000000000e+00 0.000000000e+00 0.000000000e+00 6.427862849e-02 -4.000000000e+00 -4.000000000e+00 -6.427862843e-02 
d 2.000000000e-01 2.000000000e-01 0.000000000e+00 2.000000000e-01 2.000000000e-01 0.000000000e+00 0.000000000e+00 0.000000000e+00 7.151119771e-02 -4.100000000e+00 -4.100000000e+00 -7.151119762e-02 
d 2.000000000e-01 2.000000000e-01 0.000000000e+00 2.000000000e-01 2.000000000e-01 0.000000000e+00 0.000000000e+00 0.000000000e+00 7.916280092e-02 -4.200000000e+00 -4.200000000e+00 -7.916280079e-02 
d 2.000000000e-01 2.000000000e-01 0.000000000e+00 2.000000000e-01 2.000000000e-01 0.000000000e+00 0.000000000e+00 0.000000000e+00 8.722813907e-02 -4.300000000e+00 -4.300000000e+00 -8.722813889e-02 
d 2.000000000e-01 2.000000000e-01 0.000000000e+00 2.000000000e-01 2.000000000e-01 0.000000000e+00 0.000000000e+00 0.000000000e+00 9.570147593e-02 -4.400000000e+00 -4.400000000e+00 -9.570147572e-02 
d 2.000000000e-01 2.000000000e-01 0.000000000e+00 2.000000000e-01 2.000000000e-01 0.000000000e+00 0.000000000e+00 0.000000000e+00 1.045755556e-01 -4.500000000e+00 -4.500000000e+00 -1.045755556e-01 
d 2.000000000e-01 2.000000000e-01 0.000000000e+00 2.000000000e-01 2.000000000e-01 0.000000000e+00 0.000000000e+00 0.000000000e+00 1.138476709e-01 -4.600000000e+00 -4.600000000e+00 -1.138476709e-01 
d 2.000000000e-01 2.000000000e-01 0.000000000e+00 2.000000000e-01 2.000000000e-01 0.000000000e+00 0.000000000e+00 0.000000000e+00 1.235087461e-01 -4.700000000e+00 -4.700000000e+00 -1.235087460e-01 
d 2.000000000e-01 2.000000000e-01 0.000000000e+00 2.000000000e-01 2.000000000e-01 0.000000000e+00 0.000000000e+00 0.000000000e+00 1.335537995e-01 -4.800000000e+00 -4.800000000e+00 -1.335537994e-01 
d 2.000000000e-01 2.000000000e-01 0.000000000e+00 2.000000000e-01 2.000000000e-01 0.000000000e+00 0.000000000e+00 0.000000000e+00 1.439752999e-01 -4.900000000e+00 -4.900000000e+00 -1.439752997e-01 
d 2.000000000e-01 2.000000000e-01 0.000000000e+00 2.000000000e-01 2.000000000e-01 0.000000000e+00 0.000000000e+00 0.000000000e+00 1.547679483e-01 -5.000000000e+00 -5.000000000e+00 -1.547679481e-01 
